[35m[1mConsolidate compiler generated dependencies of target LightSensor[0m
[100%] Built target LightSensor
-- Install configuration: ""
-- Up-to-date: /home/paolo/light_sensor_plugin/install/share/light_sensor/environment/resource_paths.dsv
-- Up-to-date: /home/paolo/light_sensor_plugin/install/share/light_sensor/environment/resource_paths.sh
-- Up-to-date: /home/paolo/light_sensor_plugin/install/lib/libLightSensor.so
-- Up-to-date: /home/paolo/light_sensor_plugin/install/share/light_sensor/model
-- Up-to-date: /home/paolo/light_sensor_plugin/install/share/light_sensor/model/model.sdf
-- Up-to-date: /home/paolo/light_sensor_plugin/install/share/ament_index/resource_index/package_run_dependencies/light_sensor
-- Up-to-date: /home/paolo/light_sensor_plugin/install/share/ament_index/resource_index/parent_prefix_path/light_sensor
-- Up-to-date: /home/paolo/light_sensor_plugin/install/share/light_sensor/environment/ament_prefix_path.sh
-- Up-to-date: /home/paolo/light_sensor_plugin/install/share/light_sensor/environment/ament_prefix_path.dsv
-- Up-to-date: /home/paolo/light_sensor_plugin/install/share/light_sensor/environment/path.sh
-- Up-to-date: /home/paolo/light_sensor_plugin/install/share/light_sensor/environment/path.dsv
-- Up-to-date: /home/paolo/light_sensor_plugin/install/share/light_sensor/local_setup.bash
-- Up-to-date: /home/paolo/light_sensor_plugin/install/share/light_sensor/local_setup.sh
-- Up-to-date: /home/paolo/light_sensor_plugin/install/share/light_sensor/local_setup.zsh
-- Up-to-date: /home/paolo/light_sensor_plugin/install/share/light_sensor/local_setup.dsv
-- Installing: /home/paolo/light_sensor_plugin/install/share/light_sensor/package.dsv
-- Up-to-date: /home/paolo/light_sensor_plugin/install/share/ament_index/resource_index/packages/light_sensor
-- Up-to-date: /home/paolo/light_sensor_plugin/install/share/light_sensor/cmake/light_sensorConfig.cmake
-- Up-to-date: /home/paolo/light_sensor_plugin/install/share/light_sensor/cmake/light_sensorConfig-version.cmake
-- Up-to-date: /home/paolo/light_sensor_plugin/install/share/light_sensor/package.xml
