[0.111s] Invoking command in '/home/paolo/light_sensor_plugin/build/light_sensor': CMAKE_PREFIX_PATH=${CMAKE_PREFIX_PATH}:/home/paolo/turtlebot4_controller_ws/install/turtlebot4_controller:/opt/ros/humble /usr/bin/cmake --build /home/paolo/light_sensor_plugin/build/light_sensor -- -j8 -l8
[0.162s] [35m[1mConsolidate compiler generated dependencies of target LightSensor[0m
[0.196s] [ 50%] [32mBuilding CXX object CMakeFiles/LightSensor.dir/src/LightSensor.cc.o[0m
[7.114s] In file included from [01m[K/home/paolo/light_sensor_plugin/src/light_sensor_custom/src/LightSensor.cc:22[m[K:
[7.114s] [01m[K/home/paolo/light_sensor_plugin/src/light_sensor_custom/src/LightSensor.hh:26:22:[m[K [01;31m[Kerror: [m[K‘[01m[Kvoid custom_light_sensor::LightSensor::Configure(const Entity&, const std::shared_ptr<const sdf::v12::Element>&, ignition::gazebo::v6::EntityComponentManager&, ignition::gazebo::v6::EventManager&, std::shared_ptr<const sdf::v12::Light>)[m[K’ marked ‘[01m[Koverride[m[K’, but does not override
[7.114s]    26 |         public: void [01;31m[KConfigure[m[K(
[7.115s]       |                      [01;31m[K^~~~~~~~~[m[K
[7.116s] [01m[K/home/paolo/light_sensor_plugin/src/light_sensor_custom/src/LightSensor.cc:31:6:[m[K [01;31m[Kerror: [m[Kno declaration matches ‘[01m[Kvoid custom_light_sensor::LightSensor::Configure(const Entity&, const std::shared_ptr<const sdf::v12::Element>&, ignition::gazebo::v6::EntityComponentManager&, ignition::gazebo::v6::EventManager&, const std::shared_ptr<const sdf::v12::Light>&)[m[K’
[7.116s]    31 | void [01;31m[KLightSensor[m[K::Configure(const ignition::gazebo::Entity &_entity,
[7.116s]       |      [01;31m[K^~~~~~~~~~~[m[K
[7.116s] In file included from [01m[K/home/paolo/light_sensor_plugin/src/light_sensor_custom/src/LightSensor.cc:22[m[K:
[7.116s] [01m[K/home/paolo/light_sensor_plugin/src/light_sensor_custom/src/LightSensor.hh:26:22:[m[K [01;36m[Knote: [m[Kcandidate is: ‘[01m[Kvoid custom_light_sensor::LightSensor::Configure(const Entity&, const std::shared_ptr<const sdf::v12::Element>&, ignition::gazebo::v6::EntityComponentManager&, ignition::gazebo::v6::EventManager&, std::shared_ptr<const sdf::v12::Light>)[m[K’
[7.116s]    26 |         public: void [01;36m[KConfigure[m[K(
[7.116s]       |                      [01;36m[K^~~~~~~~~[m[K
[7.116s] [01m[K/home/paolo/light_sensor_plugin/src/light_sensor_custom/src/LightSensor.hh:13:11:[m[K [01;36m[Knote: [m[K‘[01m[Kclass custom_light_sensor::LightSensor[m[K’ defined here
[7.116s]    13 |     class [01;36m[KLightSensor[m[K:
[7.116s]       |           [01;36m[K^~~~~~~~~~~[m[K
[7.796s] In file included from [01m[K/usr/include/ignition/plugin1/gz/plugin/Register.hh:22[m[K,
[7.797s]                  from [01m[K/usr/include/ignition/plugin1/ignition/plugin/Register.hh:18[m[K,
[7.797s]                  from [01m[K/home/paolo/light_sensor_plugin/src/light_sensor_custom/src/LightSensor.cc:9[m[K:
[7.797s] /usr/include/ignition/plugin1/gz/plugin/detail/Register.hh: In instantiation of ‘[01m[Kstatic ignition::plugin::v1::Info ignition::plugin::detail::Registrar<PluginClass, Interfaces>::MakeInfo() [with PluginClass = custom_light_sensor::LightSensor; Interfaces = {ignition::gazebo::v6::System, ignition::gazebo::v6::ISystemConfigure, ignition::gazebo::v6::ISystemPostUpdate}][m[K’:
[7.797s] [01m[K/usr/include/ignition/plugin1/gz/plugin/detail/Register.hh:396:31:[m[K   required from ‘[01m[Kstatic void ignition::plugin::detail::Registrar<PluginClass, Interfaces>::Register() [with PluginClass = custom_light_sensor::LightSensor; Interfaces = {ignition::gazebo::v6::System, ignition::gazebo::v6::ISystemConfigure, ignition::gazebo::v6::ISystemPostUpdate}][m[K’
[7.797s] [01m[K/home/paolo/light_sensor_plugin/src/light_sensor_custom/src/LightSensor.cc:107:2:[m[K   required from here
[7.797s] [01m[K/usr/include/ignition/plugin1/gz/plugin/detail/Register.hh:373:39:[m[K [01;31m[Kerror: [m[Kinvalid new-expression of abstract class type ‘[01m[Kcustom_light_sensor::LightSensor[m[K’
[7.797s]   373 |             return static_cast<void*>([01;31m[Knew PluginClass[m[K);
[7.797s]       |                                       [01;31m[K^~~~~~~~~~~~~~~[m[K
[7.798s] In file included from [01m[K/home/paolo/light_sensor_plugin/src/light_sensor_custom/src/LightSensor.cc:22[m[K:
[7.798s] [01m[K/home/paolo/light_sensor_plugin/src/light_sensor_custom/src/LightSensor.hh:13:11:[m[K [01;36m[Knote: [m[K  because the following virtual functions are pure within ‘[01m[Kcustom_light_sensor::LightSensor[m[K’:
[7.798s]    13 |     class [01;36m[KLightSensor[m[K:
[7.798s]       |           [01;36m[K^~~~~~~~~~~[m[K
[7.798s] In file included from [01m[K/usr/include/ignition/gazebo6/gz/sim/comms/MsgManager.hh:30[m[K,
[7.798s]                  from [01m[K/usr/include/ignition/gazebo6/gz/sim/comms/Broker.hh:25[m[K,
[7.798s]                  from [01m[K/usr/include/ignition/gazebo6/gz/gazebo.hh:23[m[K,
[7.798s]                  from [01m[K/usr/include/ignition/gazebo6/gz/sim.hh:27[m[K,
[7.799s]                  from [01m[K/usr/include/ignition/gazebo6/ignition/gazebo.hh:18[m[K,
[7.799s]                  from [01m[K/home/paolo/light_sensor_plugin/src/light_sensor_custom/src/LightSensor.cc:4[m[K:
[7.799s] [01m[K/usr/include/ignition/gazebo6/gz/sim/System.hh:98:28:[m[K [01;36m[Knote: [m[K    ‘[01m[Kvirtual void ignition::gazebo::v6::ISystemConfigure::Configure(const Entity&, const std::shared_ptr<const sdf::v12::Element>&, ignition::gazebo::v6::EntityComponentManager&, ignition::gazebo::v6::EventManager&)[m[K’
[7.799s]    98 |       public: virtual void [01;36m[KConfigure[m[K(
[7.799s]       |                            [01;36m[K^~~~~~~~~[m[K
[7.799s] In file included from [01m[K/usr/include/ignition/plugin1/gz/plugin/Register.hh:22[m[K,
[7.799s]                  from [01m[K/usr/include/ignition/plugin1/ignition/plugin/Register.hh:18[m[K,
[7.799s]                  from [01m[K/home/paolo/light_sensor_plugin/src/light_sensor_custom/src/LightSensor.cc:9[m[K:
[7.799s] [01m[K/usr/include/ignition/plugin1/gz/plugin/detail/Register.hh:361:24:[m[K [01;31m[Kerror: [m[Kno match for ‘[01m[Koperator=[m[K’ (operand types are ‘[01m[Kstd::function<void*()>[m[K’ and ‘[01m[Kignition::plugin::detail::Registrar<custom_light_sensor::LightSensor, ignition::gazebo::v6::System, ignition::gazebo::v6::ISystemConfigure, ignition::gazebo::v6::ISystemPostUpdate>::MakeInfo()::<lambda()>[m[K’)
[7.799s]   361 |           [01;31m[Kinfo.factory = [=]()[m[K
[7.800s]       |           [01;31m[K~~~~~~~~~~~~~^~~~~~~[m[K
[7.800s]   362 | [01;31m[K          {[m[K
[7.800s]       |           [01;31m[K~[m[K             
[7.800s]   363 | [01;31m[K            // vvvvvvvvvvvvvvvvvvvvvvvv  READ ME  vvvvvvvvvvvvvvvvvvvvvvvvvvvvv[m[K
[7.800s]       |             [01;31m[K~~~~~~~~~~~~~~~~~~~~~~~~~~~~~~~~~~~~~~~~~~~~~~~~~~~~~~~~~~~~~~~~~~~[m[K
[7.800s]   364 | [01;31m[K            // If you get a compilation error here, then you are trying to[m[K
[7.800s]       |             [01;31m[K~~~~~~~~~~~~~~~~~~~~~~~~~~~~~~~~~~~~~~~~~~~~~~~~~~~~~~~~~~~~~~[m[K
[7.800s]   365 | [01;31m[K            // register an abstract class as a plugin, which is not allowed. To[m[K
[7.800s]       |             [01;31m[K~~~~~~~~~~~~~~~~~~~~~~~~~~~~~~~~~~~~~~~~~~~~~~~~~~~~~~~~~~~~~~~~~~~[m[K
[7.800s]   366 | [01;31m[K            // register a plugin class, every one if its virtual functions must[m[K
[7.800s]       |             [01;31m[K~~~~~~~~~~~~~~~~~~~~~~~~~~~~~~~~~~~~~~~~~~~~~~~~~~~~~~~~~~~~~~~~~~~[m[K
[7.801s]   367 | [01;31m[K            // have a definition.[m[K
[7.801s]       |             [01;31m[K~~~~~~~~~~~~~~~~~~~~~[m[K
[7.801s]   368 | [01;31m[K            //[m[K
[7.801s]       |             [01;31m[K~~[m[K          
[7.801s]   369 | [01;31m[K            // Read through the error produced by your compiler to see which[m[K
[7.801s]       |             [01;31m[K~~~~~~~~~~~~~~~~~~~~~~~~~~~~~~~~~~~~~~~~~~~~~~~~~~~~~~~~~~~~~~~~[m[K
[7.801s]   370 | [01;31m[K            // pure virtual functions you are neglecting to provide overrides[m[K
[7.801s]       |             [01;31m[K~~~~~~~~~~~~~~~~~~~~~~~~~~~~~~~~~~~~~~~~~~~~~~~~~~~~~~~~~~~~~~~~~[m[K
[7.801s]   371 | [01;31m[K            // for.[m[K
[7.801s]       |             [01;31m[K~~~~~~~[m[K     
[7.801s]   372 | [01;31m[K            // ^^^^^^^^^^^^^ READ ABOVE FOR COMPILATION ERRORS ^^^^^^^^^^^^^^^^[m[K
[7.802s]       |             [01;31m[K~~~~~~~~~~~~~~~~~~~~~~~~~~~~~~~~~~~~~~~~~~~~~~~~~~~~~~~~~~~~~~~~~~~[m[K
[7.802s]   373 | [01;31m[K            return static_cast<void*>(new PluginClass);[m[K
[7.802s]       |             [01;31m[K~~~~~~~~~~~~~~~~~~~~~~~~~~~~~~~~~~~~~~~~~~~[m[K
[7.802s]   374 | [01;31m[K          }[m[K;
[7.802s]       |           [01;31m[K~[m[K             
[7.802s] In file included from [01m[K/usr/include/c++/11/functional:59[m[K,
[7.802s]                  from [01m[K/usr/include/c++/11/pstl/glue_algorithm_defs.h:13[m[K,
[7.802s]                  from [01m[K/usr/include/c++/11/algorithm:74[m[K,
[7.802s]                  from [01m[K/usr/include/ignition/math6/gz/math/Helpers.hh:20[m[K,
[7.802s]                  from [01m[K/usr/include/ignition/math6/gz/math/Angle.hh:21[m[K,
[7.803s]                  from [01m[K/usr/include/ignition/gazebo6/gz/sim/Light.hh:27[m[K,
[7.803s]                  from [01m[K/usr/include/ignition/gazebo6/ignition/gazebo/Light.hh:18[m[K,
[7.803s]                  from [01m[K/home/paolo/light_sensor_plugin/src/light_sensor_custom/src/LightSensor.cc:1[m[K:
[7.803s] [01m[K/usr/include/c++/11/bits/std_function.h:530:9:[m[K [01;36m[Knote: [m[Kcandidate: ‘[01m[Ktemplate<class _Functor> std::function<_Res(_ArgTypes ...)>::_Requires<std::function<_Res(_ArgTypes ...)>::_Callable<_Functor>, std::function<_Res(_ArgTypes ...)>&> std::function<_Res(_ArgTypes ...)>::operator=(_Functor&&) [with _Functor = _Functor; _Res = void*; _ArgTypes = {}][m[K’
[7.803s]   530 |         [01;36m[Koperator[m[K=(_Functor&& __f)
[7.803s]       |         [01;36m[K^~~~~~~~[m[K
[7.803s] [01m[K/usr/include/c++/11/bits/std_function.h:530:9:[m[K [01;36m[Knote: [m[K  template argument deduction/substitution failed:
[7.803s] In file included from [01m[K/usr/include/c++/11/bits/move.h:57[m[K,
[7.803s]                  from [01m[K/usr/include/c++/11/bits/stl_pair.h:59[m[K,
[7.803s]                  from [01m[K/usr/include/c++/11/bits/stl_algobase.h:64[m[K,
[7.803s]                  from [01m[K/usr/include/c++/11/memory:63[m[K,
[7.804s]                  from [01m[K/usr/include/ignition/gazebo6/gz/sim/Light.hh:20[m[K,
[7.804s]                  from [01m[K/usr/include/ignition/gazebo6/ignition/gazebo/Light.hh:18[m[K,
[7.804s]                  from [01m[K/home/paolo/light_sensor_plugin/src/light_sensor_custom/src/LightSensor.cc:1[m[K:
[7.804s] /usr/include/c++/11/type_traits: In substitution of ‘[01m[Ktemplate<bool _Cond, class _Tp> using __enable_if_t = typename std::enable_if::type [with bool _Cond = false; _Tp = std::function<void*()>&][m[K’:
[7.804s] [01m[K/usr/include/c++/11/bits/std_function.h:353:8:[m[K   required by substitution of ‘[01m[Ktemplate<class _Res, class ... _ArgTypes> template<class _Cond, class _Tp> using _Requires = std::__enable_if_t<_Cond::value, _Tp> [with _Cond = std::function<void*()>::_Callable<ignition::plugin::detail::Registrar<custom_light_sensor::LightSensor, ignition::gazebo::v6::System, ignition::gazebo::v6::ISystemConfigure, ignition::gazebo::v6::ISystemPostUpdate>::MakeInfo()::<lambda()>, ignition::plugin::detail::Registrar<custom_light_sensor::LightSensor, ignition::gazebo::v6::System, ignition::gazebo::v6::ISystemConfigure, ignition::gazebo::v6::ISystemPostUpdate>::MakeInfo()::<lambda()>, std::__invoke_result<ignition::plugin::detail::Registrar<custom_light_sensor::LightSensor, ignition::gazebo::v6::System, ignition::gazebo::v6::ISystemConfigure, ignition::gazebo::v6::ISystemPostUpdate>::MakeInfo()::<lambda()>&> >; _Tp = std::function<void*()>&; _Res = void*; _ArgTypes = {}][m[K’
[7.804s] [01m[K/usr/include/c++/11/bits/std_function.h:530:2:[m[K   required by substitution of ‘[01m[Ktemplate<class _Functor> std::function<void*()>::_Requires<std::function<void*()>::_Callable<_Functor, typename std::enable_if<(! std::is_same<typename std::remove_cv<typename std::remove_reference<_Tp>::type>::type, std::function<void*()> >::value), std::decay<_Tp> >::type::type, std::__invoke_result<typename std::enable_if<(! std::is_same<typename std::remove_cv<typename std::remove_reference<_Tp>::type>::type, std::function<void*()> >::value), std::decay<_Tp> >::type::type&> >, std::function<void*()>&> std::function<void*()>::operator=<_Functor>(_Functor&&) [with _Functor = ignition::plugin::detail::Registrar<custom_light_sensor::LightSensor, ignition::gazebo::v6::System, ignition::gazebo::v6::ISystemConfigure, ignition::gazebo::v6::ISystemPostUpdate>::MakeInfo()::<lambda()>][m[K’
[7.804s] [01m[K/usr/include/ignition/plugin1/gz/plugin/detail/Register.hh:361:24:[m[K   required from ‘[01m[Kstatic ignition::plugin::v1::Info ignition::plugin::detail::Registrar<PluginClass, Interfaces>::MakeInfo() [with PluginClass = custom_light_sensor::LightSensor; Interfaces = {ignition::gazebo::v6::System, ignition::gazebo::v6::ISystemConfigure, ignition::gazebo::v6::ISystemPostUpdate}][m[K’
[7.804s] [01m[K/usr/include/ignition/plugin1/gz/plugin/detail/Register.hh:396:31:[m[K   required from ‘[01m[Kstatic void ignition::plugin::detail::Registrar<PluginClass, Interfaces>::Register() [with PluginClass = custom_light_sensor::LightSensor; Interfaces = {ignition::gazebo::v6::System, ignition::gazebo::v6::ISystemConfigure, ignition::gazebo::v6::ISystemPostUpdate}][m[K’
[7.804s] [01m[K/home/paolo/light_sensor_plugin/src/light_sensor_custom/src/LightSensor.cc:107:2:[m[K   required from here
[7.804s] [01m[K/usr/include/c++/11/type_traits:2205:11:[m[K [01;31m[Kerror: [m[Kno type named ‘[01m[Ktype[m[K’ in ‘[01m[Kstruct std::enable_if<false, std::function<void*()>&>[m[K’
[7.805s]  2205 |     using [01;31m[K__enable_if_t[m[K = typename enable_if<_Cond, _Tp>::type;
[7.805s]       |           [01;31m[K^~~~~~~~~~~~~[m[K
[7.805s] In file included from [01m[K/usr/include/c++/11/functional:59[m[K,
[7.805s]                  from [01m[K/usr/include/c++/11/pstl/glue_algorithm_defs.h:13[m[K,
[7.805s]                  from [01m[K/usr/include/c++/11/algorithm:74[m[K,
[7.805s]                  from [01m[K/usr/include/ignition/math6/gz/math/Helpers.hh:20[m[K,
[7.805s]                  from [01m[K/usr/include/ignition/math6/gz/math/Angle.hh:21[m[K,
[7.805s]                  from [01m[K/usr/include/ignition/gazebo6/gz/sim/Light.hh:27[m[K,
[7.805s]                  from [01m[K/usr/include/ignition/gazebo6/ignition/gazebo/Light.hh:18[m[K,
[7.805s]                  from [01m[K/home/paolo/light_sensor_plugin/src/light_sensor_custom/src/LightSensor.cc:1[m[K:
[7.805s] /usr/include/ignition/plugin1/gz/plugin/detail/Register.hh: In instantiation of ‘[01m[Kstatic ignition::plugin::v1::Info ignition::plugin::detail::Registrar<PluginClass, Interfaces>::MakeInfo() [with PluginClass = custom_light_sensor::LightSensor; Interfaces = {ignition::gazebo::v6::System, ignition::gazebo::v6::ISystemConfigure, ignition::gazebo::v6::ISystemPostUpdate}][m[K’:
[7.806s] [01m[K/usr/include/ignition/plugin1/gz/plugin/detail/Register.hh:396:31:[m[K   required from ‘[01m[Kstatic void ignition::plugin::detail::Registrar<PluginClass, Interfaces>::Register() [with PluginClass = custom_light_sensor::LightSensor; Interfaces = {ignition::gazebo::v6::System, ignition::gazebo::v6::ISystemConfigure, ignition::gazebo::v6::ISystemPostUpdate}][m[K’
[7.806s] [01m[K/home/paolo/light_sensor_plugin/src/light_sensor_custom/src/LightSensor.cc:107:2:[m[K   required from here
[7.806s] [01m[K/usr/include/c++/11/bits/std_function.h:540:9:[m[K [01;36m[Knote: [m[Kcandidate: ‘[01m[Ktemplate<class _Functor> std::function<_Res(_ArgTypes ...)>& std::function<_Res(_ArgTypes ...)>::operator=(std::reference_wrapper<_Functor>) [with _Functor = _Functor; _Res = void*; _ArgTypes = {}][m[K’
[7.806s]   540 |         [01;36m[Koperator[m[K=(reference_wrapper<_Functor> __f) noexcept
[7.806s]       |         [01;36m[K^~~~~~~~[m[K
[7.806s] [01m[K/usr/include/c++/11/bits/std_function.h:540:9:[m[K [01;36m[Knote: [m[K  template argument deduction/substitution failed:
[7.806s] In file included from [01m[K/usr/include/ignition/plugin1/gz/plugin/Register.hh:22[m[K,
[7.806s]                  from [01m[K/usr/include/ignition/plugin1/ignition/plugin/Register.hh:18[m[K,
[7.807s]                  from [01m[K/home/paolo/light_sensor_plugin/src/light_sensor_custom/src/LightSensor.cc:9[m[K:
[7.807s] [01m[K/usr/include/ignition/plugin1/gz/plugin/detail/Register.hh:361:24:[m[K [01;36m[Knote: [m[K  ‘[01m[Kignition::plugin::detail::Registrar<custom_light_sensor::LightSensor, ignition::gazebo::v6::System, ignition::gazebo::v6::ISystemConfigure, ignition::gazebo::v6::ISystemPostUpdate>::MakeInfo()::<lambda()>[m[K’ is not derived from ‘[01m[Kstd::reference_wrapper<_Tp>[m[K’
[7.807s]   361 |           [01;36m[Kinfo.factory = [=]()[m[K
[7.807s]       |           [01;36m[K~~~~~~~~~~~~~^~~~~~~[m[K
[7.807s]   362 | [01;36m[K          {[m[K
[7.807s]       |           [01;36m[K~[m[K             
[7.807s]   363 | [01;36m[K            // vvvvvvvvvvvvvvvvvvvvvvvv  READ ME  vvvvvvvvvvvvvvvvvvvvvvvvvvvvv[m[K
[7.807s]       |             [01;36m[K~~~~~~~~~~~~~~~~~~~~~~~~~~~~~~~~~~~~~~~~~~~~~~~~~~~~~~~~~~~~~~~~~~~[m[K
[7.807s]   364 | [01;36m[K            // If you get a compilation error here, then you are trying to[m[K
[7.808s]       |             [01;36m[K~~~~~~~~~~~~~~~~~~~~~~~~~~~~~~~~~~~~~~~~~~~~~~~~~~~~~~~~~~~~~~[m[K
[7.808s]   365 | [01;36m[K            // register an abstract class as a plugin, which is not allowed. To[m[K
[7.808s]       |             [01;36m[K~~~~~~~~~~~~~~~~~~~~~~~~~~~~~~~~~~~~~~~~~~~~~~~~~~~~~~~~~~~~~~~~~~~[m[K
[7.808s]   366 | [01;36m[K            // register a plugin class, every one if its virtual functions must[m[K
[7.808s]       |             [01;36m[K~~~~~~~~~~~~~~~~~~~~~~~~~~~~~~~~~~~~~~~~~~~~~~~~~~~~~~~~~~~~~~~~~~~[m[K
[7.808s]   367 | [01;36m[K            // have a definition.[m[K
[7.808s]       |             [01;36m[K~~~~~~~~~~~~~~~~~~~~~[m[K
[7.808s]   368 | [01;36m[K            //[m[K
[7.808s]       |             [01;36m[K~~[m[K          
[7.808s]   369 | [01;36m[K            // Read through the error produced by your compiler to see which[m[K
[7.809s]       |             [01;36m[K~~~~~~~~~~~~~~~~~~~~~~~~~~~~~~~~~~~~~~~~~~~~~~~~~~~~~~~~~~~~~~~~[m[K
[7.809s]   370 | [01;36m[K            // pure virtual functions you are neglecting to provide overrides[m[K
[7.809s]       |             [01;36m[K~~~~~~~~~~~~~~~~~~~~~~~~~~~~~~~~~~~~~~~~~~~~~~~~~~~~~~~~~~~~~~~~~[m[K
[7.809s]   371 | [01;36m[K            // for.[m[K
[7.809s]       |             [01;36m[K~~~~~~~[m[K     
[7.809s]   372 | [01;36m[K            // ^^^^^^^^^^^^^ READ ABOVE FOR COMPILATION ERRORS ^^^^^^^^^^^^^^^^[m[K
[7.809s]       |             [01;36m[K~~~~~~~~~~~~~~~~~~~~~~~~~~~~~~~~~~~~~~~~~~~~~~~~~~~~~~~~~~~~~~~~~~~[m[K
[7.809s]   373 | [01;36m[K            return static_cast<void*>(new PluginClass);[m[K
[7.809s]       |             [01;36m[K~~~~~~~~~~~~~~~~~~~~~~~~~~~~~~~~~~~~~~~~~~~[m[K
[7.810s]   374 | [01;36m[K          }[m[K;
[7.810s]       |           [01;36m[K~[m[K             
[7.810s] In file included from [01m[K/usr/include/c++/11/functional:59[m[K,
[7.810s]                  from [01m[K/usr/include/c++/11/pstl/glue_algorithm_defs.h:13[m[K,
[7.810s]                  from [01m[K/usr/include/c++/11/algorithm:74[m[K,
[7.810s]                  from [01m[K/usr/include/ignition/math6/gz/math/Helpers.hh:20[m[K,
[7.810s]                  from [01m[K/usr/include/ignition/math6/gz/math/Angle.hh:21[m[K,
[7.810s]                  from [01m[K/usr/include/ignition/gazebo6/gz/sim/Light.hh:27[m[K,
[7.810s]                  from [01m[K/usr/include/ignition/gazebo6/ignition/gazebo/Light.hh:18[m[K,
[7.811s]                  from [01m[K/home/paolo/light_sensor_plugin/src/light_sensor_custom/src/LightSensor.cc:1[m[K:
[7.811s] [01m[K/usr/include/c++/11/bits/std_function.h:469:7:[m[K [01;36m[Knote: [m[Kcandidate: ‘[01m[Kstd::function<_Res(_ArgTypes ...)>& std::function<_Res(_ArgTypes ...)>::operator=(const std::function<_Res(_ArgTypes ...)>&) [with _Res = void*; _ArgTypes = {}][m[K’
[7.811s]   469 |       [01;36m[Koperator[m[K=(const function& __x)
[7.811s]       |       [01;36m[K^~~~~~~~[m[K
[7.811s] [01m[K/usr/include/c++/11/bits/std_function.h:469:33:[m[K [01;36m[Knote: [m[K  no known conversion for argument 1 from ‘[01m[Kignition::plugin::detail::Registrar<custom_light_sensor::LightSensor, ignition::gazebo::v6::System, ignition::gazebo::v6::ISystemConfigure, ignition::gazebo::v6::ISystemPostUpdate>::MakeInfo()::<lambda()>[m[K’ to ‘[01m[Kconst std::function<void*()>&[m[K’
[7.811s]   469 |       operator=([01;36m[Kconst function& __x[m[K)
[7.811s]       |                 [01;36m[K~~~~~~~~~~~~~~~~^~~[m[K
[7.811s] [01m[K/usr/include/c++/11/bits/std_function.h:487:7:[m[K [01;36m[Knote: [m[Kcandidate: ‘[01m[Kstd::function<_Res(_ArgTypes ...)>& std::function<_Res(_ArgTypes ...)>::operator=(std::function<_Res(_ArgTypes ...)>&&) [with _Res = void*; _ArgTypes = {}][m[K’
[7.811s]   487 |       [01;36m[Koperator[m[K=(function&& __x) noexcept
[7.812s]       |       [01;36m[K^~~~~~~~[m[K
[7.812s] [01m[K/usr/include/c++/11/bits/std_function.h:487:28:[m[K [01;36m[Knote: [m[K  no known conversion for argument 1 from ‘[01m[Kignition::plugin::detail::Registrar<custom_light_sensor::LightSensor, ignition::gazebo::v6::System, ignition::gazebo::v6::ISystemConfigure, ignition::gazebo::v6::ISystemPostUpdate>::MakeInfo()::<lambda()>[m[K’ to ‘[01m[Kstd::function<void*()>&&[m[K’
[7.812s]   487 |       operator=([01;36m[Kfunction&& __x[m[K) noexcept
[7.812s]       |                 [01;36m[K~~~~~~~~~~~^~~[m[K
[7.812s] [01m[K/usr/include/c++/11/bits/std_function.h:501:7:[m[K [01;36m[Knote: [m[Kcandidate: ‘[01m[Kstd::function<_Res(_ArgTypes ...)>& std::function<_Res(_ArgTypes ...)>::operator=(std::nullptr_t) [with _Res = void*; _ArgTypes = {}; std::nullptr_t = std::nullptr_t][m[K’
[7.812s]   501 |       [01;36m[Koperator[m[K=(nullptr_t) noexcept
[7.812s]       |       [01;36m[K^~~~~~~~[m[K
[7.812s] [01m[K/usr/include/c++/11/bits/std_function.h:501:17:[m[K [01;36m[Knote: [m[K  no known conversion for argument 1 from ‘[01m[Kignition::plugin::detail::Registrar<custom_light_sensor::LightSensor, ignition::gazebo::v6::System, ignition::gazebo::v6::ISystemConfigure, ignition::gazebo::v6::ISystemPostUpdate>::MakeInfo()::<lambda()>[m[K’ to ‘[01m[Kstd::nullptr_t[m[K’
[7.812s]   501 |       operator=([01;36m[Knullptr_t[m[K) noexcept
[7.813s]       |                 [01;36m[K^~~~~~~~~[m[K
[10.673s] gmake[2]: *** [CMakeFiles/LightSensor.dir/build.make:76: CMakeFiles/LightSensor.dir/src/LightSensor.cc.o] Error 1
[10.673s] gmake[1]: *** [CMakeFiles/Makefile2:137: CMakeFiles/LightSensor.dir/all] Error 2
[10.673s] gmake: *** [Makefile:146: all] Error 2
[10.676s] Invoked command in '/home/paolo/light_sensor_plugin/build/light_sensor' returned '2': CMAKE_PREFIX_PATH=${CMAKE_PREFIX_PATH}:/home/paolo/turtlebot4_controller_ws/install/turtlebot4_controller:/opt/ros/humble /usr/bin/cmake --build /home/paolo/light_sensor_plugin/build/light_sensor -- -j8 -l8
