[0.102s] Invoking command in '/home/paolo/light_sensor_plugin/build/light_sensor_plugin': /usr/bin/cmake /home/paolo/light_sensor_plugin -DCMAKE_INSTALL_PREFIX=/home/paolo/light_sensor_plugin/install
[0.115s] -- Found ament_cmake: 1.3.7 (/opt/ros/humble/share/ament_cmake/cmake)
[0.258s] -- Looking for ignition-math6 -- found version 6.15.1
[0.262s] -- Searching for dependencies of ignition-math6
[0.263s] -- Looking for ignition-msgs8 -- found version 8.7.0
[0.263s] -- Searching for dependencies of ignition-msgs8
[0.283s] -- Found Protobuf: /usr/lib/x86_64-linux-gnu/libprotobuf.so (found suitable version "3.12.4", minimum required is "3") 
[0.284s] -- Looking for ignition-math6 -- found version 6.15.1
[0.289s] -- Checking for module 'tinyxml2'
[0.300s] --   Found tinyxml2, version 9.0.0
[0.329s] -- Looking for ignition-transport11 -- found version 11.4.1
[0.329s] -- Searching for dependencies of ignition-transport11
[0.349s] -- Found Protobuf: /usr/lib/x86_64-linux-gnu/libprotobuf.so (found version "3.12.4") 
[0.362s] -- Config-file not installed for ZeroMQ -- checking for pkg-config
[0.367s] -- Checking for module 'libzmq >= 4'
[0.379s] --   Found libzmq , version 4.3.4
[0.416s] -- Checking for module 'uuid'
[0.430s] --   Found uuid, version 2.37.2
[0.462s] -- Looking for ignition-utils1 -- found version 1.5.1
[0.462s] -- Searching for dependencies of ignition-utils1
[0.463s] -- Searching for <ignition-utils1> component [cli]
[0.463s] -- Looking for ignition-utils1-cli -- found version 1.5.1
[0.463s] -- Searching for dependencies of ignition-utils1-cli
[0.464s] -- Looking for ignition-msgs8 -- found version 8.7.0
[0.465s] -- Looking for ignition-plugin1 -- found version 1.4.0
[0.466s] -- Searching for dependencies of ignition-plugin1
[0.466s] -- Searching for <ignition-plugin1> component [loader]
[0.467s] -- Looking for ignition-plugin1-loader -- found version 1.4.0
[0.467s] -- Searching for dependencies of ignition-plugin1-loader
[0.468s] -- Searching for <ignition-plugin1> component [register]
[0.468s] -- Looking for ignition-plugin1-register -- found version 1.4.0
[0.469s] -- Searching for dependencies of ignition-plugin1-register
[0.470s] -- Looking for ignition-sensors6 -- found version 6.8.0
[0.471s] -- Searching for dependencies of ignition-sensors6
[0.491s] -- Looking for ignition-math6 -- found version 6.15.1
[0.491s] -- Looking for ignition-common4 -- found version 4.7.0
[0.492s] -- Searching for dependencies of ignition-common4
[0.492s] -- Looking for dlfcn.h - found
[0.492s] -- Looking for libdl - found
[0.511s] -- Searching for <ignition-common4> component [profiler]
[0.511s] -- Looking for ignition-common4-profiler -- found version 4.7.0
[0.511s] -- Searching for dependencies of ignition-common4-profiler
[0.512s] -- Looking for ignition-transport11 -- found version 11.4.1
[0.513s] -- Looking for ignition-rendering6 -- found version 6.6.3
[0.513s] -- Searching for dependencies of ignition-rendering6
[0.514s] -- Looking for ignition-math6 -- found version 6.15.1
[0.514s] -- Searching for dependencies of ignition-math6
[0.514s] -- Searching for <ignition-math6> component [eigen3]
[0.514s] -- Looking for ignition-math6-eigen3 -- found version 6.15.1
[0.515s] -- Searching for dependencies of ignition-math6-eigen3
[0.516s] -- Looking for ignition-common4 -- found version 4.7.0
[0.517s] -- Searching for dependencies of ignition-common4
[0.517s] -- Looking for dlfcn.h - found
[0.517s] -- Looking for libdl - found
[0.525s] -- Searching for <ignition-common4> component [graphics]
[0.526s] -- Looking for ignition-common4-graphics -- found version 4.7.0
[0.526s] -- Searching for dependencies of ignition-common4-graphics
[0.527s] -- Looking for ignition-math6 -- found version 6.15.1
[0.527s] -- Looking for ignition-utils1 -- found version 1.5.1
[0.528s] -- Searching for <ignition-common4> component [events]
[0.528s] -- Looking for ignition-common4-events -- found version 4.7.0
[0.529s] -- Searching for dependencies of ignition-common4-events
[0.529s] -- Looking for ignition-math6 -- found version 6.15.1
[0.530s] -- Looking for ignition-plugin1 -- found version 1.4.0
[0.531s] -- Searching for dependencies of ignition-plugin1
[0.531s] -- Searching for <ignition-plugin1> component [all]
[0.531s] -- Looking for all libraries of ignition-plugin1 -- found version 1.4.0
[0.532s] -- Looking for ignition-plugin1 -- found version 1.4.0
[0.534s] -- Looking for ignition-msgs8 -- found version 8.7.0
[0.534s] -- Looking for sdformat12 -- found version 12.7.2
[0.534s] -- Searching for dependencies of sdformat12
[0.542s] -- Looking for ignition-math6 -- found version 6.15.1
[0.543s] -- Looking for ignition-utils1 -- found version 1.5.1
[0.544s] -- Looking for ignition-gazebo6 -- found version 6.16.0
[0.545s] -- Searching for dependencies of ignition-gazebo6
[0.545s] -- Looking for sdformat12 -- found version 12.7.2
[0.545s] -- Looking for ignition-plugin1 -- found version 1.4.0
[0.546s] -- Looking for ignition-transport11 -- found version 11.4.1
[0.547s] -- Searching for dependencies of ignition-transport11
[0.579s] -- Config-file not installed for ZeroMQ -- checking for pkg-config
[0.584s] -- Checking for module 'libzmq >= 4'
[0.597s] --   Found libzmq , version 4.3.4
[0.637s] -- Looking for ignition-utils1 -- found version 1.5.1
[0.638s] -- Looking for ignition-msgs8 -- found version 8.7.0
[0.638s] -- Searching for <ignition-transport11> component [log]
[0.638s] -- Looking for ignition-transport11-log -- found version 11.4.1
[0.639s] -- Searching for dependencies of ignition-transport11-log
[0.639s] -- Searching for <ignition-transport11> component [parameters]
[0.640s] -- Looking for ignition-transport11-parameters -- found version 11.4.1
[0.640s] -- Searching for dependencies of ignition-transport11-parameters
[0.641s] -- Looking for ignition-msgs8 -- found version 8.7.0
[0.642s] -- Looking for ignition-common4 -- found version 4.7.0
[0.642s] -- Searching for dependencies of ignition-common4
[0.642s] -- Looking for dlfcn.h - found
[0.642s] -- Looking for libdl - found
[0.651s] -- Searching for <ignition-common4> component [profiler]
[0.651s] -- Searching for <ignition-common4> component [events]
[0.652s] -- Searching for <ignition-common4> component [av]
[0.652s] -- Looking for ignition-common4-av -- found version 4.7.0
[0.653s] -- Searching for dependencies of ignition-common4-av
[0.658s] -- Checking for module 'libswscale'
[0.670s] --   Found libswscale, version 5.9.100
[0.705s] -- Checking for module 'libavdevice >= 56.4.100'
[0.718s] --   Found libavdevice , version 58.13.100
[0.759s] -- Checking for module 'libavformat'
[0.772s] --   Found libavformat, version 58.76.100
[0.813s] -- Checking for module 'libavcodec'
[0.829s] --   Found libavcodec, version 58.134.100
[0.871s] -- Checking for module 'libavutil'
[0.887s] --   Found libavutil, version 56.70.100
[0.922s] -- Looking for ignition-fuel_tools7 -- found version 7.3.0
[0.922s] -- Searching for dependencies of ignition-fuel_tools7
[0.965s] -- Checking for module 'jsoncpp'
[0.978s] --   Found jsoncpp, version 1.9.5
[1.015s] -- Checking for module 'libzip'
[1.027s] --   Found libzip, version 1.7.3
[1.059s] -- Looking for ignition-common4 -- found version 4.7.0
[1.059s] -- Looking for ignition-math6 -- found version 6.15.1
[1.059s] -- Looking for ignition-msgs8 -- found version 8.7.0
[1.060s] -- Looking for ignition-gui6 -- found version 6.8.0
[1.061s] -- Searching for dependencies of ignition-gui6
[1.081s] -- Found Protobuf: /usr/lib/x86_64-linux-gnu/libprotobuf.so (found suitable version "3.12.4", minimum required is "3") 
[1.088s] -- Looking for ignition-math6 -- found version 6.15.1
[1.088s] -- Looking for ignition-common4 -- found version 4.7.0
[1.089s] -- Looking for ignition-plugin1 -- found version 1.4.0
[1.089s] -- Looking for ignition-transport11 -- found version 11.4.1
[1.089s] -- Looking for ignition-rendering6 -- found version 6.6.3
[1.090s] -- Looking for ignition-msgs8 -- found version 8.7.0
[1.103s] -- Looking for ignition-physics5 -- found version 5.3.2
[1.104s] -- Searching for dependencies of ignition-physics5
[1.104s] -- Looking for ignition-math6 -- found version 6.15.1
[1.104s] -- Looking for ignition-plugin1 -- found version 1.4.0
[1.105s] -- Looking for ignition-utils1 -- found version 1.5.1
[1.106s] -- Searching for <ignition-physics5> component [heightmap]
[1.106s] -- Looking for ignition-physics5-heightmap -- found version 5.3.2
[1.107s] -- Searching for dependencies of ignition-physics5-heightmap
[1.107s] -- Looking for ignition-common4 -- found version 4.7.0
[1.108s] -- Searching for <ignition-physics5> component [mesh]
[1.108s] -- Looking for ignition-physics5-mesh -- found version 5.3.2
[1.109s] -- Searching for dependencies of ignition-physics5-mesh
[1.109s] -- Looking for ignition-common4 -- found version 4.7.0
[1.110s] -- Searching for <ignition-physics5> component [sdf]
[1.110s] -- Looking for ignition-physics5-sdf -- found version 5.3.2
[1.111s] -- Searching for dependencies of ignition-physics5-sdf
[1.111s] -- Looking for sdformat12 -- found version 12.7.2
[1.112s] -- Looking for ignition-sensors6 -- found version 6.8.0
[1.112s] -- Searching for dependencies of ignition-sensors6
[1.133s] -- Found Protobuf: /usr/lib/x86_64-linux-gnu/libprotobuf.so (found version "3.12.4") 
[1.134s] -- Looking for ignition-math6 -- found version 6.15.1
[1.134s] -- Looking for ignition-common4 -- found version 4.7.0
[1.134s] -- Looking for ignition-transport11 -- found version 11.4.1
[1.135s] -- Looking for ignition-rendering6 -- found version 6.6.3
[1.135s] -- Looking for ignition-msgs8 -- found version 8.7.0
[1.136s] -- Looking for sdformat12 -- found version 12.7.2
[1.136s] -- Searching for <ignition-sensors6> component [air_pressure]
[1.137s] -- Looking for ignition-sensors6-air_pressure -- found version 6.8.0
[1.137s] -- Searching for dependencies of ignition-sensors6-air_pressure
[1.138s] -- Searching for <ignition-sensors6> component [altimeter]
[1.138s] -- Looking for ignition-sensors6-altimeter -- found version 6.8.0
[1.139s] -- Searching for dependencies of ignition-sensors6-altimeter
[1.139s] -- Searching for <ignition-sensors6> component [imu]
[1.139s] -- Looking for ignition-sensors6-imu -- found version 6.8.0
[1.140s] -- Searching for dependencies of ignition-sensors6-imu
[1.141s] -- Searching for <ignition-sensors6> component [force_torque]
[1.141s] -- Looking for ignition-sensors6-force_torque -- found version 6.8.0
[1.142s] -- Searching for dependencies of ignition-sensors6-force_torque
[1.142s] -- Searching for <ignition-sensors6> component [logical_camera]
[1.143s] -- Looking for ignition-sensors6-logical_camera -- found version 6.8.0
[1.143s] -- Searching for dependencies of ignition-sensors6-logical_camera
[1.144s] -- Searching for <ignition-sensors6> component [magnetometer]
[1.144s] -- Looking for ignition-sensors6-magnetometer -- found version 6.8.0
[1.145s] -- Searching for dependencies of ignition-sensors6-magnetometer
[1.145s] -- Searching for <ignition-sensors6> component [navsat]
[1.146s] -- Looking for ignition-sensors6-navsat -- found version 6.8.0
[1.146s] -- Searching for dependencies of ignition-sensors6-navsat
[1.147s] -- Searching for <ignition-sensors6> component [rendering]
[1.147s] -- Looking for ignition-sensors6-rendering -- found version 6.8.0
[1.148s] -- Searching for dependencies of ignition-sensors6-rendering
[1.148s] -- Searching for <ignition-sensors6> component [lidar]
[1.149s] -- Looking for ignition-sensors6-lidar -- found version 6.8.0
[1.149s] -- Searching for dependencies of ignition-sensors6-lidar
[1.150s] -- Looking for ignition-sensors6 -- found version 6.8.0
[1.150s] -- Searching for <ignition-sensors6> component [gpu_lidar]
[1.151s] -- Looking for ignition-sensors6-gpu_lidar -- found version 6.8.0
[1.151s] -- Searching for dependencies of ignition-sensors6-gpu_lidar
[1.152s] -- Looking for ignition-sensors6 -- found version 6.8.0
[1.153s] -- Searching for <ignition-sensors6> component [camera]
[1.153s] -- Looking for ignition-sensors6-camera -- found version 6.8.0
[1.154s] -- Searching for dependencies of ignition-sensors6-camera
[1.154s] -- Looking for ignition-sensors6 -- found version 6.8.0
[1.155s] -- Searching for <ignition-sensors6> component [boundingbox_camera]
[1.155s] -- Looking for ignition-sensors6-boundingbox_camera -- found version 6.8.0
[1.155s] -- Searching for dependencies of ignition-sensors6-boundingbox_camera
[1.156s] -- Searching for <ignition-sensors6> component [segmentation_camera]
[1.156s] -- Looking for ignition-sensors6-segmentation_camera -- found version 6.8.0
[1.157s] -- Searching for dependencies of ignition-sensors6-segmentation_camera
[1.158s] -- Searching for <ignition-sensors6> component [depth_camera]
[1.158s] -- Looking for ignition-sensors6-depth_camera -- found version 6.8.0
[1.159s] -- Searching for dependencies of ignition-sensors6-depth_camera
[1.159s] -- Looking for ignition-sensors6 -- found version 6.8.0
[1.160s] -- Searching for <ignition-sensors6> component [rgbd_camera]
[1.160s] -- Looking for ignition-sensors6-rgbd_camera -- found version 6.8.0
[1.161s] -- Searching for dependencies of ignition-sensors6-rgbd_camera
[1.161s] -- Looking for ignition-sensors6 -- found version 6.8.0
[1.162s] -- Searching for <ignition-sensors6> component [thermal_camera]
[1.162s] -- Looking for ignition-sensors6-thermal_camera -- found version 6.8.0
[1.163s] -- Searching for dependencies of ignition-sensors6-thermal_camera
[1.163s] -- Looking for ignition-sensors6 -- found version 6.8.0
[1.164s] -- Looking for ignition-rendering6 -- found version 6.6.3
[1.164s] -- Looking for ignition-math6 -- found version 6.15.1
[1.165s] -- Looking for ignition-utils1 -- found version 1.5.1
[1.186s] -- Found rclcpp: 16.0.8 (/opt/ros/humble/share/rclcpp/cmake)
[1.209s] -- Found rosidl_generator_c: 3.1.5 (/opt/ros/humble/share/rosidl_generator_c/cmake)
[1.211s] -- Found rosidl_adapter: 3.1.5 (/opt/ros/humble/share/rosidl_adapter/cmake)
[1.217s] -- Found rosidl_generator_cpp: 3.1.5 (/opt/ros/humble/share/rosidl_generator_cpp/cmake)
[1.228s] -- Using all available rosidl_typesupport_c: rosidl_typesupport_fastrtps_c;rosidl_typesupport_introspection_c
[1.245s] -- Using all available rosidl_typesupport_cpp: rosidl_typesupport_fastrtps_cpp;rosidl_typesupport_introspection_cpp
[1.302s] -- Found rmw_implementation_cmake: 6.1.1 (/opt/ros/humble/share/rmw_implementation_cmake/cmake)
[1.304s] -- Found rmw_fastrtps_cpp: 6.2.6 (/opt/ros/humble/share/rmw_fastrtps_cpp/cmake)
[1.431s] -- Using RMW implementation 'rmw_fastrtps_cpp' as default
[1.587s] [31mCMake Error at CMakeLists.txt:51 (install):
[1.587s]   install TARGETS given target "LightSensor" which does not exist.
[1.587s] 
[1.587s] [0m
[1.587s] [0mCMake Error: File /home/paolo/light_sensor_plugin/package.xml does not exist.[0m
[1.587s] [31mCMake Error at /opt/ros/humble/share/ament_cmake_core/cmake/core/stamp.cmake:24 (configure_file):
[1.587s]   configure_file Problem configuring file
[1.587s] Call Stack (most recent call first):
[1.587s]   /opt/ros/humble/share/ament_cmake_core/cmake/core/ament_package_xml.cmake:73 (stamp)
[1.587s]   /opt/ros/humble/share/ament_cmake_core/cmake/core/ament_package_xml.cmake:49 (_ament_package_xml)
[1.587s]   /opt/ros/humble/share/ament_cmake_core/cmake/core/ament_package.cmake:63 (ament_package_xml)
[1.587s]   CMakeLists.txt:62 (ament_package)
[1.587s] 
[1.587s] [0m
[1.594s] -- Configuring incomplete, errors occurred!
[1.594s] See also "/home/paolo/light_sensor_plugin/build/light_sensor_plugin/CMakeFiles/CMakeOutput.log".
[1.604s] Invoked command in '/home/paolo/light_sensor_plugin/build/light_sensor_plugin' returned '1': /usr/bin/cmake /home/paolo/light_sensor_plugin -DCMAKE_INSTALL_PREFIX=/home/paolo/light_sensor_plugin/install
