[0.110s] Invoking command in '/home/paolo/light_sensor_plugin/build/light_sensor': CMAKE_PREFIX_PATH=${CMAKE_PREFIX_PATH}:/home/paolo/turtlebot4_controller_ws/install/turtlebot4_controller:/opt/ros/humble /usr/bin/cmake --build /home/paolo/light_sensor_plugin/build/light_sensor -- -j8 -l8
[0.166s] [35m[1mConsolidate compiler generated dependencies of target LightSensor[0m
[0.198s] [ 50%] [32mBuilding CXX object CMakeFiles/LightSensor.dir/src/LightSensor.cc.o[0m
[7.769s] In file included from [01m[K/home/paolo/light_sensor_plugin/src/light_sensor_custom/src/LightSensor.cc:22[m[K:
[7.769s] [01m[K/home/paolo/light_sensor_plugin/src/light_sensor_custom/src/LightSensor.hh:35:29:[m[K [01;31m[Kerror: [m[Kexpected identifier before ‘[01m[K)[m[K’ token
[7.769s]    35 |                             [01;31m[K)[m[K override;
[7.769s]       |                             [01;31m[K^[m[K
[7.773s] [01m[K/home/paolo/light_sensor_plugin/src/light_sensor_custom/src/LightSensor.cc:38:9:[m[K [01;31m[Kerror: [m[Kexpected identifier before ‘[01m[K)[m[K’ token
[7.773s]    38 |         [01;31m[K)[m[K
[7.773s]       |         [01;31m[K^[m[K
[8.544s] In file included from [01m[K/usr/include/ignition/plugin1/gz/plugin/Register.hh:22[m[K,
[8.544s]                  from [01m[K/usr/include/ignition/plugin1/ignition/plugin/Register.hh:18[m[K,
[8.544s]                  from [01m[K/home/paolo/light_sensor_plugin/src/light_sensor_custom/src/LightSensor.cc:9[m[K:
[8.544s] /usr/include/ignition/plugin1/gz/plugin/detail/Register.hh: In instantiation of ‘[01m[Kstatic ignition::plugin::v1::Info ignition::plugin::detail::Registrar<PluginClass, Interfaces>::MakeInfo() [with PluginClass = custom_light_sensor::LightSensor; Interfaces = {ignition::gazebo::v6::System, ignition::gazebo::v6::ISystemConfigure, ignition::gazebo::v6::ISystemPostUpdate}][m[K’:
[8.544s] [01m[K/usr/include/ignition/plugin1/gz/plugin/detail/Register.hh:396:31:[m[K   required from ‘[01m[Kstatic void ignition::plugin::detail::Registrar<PluginClass, Interfaces>::Register() [with PluginClass = custom_light_sensor::LightSensor; Interfaces = {ignition::gazebo::v6::System, ignition::gazebo::v6::ISystemConfigure, ignition::gazebo::v6::ISystemPostUpdate}][m[K’
[8.544s] [01m[K/home/paolo/light_sensor_plugin/src/light_sensor_custom/src/LightSensor.cc:121:1:[m[K   required from here
[8.544s] [01m[K/usr/include/ignition/plugin1/gz/plugin/detail/Register.hh:373:39:[m[K [01;31m[Kerror: [m[Kinvalid new-expression of abstract class type ‘[01m[Kcustom_light_sensor::LightSensor[m[K’
[8.545s]   373 |             return static_cast<void*>([01;31m[Knew PluginClass[m[K);
[8.545s]       |                                       [01;31m[K^~~~~~~~~~~~~~~[m[K
[8.545s] In file included from [01m[K/home/paolo/light_sensor_plugin/src/light_sensor_custom/src/LightSensor.cc:22[m[K:
[8.545s] [01m[K/home/paolo/light_sensor_plugin/src/light_sensor_custom/src/LightSensor.hh:16:11:[m[K [01;36m[Knote: [m[K  because the following virtual functions are pure within ‘[01m[Kcustom_light_sensor::LightSensor[m[K’:
[8.545s]    16 |     class [01;36m[KLightSensor[m[K:
[8.545s]       |           [01;36m[K^~~~~~~~~~~[m[K
[8.546s] In file included from [01m[K/usr/include/ignition/gazebo6/gz/sim/comms/MsgManager.hh:30[m[K,
[8.546s]                  from [01m[K/usr/include/ignition/gazebo6/gz/sim/comms/Broker.hh:25[m[K,
[8.546s]                  from [01m[K/usr/include/ignition/gazebo6/gz/gazebo.hh:23[m[K,
[8.546s]                  from [01m[K/usr/include/ignition/gazebo6/gz/sim.hh:27[m[K,
[8.546s]                  from [01m[K/usr/include/ignition/gazebo6/ignition/gazebo.hh:18[m[K,
[8.546s]                  from [01m[K/home/paolo/light_sensor_plugin/src/light_sensor_custom/src/LightSensor.cc:4[m[K:
[8.546s] [01m[K/usr/include/ignition/gazebo6/gz/sim/System.hh:98:28:[m[K [01;36m[Knote: [m[K    ‘[01m[Kvirtual void ignition::gazebo::v6::ISystemConfigure::Configure(const Entity&, const std::shared_ptr<const sdf::v12::Element>&, ignition::gazebo::v6::EntityComponentManager&, ignition::gazebo::v6::EventManager&)[m[K’
[8.546s]    98 |       public: virtual void [01;36m[KConfigure[m[K(
[8.546s]       |                            [01;36m[K^~~~~~~~~[m[K
[8.546s] In file included from [01m[K/usr/include/ignition/plugin1/gz/plugin/Register.hh:22[m[K,
[8.547s]                  from [01m[K/usr/include/ignition/plugin1/ignition/plugin/Register.hh:18[m[K,
[8.547s]                  from [01m[K/home/paolo/light_sensor_plugin/src/light_sensor_custom/src/LightSensor.cc:9[m[K:
[8.547s] [01m[K/usr/include/ignition/plugin1/gz/plugin/detail/Register.hh:361:24:[m[K [01;31m[Kerror: [m[Kno match for ‘[01m[Koperator=[m[K’ (operand types are ‘[01m[Kstd::function<void*()>[m[K’ and ‘[01m[Kignition::plugin::detail::Registrar<custom_light_sensor::LightSensor, ignition::gazebo::v6::System, ignition::gazebo::v6::ISystemConfigure, ignition::gazebo::v6::ISystemPostUpdate>::MakeInfo()::<lambda()>[m[K’)
[8.547s]   361 |           [01;31m[Kinfo.factory = [=]()[m[K
[8.547s]       |           [01;31m[K~~~~~~~~~~~~~^~~~~~~[m[K
[8.547s]   362 | [01;31m[K          {[m[K
[8.547s]       |           [01;31m[K~[m[K             
[8.547s]   363 | [01;31m[K            // vvvvvvvvvvvvvvvvvvvvvvvv  READ ME  vvvvvvvvvvvvvvvvvvvvvvvvvvvvv[m[K
[8.547s]       |             [01;31m[K~~~~~~~~~~~~~~~~~~~~~~~~~~~~~~~~~~~~~~~~~~~~~~~~~~~~~~~~~~~~~~~~~~~[m[K
[8.547s]   364 | [01;31m[K            // If you get a compilation error here, then you are trying to[m[K
[8.548s]       |             [01;31m[K~~~~~~~~~~~~~~~~~~~~~~~~~~~~~~~~~~~~~~~~~~~~~~~~~~~~~~~~~~~~~~[m[K
[8.548s]   365 | [01;31m[K            // register an abstract class as a plugin, which is not allowed. To[m[K
[8.548s]       |             [01;31m[K~~~~~~~~~~~~~~~~~~~~~~~~~~~~~~~~~~~~~~~~~~~~~~~~~~~~~~~~~~~~~~~~~~~[m[K
[8.548s]   366 | [01;31m[K            // register a plugin class, every one if its virtual functions must[m[K
[8.548s]       |             [01;31m[K~~~~~~~~~~~~~~~~~~~~~~~~~~~~~~~~~~~~~~~~~~~~~~~~~~~~~~~~~~~~~~~~~~~[m[K
[8.548s]   367 | [01;31m[K            // have a definition.[m[K
[8.548s]       |             [01;31m[K~~~~~~~~~~~~~~~~~~~~~[m[K
[8.548s]   368 | [01;31m[K            //[m[K
[8.548s]       |             [01;31m[K~~[m[K          
[8.548s]   369 | [01;31m[K            // Read through the error produced by your compiler to see which[m[K
[8.548s]       |             [01;31m[K~~~~~~~~~~~~~~~~~~~~~~~~~~~~~~~~~~~~~~~~~~~~~~~~~~~~~~~~~~~~~~~~[m[K
[8.549s]   370 | [01;31m[K            // pure virtual functions you are neglecting to provide overrides[m[K
[8.549s]       |             [01;31m[K~~~~~~~~~~~~~~~~~~~~~~~~~~~~~~~~~~~~~~~~~~~~~~~~~~~~~~~~~~~~~~~~~[m[K
[8.549s]   371 | [01;31m[K            // for.[m[K
[8.549s]       |             [01;31m[K~~~~~~~[m[K     
[8.549s]   372 | [01;31m[K            // ^^^^^^^^^^^^^ READ ABOVE FOR COMPILATION ERRORS ^^^^^^^^^^^^^^^^[m[K
[8.549s]       |             [01;31m[K~~~~~~~~~~~~~~~~~~~~~~~~~~~~~~~~~~~~~~~~~~~~~~~~~~~~~~~~~~~~~~~~~~~[m[K
[8.549s]   373 | [01;31m[K            return static_cast<void*>(new PluginClass);[m[K
[8.549s]       |             [01;31m[K~~~~~~~~~~~~~~~~~~~~~~~~~~~~~~~~~~~~~~~~~~~[m[K
[8.549s]   374 | [01;31m[K          }[m[K;
[8.549s]       |           [01;31m[K~[m[K             
[8.549s] In file included from [01m[K/usr/include/c++/11/functional:59[m[K,
[8.549s]                  from [01m[K/usr/include/c++/11/pstl/glue_algorithm_defs.h:13[m[K,
[8.550s]                  from [01m[K/usr/include/c++/11/algorithm:74[m[K,
[8.550s]                  from [01m[K/usr/include/ignition/math6/gz/math/Helpers.hh:20[m[K,
[8.550s]                  from [01m[K/usr/include/ignition/math6/gz/math/Angle.hh:21[m[K,
[8.550s]                  from [01m[K/usr/include/ignition/gazebo6/gz/sim/Light.hh:27[m[K,
[8.550s]                  from [01m[K/usr/include/ignition/gazebo6/ignition/gazebo/Light.hh:18[m[K,
[8.550s]                  from [01m[K/home/paolo/light_sensor_plugin/src/light_sensor_custom/src/LightSensor.cc:1[m[K:
[8.550s] [01m[K/usr/include/c++/11/bits/std_function.h:530:9:[m[K [01;36m[Knote: [m[Kcandidate: ‘[01m[Ktemplate<class _Functor> std::function<_Res(_ArgTypes ...)>::_Requires<std::function<_Res(_ArgTypes ...)>::_Callable<_Functor>, std::function<_Res(_ArgTypes ...)>&> std::function<_Res(_ArgTypes ...)>::operator=(_Functor&&) [with _Functor = _Functor; _Res = void*; _ArgTypes = {}][m[K’
[8.550s]   530 |         [01;36m[Koperator[m[K=(_Functor&& __f)
[8.550s]       |         [01;36m[K^~~~~~~~[m[K
[8.550s] [01m[K/usr/include/c++/11/bits/std_function.h:530:9:[m[K [01;36m[Knote: [m[K  template argument deduction/substitution failed:
[8.550s] In file included from [01m[K/usr/include/c++/11/bits/move.h:57[m[K,
[8.551s]                  from [01m[K/usr/include/c++/11/bits/stl_pair.h:59[m[K,
[8.551s]                  from [01m[K/usr/include/c++/11/bits/stl_algobase.h:64[m[K,
[8.551s]                  from [01m[K/usr/include/c++/11/memory:63[m[K,
[8.551s]                  from [01m[K/usr/include/ignition/gazebo6/gz/sim/Light.hh:20[m[K,
[8.551s]                  from [01m[K/usr/include/ignition/gazebo6/ignition/gazebo/Light.hh:18[m[K,
[8.551s]                  from [01m[K/home/paolo/light_sensor_plugin/src/light_sensor_custom/src/LightSensor.cc:1[m[K:
[8.551s] /usr/include/c++/11/type_traits: In substitution of ‘[01m[Ktemplate<bool _Cond, class _Tp> using __enable_if_t = typename std::enable_if::type [with bool _Cond = false; _Tp = std::function<void*()>&][m[K’:
[8.551s] [01m[K/usr/include/c++/11/bits/std_function.h:353:8:[m[K   required by substitution of ‘[01m[Ktemplate<class _Res, class ... _ArgTypes> template<class _Cond, class _Tp> using _Requires = std::__enable_if_t<_Cond::value, _Tp> [with _Cond = std::function<void*()>::_Callable<ignition::plugin::detail::Registrar<custom_light_sensor::LightSensor, ignition::gazebo::v6::System, ignition::gazebo::v6::ISystemConfigure, ignition::gazebo::v6::ISystemPostUpdate>::MakeInfo()::<lambda()>, ignition::plugin::detail::Registrar<custom_light_sensor::LightSensor, ignition::gazebo::v6::System, ignition::gazebo::v6::ISystemConfigure, ignition::gazebo::v6::ISystemPostUpdate>::MakeInfo()::<lambda()>, std::__invoke_result<ignition::plugin::detail::Registrar<custom_light_sensor::LightSensor, ignition::gazebo::v6::System, ignition::gazebo::v6::ISystemConfigure, ignition::gazebo::v6::ISystemPostUpdate>::MakeInfo()::<lambda()>&> >; _Tp = std::function<void*()>&; _Res = void*; _ArgTypes = {}][m[K’
[8.551s] [01m[K/usr/include/c++/11/bits/std_function.h:530:2:[m[K   required by substitution of ‘[01m[Ktemplate<class _Functor> std::function<void*()>::_Requires<std::function<void*()>::_Callable<_Functor, typename std::enable_if<(! std::is_same<typename std::remove_cv<typename std::remove_reference<_Tp>::type>::type, std::function<void*()> >::value), std::decay<_Tp> >::type::type, std::__invoke_result<typename std::enable_if<(! std::is_same<typename std::remove_cv<typename std::remove_reference<_Tp>::type>::type, std::function<void*()> >::value), std::decay<_Tp> >::type::type&> >, std::function<void*()>&> std::function<void*()>::operator=<_Functor>(_Functor&&) [with _Functor = ignition::plugin::detail::Registrar<custom_light_sensor::LightSensor, ignition::gazebo::v6::System, ignition::gazebo::v6::ISystemConfigure, ignition::gazebo::v6::ISystemPostUpdate>::MakeInfo()::<lambda()>][m[K’
[8.551s] [01m[K/usr/include/ignition/plugin1/gz/plugin/detail/Register.hh:361:24:[m[K   required from ‘[01m[Kstatic ignition::plugin::v1::Info ignition::plugin::detail::Registrar<PluginClass, Interfaces>::MakeInfo() [with PluginClass = custom_light_sensor::LightSensor; Interfaces = {ignition::gazebo::v6::System, ignition::gazebo::v6::ISystemConfigure, ignition::gazebo::v6::ISystemPostUpdate}][m[K’
[8.552s] [01m[K/usr/include/ignition/plugin1/gz/plugin/detail/Register.hh:396:31:[m[K   required from ‘[01m[Kstatic void ignition::plugin::detail::Registrar<PluginClass, Interfaces>::Register() [with PluginClass = custom_light_sensor::LightSensor; Interfaces = {ignition::gazebo::v6::System, ignition::gazebo::v6::ISystemConfigure, ignition::gazebo::v6::ISystemPostUpdate}][m[K’
[8.552s] [01m[K/home/paolo/light_sensor_plugin/src/light_sensor_custom/src/LightSensor.cc:121:1:[m[K   required from here
[8.552s] [01m[K/usr/include/c++/11/type_traits:2205:11:[m[K [01;31m[Kerror: [m[Kno type named ‘[01m[Ktype[m[K’ in ‘[01m[Kstruct std::enable_if<false, std::function<void*()>&>[m[K’
[8.552s]  2205 |     using [01;31m[K__enable_if_t[m[K = typename enable_if<_Cond, _Tp>::type;
[8.552s]       |           [01;31m[K^~~~~~~~~~~~~[m[K
[8.552s] In file included from [01m[K/usr/include/c++/11/functional:59[m[K,
[8.552s]                  from [01m[K/usr/include/c++/11/pstl/glue_algorithm_defs.h:13[m[K,
[8.552s]                  from [01m[K/usr/include/c++/11/algorithm:74[m[K,
[8.552s]                  from [01m[K/usr/include/ignition/math6/gz/math/Helpers.hh:20[m[K,
[8.553s]                  from [01m[K/usr/include/ignition/math6/gz/math/Angle.hh:21[m[K,
[8.553s]                  from [01m[K/usr/include/ignition/gazebo6/gz/sim/Light.hh:27[m[K,
[8.553s]                  from [01m[K/usr/include/ignition/gazebo6/ignition/gazebo/Light.hh:18[m[K,
[8.553s]                  from [01m[K/home/paolo/light_sensor_plugin/src/light_sensor_custom/src/LightSensor.cc:1[m[K:
[8.553s] /usr/include/ignition/plugin1/gz/plugin/detail/Register.hh: In instantiation of ‘[01m[Kstatic ignition::plugin::v1::Info ignition::plugin::detail::Registrar<PluginClass, Interfaces>::MakeInfo() [with PluginClass = custom_light_sensor::LightSensor; Interfaces = {ignition::gazebo::v6::System, ignition::gazebo::v6::ISystemConfigure, ignition::gazebo::v6::ISystemPostUpdate}][m[K’:
[8.553s] [01m[K/usr/include/ignition/plugin1/gz/plugin/detail/Register.hh:396:31:[m[K   required from ‘[01m[Kstatic void ignition::plugin::detail::Registrar<PluginClass, Interfaces>::Register() [with PluginClass = custom_light_sensor::LightSensor; Interfaces = {ignition::gazebo::v6::System, ignition::gazebo::v6::ISystemConfigure, ignition::gazebo::v6::ISystemPostUpdate}][m[K’
[8.553s] [01m[K/home/paolo/light_sensor_plugin/src/light_sensor_custom/src/LightSensor.cc:121:1:[m[K   required from here
[8.553s] [01m[K/usr/include/c++/11/bits/std_function.h:540:9:[m[K [01;36m[Knote: [m[Kcandidate: ‘[01m[Ktemplate<class _Functor> std::function<_Res(_ArgTypes ...)>& std::function<_Res(_ArgTypes ...)>::operator=(std::reference_wrapper<_Functor>) [with _Functor = _Functor; _Res = void*; _ArgTypes = {}][m[K’
[8.553s]   540 |         [01;36m[Koperator[m[K=(reference_wrapper<_Functor> __f) noexcept
[8.553s]       |         [01;36m[K^~~~~~~~[m[K
[8.553s] [01m[K/usr/include/c++/11/bits/std_function.h:540:9:[m[K [01;36m[Knote: [m[K  template argument deduction/substitution failed:
[8.553s] In file included from [01m[K/usr/include/ignition/plugin1/gz/plugin/Register.hh:22[m[K,
[8.553s]                  from [01m[K/usr/include/ignition/plugin1/ignition/plugin/Register.hh:18[m[K,
[8.553s]                  from [01m[K/home/paolo/light_sensor_plugin/src/light_sensor_custom/src/LightSensor.cc:9[m[K:
[8.553s] [01m[K/usr/include/ignition/plugin1/gz/plugin/detail/Register.hh:361:24:[m[K [01;36m[Knote: [m[K  ‘[01m[Kignition::plugin::detail::Registrar<custom_light_sensor::LightSensor, ignition::gazebo::v6::System, ignition::gazebo::v6::ISystemConfigure, ignition::gazebo::v6::ISystemPostUpdate>::MakeInfo()::<lambda()>[m[K’ is not derived from ‘[01m[Kstd::reference_wrapper<_Tp>[m[K’
[8.554s]   361 |           [01;36m[Kinfo.factory = [=]()[m[K
[8.554s]       |           [01;36m[K~~~~~~~~~~~~~^~~~~~~[m[K
[8.554s]   362 | [01;36m[K          {[m[K
[8.554s]       |           [01;36m[K~[m[K             
[8.554s]   363 | [01;36m[K            // vvvvvvvvvvvvvvvvvvvvvvvv  READ ME  vvvvvvvvvvvvvvvvvvvvvvvvvvvvv[m[K
[8.554s]       |             [01;36m[K~~~~~~~~~~~~~~~~~~~~~~~~~~~~~~~~~~~~~~~~~~~~~~~~~~~~~~~~~~~~~~~~~~~[m[K
[8.554s]   364 | [01;36m[K            // If you get a compilation error here, then you are trying to[m[K
[8.554s]       |             [01;36m[K~~~~~~~~~~~~~~~~~~~~~~~~~~~~~~~~~~~~~~~~~~~~~~~~~~~~~~~~~~~~~~[m[K
[8.554s]   365 | [01;36m[K            // register an abstract class as a plugin, which is not allowed. To[m[K
[8.554s]       |             [01;36m[K~~~~~~~~~~~~~~~~~~~~~~~~~~~~~~~~~~~~~~~~~~~~~~~~~~~~~~~~~~~~~~~~~~~[m[K
[8.554s]   366 | [01;36m[K            // register a plugin class, every one if its virtual functions must[m[K
[8.554s]       |             [01;36m[K~~~~~~~~~~~~~~~~~~~~~~~~~~~~~~~~~~~~~~~~~~~~~~~~~~~~~~~~~~~~~~~~~~~[m[K
[8.554s]   367 | [01;36m[K            // have a definition.[m[K
[8.554s]       |             [01;36m[K~~~~~~~~~~~~~~~~~~~~~[m[K
[8.554s]   368 | [01;36m[K            //[m[K
[8.554s]       |             [01;36m[K~~[m[K          
[8.555s]   369 | [01;36m[K            // Read through the error produced by your compiler to see which[m[K
[8.555s]       |             [01;36m[K~~~~~~~~~~~~~~~~~~~~~~~~~~~~~~~~~~~~~~~~~~~~~~~~~~~~~~~~~~~~~~~~[m[K
[8.555s]   370 | [01;36m[K            // pure virtual functions you are neglecting to provide overrides[m[K
[8.555s]       |             [01;36m[K~~~~~~~~~~~~~~~~~~~~~~~~~~~~~~~~~~~~~~~~~~~~~~~~~~~~~~~~~~~~~~~~~[m[K
[8.555s]   371 | [01;36m[K            // for.[m[K
[8.555s]       |             [01;36m[K~~~~~~~[m[K     
[8.555s]   372 | [01;36m[K            // ^^^^^^^^^^^^^ READ ABOVE FOR COMPILATION ERRORS ^^^^^^^^^^^^^^^^[m[K
[8.555s]       |             [01;36m[K~~~~~~~~~~~~~~~~~~~~~~~~~~~~~~~~~~~~~~~~~~~~~~~~~~~~~~~~~~~~~~~~~~~[m[K
[8.555s]   373 | [01;36m[K            return static_cast<void*>(new PluginClass);[m[K
[8.555s]       |             [01;36m[K~~~~~~~~~~~~~~~~~~~~~~~~~~~~~~~~~~~~~~~~~~~[m[K
[8.555s]   374 | [01;36m[K          }[m[K;
[8.555s]       |           [01;36m[K~[m[K             
[8.555s] In file included from [01m[K/usr/include/c++/11/functional:59[m[K,
[8.555s]                  from [01m[K/usr/include/c++/11/pstl/glue_algorithm_defs.h:13[m[K,
[8.555s]                  from [01m[K/usr/include/c++/11/algorithm:74[m[K,
[8.555s]                  from [01m[K/usr/include/ignition/math6/gz/math/Helpers.hh:20[m[K,
[8.556s]                  from [01m[K/usr/include/ignition/math6/gz/math/Angle.hh:21[m[K,
[8.556s]                  from [01m[K/usr/include/ignition/gazebo6/gz/sim/Light.hh:27[m[K,
[8.556s]                  from [01m[K/usr/include/ignition/gazebo6/ignition/gazebo/Light.hh:18[m[K,
[8.556s]                  from [01m[K/home/paolo/light_sensor_plugin/src/light_sensor_custom/src/LightSensor.cc:1[m[K:
[8.556s] [01m[K/usr/include/c++/11/bits/std_function.h:469:7:[m[K [01;36m[Knote: [m[Kcandidate: ‘[01m[Kstd::function<_Res(_ArgTypes ...)>& std::function<_Res(_ArgTypes ...)>::operator=(const std::function<_Res(_ArgTypes ...)>&) [with _Res = void*; _ArgTypes = {}][m[K’
[8.556s]   469 |       [01;36m[Koperator[m[K=(const function& __x)
[8.556s]       |       [01;36m[K^~~~~~~~[m[K
[8.556s] [01m[K/usr/include/c++/11/bits/std_function.h:469:33:[m[K [01;36m[Knote: [m[K  no known conversion for argument 1 from ‘[01m[Kignition::plugin::detail::Registrar<custom_light_sensor::LightSensor, ignition::gazebo::v6::System, ignition::gazebo::v6::ISystemConfigure, ignition::gazebo::v6::ISystemPostUpdate>::MakeInfo()::<lambda()>[m[K’ to ‘[01m[Kconst std::function<void*()>&[m[K’
[8.556s]   469 |       operator=([01;36m[Kconst function& __x[m[K)
[8.556s]       |                 [01;36m[K~~~~~~~~~~~~~~~~^~~[m[K
[8.556s] [01m[K/usr/include/c++/11/bits/std_function.h:487:7:[m[K [01;36m[Knote: [m[Kcandidate: ‘[01m[Kstd::function<_Res(_ArgTypes ...)>& std::function<_Res(_ArgTypes ...)>::operator=(std::function<_Res(_ArgTypes ...)>&&) [with _Res = void*; _ArgTypes = {}][m[K’
[8.556s]   487 |       [01;36m[Koperator[m[K=(function&& __x) noexcept
[8.556s]       |       [01;36m[K^~~~~~~~[m[K
[8.556s] [01m[K/usr/include/c++/11/bits/std_function.h:487:28:[m[K [01;36m[Knote: [m[K  no known conversion for argument 1 from ‘[01m[Kignition::plugin::detail::Registrar<custom_light_sensor::LightSensor, ignition::gazebo::v6::System, ignition::gazebo::v6::ISystemConfigure, ignition::gazebo::v6::ISystemPostUpdate>::MakeInfo()::<lambda()>[m[K’ to ‘[01m[Kstd::function<void*()>&&[m[K’
[8.556s]   487 |       operator=([01;36m[Kfunction&& __x[m[K) noexcept
[8.556s]       |                 [01;36m[K~~~~~~~~~~~^~~[m[K
[8.557s] [01m[K/usr/include/c++/11/bits/std_function.h:501:7:[m[K [01;36m[Knote: [m[Kcandidate: ‘[01m[Kstd::function<_Res(_ArgTypes ...)>& std::function<_Res(_ArgTypes ...)>::operator=(std::nullptr_t) [with _Res = void*; _ArgTypes = {}; std::nullptr_t = std::nullptr_t][m[K’
[8.557s]   501 |       [01;36m[Koperator[m[K=(nullptr_t) noexcept
[8.557s]       |       [01;36m[K^~~~~~~~[m[K
[8.557s] [01m[K/usr/include/c++/11/bits/std_function.h:501:17:[m[K [01;36m[Knote: [m[K  no known conversion for argument 1 from ‘[01m[Kignition::plugin::detail::Registrar<custom_light_sensor::LightSensor, ignition::gazebo::v6::System, ignition::gazebo::v6::ISystemConfigure, ignition::gazebo::v6::ISystemPostUpdate>::MakeInfo()::<lambda()>[m[K’ to ‘[01m[Kstd::nullptr_t[m[K’
[8.557s]   501 |       operator=([01;36m[Knullptr_t[m[K) noexcept
[8.557s]       |                 [01;36m[K^~~~~~~~~[m[K
[12.243s] gmake[2]: *** [CMakeFiles/LightSensor.dir/build.make:76: CMakeFiles/LightSensor.dir/src/LightSensor.cc.o] Error 1
[12.243s] gmake[1]: *** [CMakeFiles/Makefile2:137: CMakeFiles/LightSensor.dir/all] Error 2
[12.243s] gmake: *** [Makefile:146: all] Error 2
[12.247s] Invoked command in '/home/paolo/light_sensor_plugin/build/light_sensor' returned '2': CMAKE_PREFIX_PATH=${CMAKE_PREFIX_PATH}:/home/paolo/turtlebot4_controller_ws/install/turtlebot4_controller:/opt/ros/humble /usr/bin/cmake --build /home/paolo/light_sensor_plugin/build/light_sensor -- -j8 -l8
