[0.108s] Invoking command in '/home/paolo/light_sensor_plugin/build/light_sensor': CMAKE_PREFIX_PATH=${CMAKE_PREFIX_PATH}:/home/paolo/turtlebot4_controller_ws/install/turtlebot4_controller:/opt/ros/humble /usr/bin/cmake --build /home/paolo/light_sensor_plugin/build/light_sensor -- -j8 -l8
[0.154s] [35m[1mConsolidate compiler generated dependencies of target LightSensor[0m
[0.178s] [ 50%] [32mBuilding CXX object CMakeFiles/LightSensor.dir/src/LightSensor.cc.o[0m
[3.715s] [01m[K/home/paolo/light_sensor_plugin/src/light_sensor_custom/src/LightSensor.cc:[m[K In member function ‘[01m[Kvirtual void custom_light_sensor::LightSensor::Configure(const Entity&, const std::shared_ptr<const sdf::v12::Element>&, ignition::gazebo::v6::EntityComponentManager&, ignition::gazebo::v6::EventManager&)[m[K’:
[3.715s] [01m[K/home/paolo/light_sensor_plugin/src/light_sensor_custom/src/LightSensor.cc:39:76:[m[K [01;31m[Kerror: [m[Kcannot bind non-const lvalue reference of type ‘[01m[Kstd::__cxx11::basic_string<char>&[m[K’ to an rvalue of type ‘[01m[Kstd::__cxx11::basic_string<char>[m[K’
[3.715s]    39 |                         std::string lightName = lightSdf->Get<std::string>([01;31m[K"name"[m[K);
[3.715s]       |                                                                            [01;31m[K^~~~~~[m[K
[3.715s] In file included from [01m[K/usr/include/c++/11/string:55[m[K,
[3.715s]                  from [01m[K/usr/include/ignition/msgs8/ignition/msgs/pointcloud_packed.pb.h:8[m[K,
[3.715s]                  from [01m[K/usr/include/ignition/msgs8/ignition/msgs/detail/PointCloudPackedUtils.hh:24[m[K,
[3.715s]                  from [01m[K/usr/include/ignition/msgs8/ignition/msgs.hh:23[m[K,
[3.715s]                  from [01m[K/home/paolo/light_sensor_plugin/src/light_sensor_custom/src/LightSensor.cc:1[m[K:
[3.715s] [01m[K/usr/include/c++/11/bits/basic_string.h:533:7:[m[K [01;36m[Knote: [m[K  after user-defined conversion: ‘[01m[Kstd::__cxx11::basic_string<_CharT, _Traits, _Alloc>::basic_string(const _CharT*, const _Alloc&) [with <template-parameter-2-1> = std::allocator<char>; _CharT = char; _Traits = std::char_traits<char>; _Alloc = std::allocator<char>][m[K’
[3.716s]   533 |       [01;36m[Kbasic_string[m[K(const _CharT* __s, const _Alloc& __a = _Alloc())
[3.716s]       |       [01;36m[K^~~~~~~~~~~~[m[K
[3.716s] In file included from [01m[K/usr/include/ignition/sdformat12/sdf/Element.hh:28[m[K,
[3.716s]                  from [01m[K/usr/include/ignition/sdformat12/sdf/Model.hh:26[m[K,
[3.716s]                  from [01m[K/usr/include/ignition/gazebo6/gz/sim/components/Model.hh:22[m[K,
[3.716s]                  from [01m[K/usr/include/ignition/gazebo6/ignition/gazebo/components/Model.hh:18[m[K,
[3.716s]                  from [01m[K/home/paolo/light_sensor_plugin/src/light_sensor_custom/src/LightSensor.cc:4[m[K:
[3.716s] [01m[K/usr/include/ignition/sdformat12/sdf/Param.hh:509:22:[m[K [01;36m[Knote: [m[K  initializing argument 1 of ‘[01m[Kbool sdf::v12::Param::Get(T&) const [with T = std::__cxx11::basic_string<char>][m[K’
[3.716s]   509 |   bool Param::Get([01;36m[KT &_value[m[K) const
[3.716s]       |                   [01;36m[K~~~^~~~~~[m[K
[3.716s] [01m[K/home/paolo/light_sensor_plugin/src/light_sensor_custom/src/LightSensor.cc:40:98:[m[K [01;31m[Kerror: [m[Kcannot convert ‘[01m[Kconst char [5][m[K’ to ‘[01m[Kignition::math::v6::Pose3<double>&[m[K’
[3.716s]    40 |                         ignition::math::Pose3d lightPose = lightSdf->Get<ignition::math::Pose3d>([01;31m[K"pose"[m[K);
[3.716s]       |                                                                                                  [01;31m[K^~~~~~[m[K
[3.716s]       |                                                                                                  [01;31m[K|[m[K
[3.716s]       |                                                                                                  [01;31m[Kconst char [5][m[K
[3.716s] In file included from [01m[K/usr/include/ignition/sdformat12/sdf/Element.hh:28[m[K,
[3.716s]                  from [01m[K/usr/include/ignition/sdformat12/sdf/Model.hh:26[m[K,
[3.717s]                  from [01m[K/usr/include/ignition/gazebo6/gz/sim/components/Model.hh:22[m[K,
[3.717s]                  from [01m[K/usr/include/ignition/gazebo6/ignition/gazebo/components/Model.hh:18[m[K,
[3.717s]                  from [01m[K/home/paolo/light_sensor_plugin/src/light_sensor_custom/src/LightSensor.cc:4[m[K:
[3.717s] [01m[K/usr/include/ignition/sdformat12/sdf/Param.hh:509:22:[m[K [01;36m[Knote: [m[K  initializing argument 1 of ‘[01m[Kbool sdf::v12::Param::Get(T&) const [with T = ignition::math::v6::Pose3<double>][m[K’
[3.717s]   509 |   bool Param::Get([01;36m[KT &_value[m[K) const
[3.717s]       |                   [01;36m[K~~~^~~~~~[m[K
[4.942s] gmake[2]: *** [CMakeFiles/LightSensor.dir/build.make:76: CMakeFiles/LightSensor.dir/src/LightSensor.cc.o] Error 1
[4.942s] gmake[1]: *** [CMakeFiles/Makefile2:137: CMakeFiles/LightSensor.dir/all] Error 2
[4.943s] gmake: *** [Makefile:146: all] Error 2
[4.945s] Invoked command in '/home/paolo/light_sensor_plugin/build/light_sensor' returned '2': CMAKE_PREFIX_PATH=${CMAKE_PREFIX_PATH}:/home/paolo/turtlebot4_controller_ws/install/turtlebot4_controller:/opt/ros/humble /usr/bin/cmake --build /home/paolo/light_sensor_plugin/build/light_sensor -- -j8 -l8
