[0.103s] Invoking command in '/home/paolo/light_sensor_plugin/build/light_sensor': CMAKE_PREFIX_PATH=${CMAKE_PREFIX_PATH}:/home/paolo/turtlebot4_controller_ws/install/turtlebot4_controller:/opt/ros/humble /usr/bin/cmake --build /home/paolo/light_sensor_plugin/build/light_sensor -- -j8 -l8
[0.155s] [35m[1mConsolidate compiler generated dependencies of target LightSensor[0m
[0.185s] [ 50%] [32mBuilding CXX object CMakeFiles/LightSensor.dir/src/LightSensor.cc.o[0m
[16.272s] [100%] [32m[1mLinking CXX shared library libLightSensor.so[0m
[17.105s] [100%] Built target LightSensor
[17.117s] Invoked command in '/home/paolo/light_sensor_plugin/build/light_sensor' returned '0': CMAKE_PREFIX_PATH=${CMAKE_PREFIX_PATH}:/home/paolo/turtlebot4_controller_ws/install/turtlebot4_controller:/opt/ros/humble /usr/bin/cmake --build /home/paolo/light_sensor_plugin/build/light_sensor -- -j8 -l8
[17.156s] Invoking command in '/home/paolo/light_sensor_plugin/build/light_sensor': CMAKE_PREFIX_PATH=${CMAKE_PREFIX_PATH}:/home/paolo/turtlebot4_controller_ws/install/turtlebot4_controller:/opt/ros/humble /usr/bin/cmake --install /home/paolo/light_sensor_plugin/build/light_sensor
[17.163s] -- Install configuration: ""
[17.163s] -- Up-to-date: /home/paolo/light_sensor_plugin/install/share/light_sensor/environment/resource_paths.dsv
[17.163s] -- Up-to-date: /home/paolo/light_sensor_plugin/install/share/light_sensor/environment/resource_paths.sh
[17.164s] -- Installing: /home/paolo/light_sensor_plugin/install/lib/libLightSensor.so
[17.178s] -- Up-to-date: /home/paolo/light_sensor_plugin/install/share/light_sensor/model
[17.178s] -- Installing: /home/paolo/light_sensor_plugin/install/share/light_sensor/model/model.sdf
[17.178s] -- Up-to-date: /home/paolo/light_sensor_plugin/install/share/ament_index/resource_index/package_run_dependencies/light_sensor
[17.179s] -- Up-to-date: /home/paolo/light_sensor_plugin/install/share/ament_index/resource_index/parent_prefix_path/light_sensor
[17.179s] -- Up-to-date: /home/paolo/light_sensor_plugin/install/share/light_sensor/environment/ament_prefix_path.sh
[17.179s] -- Up-to-date: /home/paolo/light_sensor_plugin/install/share/light_sensor/environment/ament_prefix_path.dsv
[17.179s] -- Up-to-date: /home/paolo/light_sensor_plugin/install/share/light_sensor/environment/path.sh
[17.179s] -- Up-to-date: /home/paolo/light_sensor_plugin/install/share/light_sensor/environment/path.dsv
[17.179s] -- Up-to-date: /home/paolo/light_sensor_plugin/install/share/light_sensor/local_setup.bash
[17.179s] -- Up-to-date: /home/paolo/light_sensor_plugin/install/share/light_sensor/local_setup.sh
[17.179s] -- Up-to-date: /home/paolo/light_sensor_plugin/install/share/light_sensor/local_setup.zsh
[17.179s] -- Up-to-date: /home/paolo/light_sensor_plugin/install/share/light_sensor/local_setup.dsv
[17.180s] -- Installing: /home/paolo/light_sensor_plugin/install/share/light_sensor/package.dsv
[17.180s] -- Up-to-date: /home/paolo/light_sensor_plugin/install/share/ament_index/resource_index/packages/light_sensor
[17.180s] -- Up-to-date: /home/paolo/light_sensor_plugin/install/share/light_sensor/cmake/light_sensorConfig.cmake
[17.180s] -- Up-to-date: /home/paolo/light_sensor_plugin/install/share/light_sensor/cmake/light_sensorConfig-version.cmake
[17.180s] -- Up-to-date: /home/paolo/light_sensor_plugin/install/share/light_sensor/package.xml
[17.181s] Invoked command in '/home/paolo/light_sensor_plugin/build/light_sensor' returned '0': CMAKE_PREFIX_PATH=${CMAKE_PREFIX_PATH}:/home/paolo/turtlebot4_controller_ws/install/turtlebot4_controller:/opt/ros/humble /usr/bin/cmake --install /home/paolo/light_sensor_plugin/build/light_sensor
