[0.107s] Invoking command in '/home/paolo/light_sensor_plugin/build/light_sensor': CMAKE_PREFIX_PATH=${CMAKE_PREFIX_PATH}:/home/paolo/turtlebot4_controller_ws/install/turtlebot4_controller:/opt/ros/humble /usr/bin/cmake --build /home/paolo/light_sensor_plugin/build/light_sensor -- -j8 -l8
[0.155s] [35m[1mConsolidate compiler generated dependencies of target LightSensor[0m
[0.180s] [ 50%] [32mBuilding CXX object CMakeFiles/LightSensor.dir/src/LightSensor.cc.o[0m
[3.988s] [01m[K/home/paolo/light_sensor_plugin/src/light_sensor_custom/src/LightSensor.cc:[m[K In member function ‘[01m[Kvirtual void custom_light_sensor::LightSensor::PostUpdate(const ignition::gazebo::v6::UpdateInfo&, const ignition::gazebo::v6::EntityComponentManager&)[m[K’:
[3.988s] [01m[K/home/paolo/light_sensor_plugin/src/light_sensor_custom/src/LightSensor.cc:100:61:[m[K [01;31m[Kerror: [m[K‘[01m[KPose[m[K’ in namespace ‘[01m[Kignition::gazebo::v6::components[m[K’ does not name a type
[3.988s]   100 |                         const ignition::gazebo::components::[01;31m[KPose[m[K *poseComp =
[3.988s]       |                                                             [01;31m[K^~~~[m[K
[3.994s] [01m[K/home/paolo/light_sensor_plugin/src/light_sensor_custom/src/LightSensor.cc:103:61:[m[K [01;31m[Kerror: [m[K‘[01m[KposeComp[m[K’ was not declared in this scope
[3.994s]   103 |                         ignition::math::Pose3d entityPose = [01;31m[KposeComp[m[K->Data();
[3.994s]       |                                                             [01;31m[K^~~~~~~~[m[K
[3.995s] [01m[K/home/paolo/light_sensor_plugin/src/light_sensor_custom/src/LightSensor.cc:113:47:[m[K [01;31m[Kerror: [m[K‘[01m[KPose[m[K’ is not a member of ‘[01m[Kignition::gazebo::v6::components[m[K’; did you mean ‘[01m[Kignition::msgs::Pose[m[K’?
[3.995s]   113 |                 ignition::gazebo::components::[01;31m[KPose[m[K,
[3.995s]       |                                               [01;31m[K^~~~[m[K
[3.995s] In file included from [01m[K/usr/include/ignition/msgs8/ignition/msgs/actor.pb.h:37[m[K,
[3.995s]                  from [01m[K/usr/include/ignition/msgs8/ignition/msgs/MessageTypes.hh:31[m[K,
[3.995s]                  from [01m[K/usr/include/ignition/msgs8/ignition/msgs/Utility.hh:34[m[K,
[3.995s]                  from [01m[K/usr/include/ignition/msgs8/ignition/msgs.hh:29[m[K,
[3.995s]                  from [01m[K/home/paolo/light_sensor_plugin/src/light_sensor_custom/src/LightSensor.cc:1[m[K:
[3.995s] [01m[K/usr/include/ignition/msgs8/ignition/msgs/pose.pb.h:86:29:[m[K [01;36m[Knote: [m[K‘[01m[Kignition::msgs::Pose[m[K’ declared here
[3.996s]    86 | class IGNITION_MSGS_VISIBLE [01;36m[KPose[m[K PROTOBUF_FINAL :
[3.996s]       |                             [01;36m[K^~~~[m[K
[3.996s] [01m[K/home/paolo/light_sensor_plugin/src/light_sensor_custom/src/LightSensor.cc:117:61:[m[K [01;31m[Kerror: [m[K‘[01m[KPose[m[K’ in namespace ‘[01m[Kignition::gazebo::v6::components[m[K’ does not name a type
[3.996s]   117 |                         const ignition::gazebo::components::[01;31m[KPose[m[K *_pose,
[3.996s]       |                                                             [01;31m[K^~~~[m[K
[3.996s] [01m[K/home/paolo/light_sensor_plugin/src/light_sensor_custom/src/LightSensor.cc:[m[K In lambda function:
[3.996s] [01m[K/home/paolo/light_sensor_plugin/src/light_sensor_custom/src/LightSensor.cc:140:27:[m[K [01;31m[Kerror: [m[Kexpected ‘[01m[K{[m[K’ before ‘[01m[K;[m[K’ token
[3.996s]   140 |                         })[01;31m[K;[m[K
[3.996s]       |                           [01;31m[K^[m[K
[3.996s] [01m[K/home/paolo/light_sensor_plugin/src/light_sensor_custom/src/LightSensor.cc:[m[K In member function ‘[01m[Kvirtual void custom_light_sensor::LightSensor::PostUpdate(const ignition::gazebo::v6::UpdateInfo&, const ignition::gazebo::v6::EntityComponentManager&)[m[K’:
[3.996s] [01m[K/home/paolo/light_sensor_plugin/src/light_sensor_custom/src/LightSensor.cc:140:27:[m[K [01;31m[Kerror: [m[Kexpected ‘[01m[K)[m[K’ before ‘[01m[K;[m[K’ token
[3.996s]   140 |                         })[01;31m[K;[m[K
[3.996s]       |                           [01;31m[K^[m[K
[3.996s]       |                           [32m[K)[m[K
[3.996s] [01m[K/home/paolo/light_sensor_plugin/src/light_sensor_custom/src/LightSensor.cc:114:60:[m[K [01;36m[Knote: [m[Kto match this ‘[01m[K([m[K’
[3.996s]   114 |                 ignition::gazebo::components::ParentEntity>[01;36m[K([m[K
[3.997s]       |                                                            [01;36m[K^[m[K
[4.361s] In file included from [01m[K/usr/include/ignition/gazebo6/gz/sim/components/Factory.hh:31[m[K,
[4.362s]                  from [01m[K/usr/include/ignition/gazebo6/gz/sim/components/ParentEntity.hh:20[m[K,
[4.362s]                  from [01m[K/usr/include/ignition/gazebo6/ignition/gazebo/components/ParentEntity.hh:18[m[K,
[4.362s]                  from [01m[K/home/paolo/light_sensor_plugin/src/light_sensor_custom/src/LightSensor.cc:3[m[K:
[4.362s] /usr/include/ignition/gazebo6/gz/sim/components/Component.hh: In instantiation of ‘[01m[Kbool ignition::gazebo::v6::components::Component<DataType, Identifier, Serializer>::operator!=(const ignition::gazebo::v6::components::Component<DataType, Identifier, Serializer>&) const [with DataType = sdf::v12::Light; Identifier = ignition::gazebo::v6::components::LightTag; Serializer = ignition::gazebo::v6::serializers::ComponentToMsgSerializer<sdf::v12::Light, ignition::msgs::Light>][m[K’:
[4.362s] [01m[K/usr/include/ignition/gazebo6/gz/sim/detail/EntityComponentManager.hh:267:28:[m[K   required from ‘[01m[Kignition::gazebo::v6::EntityComponentManager::EntitiesByComponents<ignition::gazebo::v6::components::Component<sdf::v12::Light, ignition::gazebo::v6::components::LightTag, ignition::gazebo::v6::serializers::ComponentToMsgSerializer<sdf::v12::Light, ignition::msgs::Light> > >(const ignition::gazebo::v6::components::Component<sdf::v12::Light, ignition::gazebo::v6::components::LightTag, ignition::gazebo::v6::serializers::ComponentToMsgSerializer<sdf::v12::Light, ignition::msgs::Light> >&) const::<lambda(const auto:26&)> [with auto:26 = ignition::gazebo::v6::components::Component<sdf::v12::Light, ignition::gazebo::v6::components::LightTag, ignition::gazebo::v6::serializers::ComponentToMsgSerializer<sdf::v12::Light, ignition::msgs::Light> >][m[K’
[4.362s] [01m[K/usr/include/ignition/gazebo6/gz/sim/detail/EntityComponentManager.hh:466:6:[m[K   required from ‘[01m[Kstatic void ignition::gazebo::v6::EntityComponentManager::ForEach(Function, const ComponentTypeTs& ...) [with Function = ignition::gazebo::v6::EntityComponentManager::EntitiesByComponents<ignition::gazebo::v6::components::Component<sdf::v12::Light, ignition::gazebo::v6::components::LightTag, ignition::gazebo::v6::serializers::ComponentToMsgSerializer<sdf::v12::Light, ignition::msgs::Light> > >(const ignition::gazebo::v6::components::Component<sdf::v12::Light, ignition::gazebo::v6::components::LightTag, ignition::gazebo::v6::serializers::ComponentToMsgSerializer<sdf::v12::Light, ignition::msgs::Light> >&) const::<lambda(const auto:26&)>; ComponentTypeTs = {ignition::gazebo::v6::components::Component<sdf::v12::Light, ignition::gazebo::v6::components::LightTag, ignition::gazebo::v6::serializers::ComponentToMsgSerializer<sdf::v12::Light, ignition::msgs::Light> >}][m[K’
[4.362s] [01m[K/usr/include/ignition/gazebo6/gz/sim/detail/EntityComponentManager.hh:261:12:[m[K   required from ‘[01m[Kstd::vector<long unsigned int> ignition::gazebo::v6::EntityComponentManager::EntitiesByComponents(const ComponentTypeTs& ...) const [with ComponentTypeTs = {ignition::gazebo::v6::components::Component<sdf::v12::Light, ignition::gazebo::v6::components::LightTag, ignition::gazebo::v6::serializers::ComponentToMsgSerializer<sdf::v12::Light, ignition::msgs::Light> >}][m[K’
[4.362s] [01m[K/home/paolo/light_sensor_plugin/src/light_sensor_custom/src/LightSensor.cc:28:42:[m[K   required from here
[4.362s] [01m[K/usr/include/ignition/gazebo6/gz/sim/components/Component.hh:488:23:[m[K [01;31m[Kerror: [m[Kno match for ‘[01m[Koperator!=[m[K’ (operand types are ‘[01m[Kconst sdf::v12::Light[m[K’ and ‘[01m[Kconst sdf::v12::Light[m[K’)
[4.362s]   488 |     return [01;31m[Kthis->data != _component.Data()[m[K;
[4.362s]       |            [01;31m[K~~~~~~~~~~~^~~~~~~~~~~~~~~~~~~~[m[K
[5.273s] gmake[2]: *** [CMakeFiles/LightSensor.dir/build.make:76: CMakeFiles/LightSensor.dir/src/LightSensor.cc.o] Error 1
[5.273s] gmake[1]: *** [CMakeFiles/Makefile2:137: CMakeFiles/LightSensor.dir/all] Error 2
[5.274s] gmake: *** [Makefile:146: all] Error 2
[5.277s] Invoked command in '/home/paolo/light_sensor_plugin/build/light_sensor' returned '2': CMAKE_PREFIX_PATH=${CMAKE_PREFIX_PATH}:/home/paolo/turtlebot4_controller_ws/install/turtlebot4_controller:/opt/ros/humble /usr/bin/cmake --build /home/paolo/light_sensor_plugin/build/light_sensor -- -j8 -l8
