[0.118s] Invoking command in '/home/paolo/light_sensor_plugin/build/light_sensor_plugin': /usr/bin/cmake /home/paolo/light_sensor_plugin -DCMAKE_INSTALL_PREFIX=/home/paolo/light_sensor_plugin/install
[0.135s] -- Found ament_cmake: 1.3.7 (/opt/ros/humble/share/ament_cmake/cmake)
[0.319s] -- Looking for ignition-math6 -- found version 6.15.1
[0.323s] -- Searching for dependencies of ignition-math6
[0.323s] -- Looking for ignition-msgs8 -- found version 8.7.0
[0.324s] -- Searching for dependencies of ignition-msgs8
[0.348s] -- Found Protobuf: /usr/lib/x86_64-linux-gnu/libprotobuf.so (found suitable version "3.12.4", minimum required is "3") 
[0.349s] -- Looking for ignition-math6 -- found version 6.15.1
[0.355s] -- Checking for module 'tinyxml2'
[0.367s] --   Found tinyxml2, version 9.0.0
[0.398s] -- Looking for ignition-transport11 -- found version 11.4.1
[0.399s] -- Searching for dependencies of ignition-transport11
[0.421s] -- Found Protobuf: /usr/lib/x86_64-linux-gnu/libprotobuf.so (found version "3.12.4") 
[0.435s] -- Config-file not installed for ZeroMQ -- checking for pkg-config
[0.440s] -- Checking for module 'libzmq >= 4'
[0.455s] --   Found libzmq , version 4.3.4
[0.496s] -- Checking for module 'uuid'
[0.511s] --   Found uuid, version 2.37.2
[0.543s] -- Looking for ignition-utils1 -- found version 1.5.1
[0.544s] -- Searching for dependencies of ignition-utils1
[0.544s] -- Searching for <ignition-utils1> component [cli]
[0.545s] -- Looking for ignition-utils1-cli -- found version 1.5.1
[0.545s] -- Searching for dependencies of ignition-utils1-cli
[0.546s] -- Looking for ignition-msgs8 -- found version 8.7.0
[0.547s] -- Looking for ignition-plugin1 -- found version 1.4.0
[0.547s] -- Searching for dependencies of ignition-plugin1
[0.548s] -- Searching for <ignition-plugin1> component [loader]
[0.549s] -- Looking for ignition-plugin1-loader -- found version 1.4.0
[0.549s] -- Searching for dependencies of ignition-plugin1-loader
[0.550s] -- Searching for <ignition-plugin1> component [register]
[0.550s] -- Looking for ignition-plugin1-register -- found version 1.4.0
[0.551s] -- Searching for dependencies of ignition-plugin1-register
[0.552s] -- Looking for ignition-sensors6 -- found version 6.8.0
[0.553s] -- Searching for dependencies of ignition-sensors6
[0.575s] -- Looking for ignition-math6 -- found version 6.15.1
[0.575s] -- Looking for ignition-common4 -- found version 4.7.0
[0.576s] -- Searching for dependencies of ignition-common4
[0.576s] -- Looking for dlfcn.h - found
[0.576s] -- Looking for libdl - found
[0.596s] -- Searching for <ignition-common4> component [profiler]
[0.596s] -- Looking for ignition-common4-profiler -- found version 4.7.0
[0.597s] -- Searching for dependencies of ignition-common4-profiler
[0.598s] -- Looking for ignition-transport11 -- found version 11.4.1
[0.598s] -- Looking for ignition-rendering6 -- found version 6.6.3
[0.599s] -- Searching for dependencies of ignition-rendering6
[0.599s] -- Looking for ignition-math6 -- found version 6.15.1
[0.600s] -- Searching for dependencies of ignition-math6
[0.600s] -- Searching for <ignition-math6> component [eigen3]
[0.601s] -- Looking for ignition-math6-eigen3 -- found version 6.15.1
[0.601s] -- Searching for dependencies of ignition-math6-eigen3
[0.604s] -- Looking for ignition-common4 -- found version 4.7.0
[0.604s] -- Searching for dependencies of ignition-common4
[0.605s] -- Looking for dlfcn.h - found
[0.605s] -- Looking for libdl - found
[0.614s] -- Searching for <ignition-common4> component [graphics]
[0.615s] -- Looking for ignition-common4-graphics -- found version 4.7.0
[0.615s] -- Searching for dependencies of ignition-common4-graphics
[0.616s] -- Looking for ignition-math6 -- found version 6.15.1
[0.616s] -- Looking for ignition-utils1 -- found version 1.5.1
[0.617s] -- Searching for <ignition-common4> component [events]
[0.618s] -- Looking for ignition-common4-events -- found version 4.7.0
[0.619s] -- Searching for dependencies of ignition-common4-events
[0.620s] -- Looking for ignition-math6 -- found version 6.15.1
[0.621s] -- Looking for ignition-plugin1 -- found version 1.4.0
[0.622s] -- Searching for dependencies of ignition-plugin1
[0.622s] -- Searching for <ignition-plugin1> component [all]
[0.622s] -- Looking for all libraries of ignition-plugin1 -- found version 1.4.0
[0.623s] -- Looking for ignition-plugin1 -- found version 1.4.0
[0.626s] -- Looking for ignition-msgs8 -- found version 8.7.0
[0.626s] -- Looking for sdformat12 -- found version 12.7.2
[0.627s] -- Searching for dependencies of sdformat12
[0.635s] -- Looking for ignition-math6 -- found version 6.15.1
[0.636s] -- Looking for ignition-utils1 -- found version 1.5.1
[0.638s] -- Looking for ignition-gazebo6 -- found version 6.16.0
[0.639s] -- Searching for dependencies of ignition-gazebo6
[0.639s] -- Looking for sdformat12 -- found version 12.7.2
[0.640s] -- Looking for ignition-plugin1 -- found version 1.4.0
[0.640s] -- Looking for ignition-transport11 -- found version 11.4.1
[0.641s] -- Searching for dependencies of ignition-transport11
[0.675s] -- Config-file not installed for ZeroMQ -- checking for pkg-config
[0.680s] -- Checking for module 'libzmq >= 4'
[0.695s] --   Found libzmq , version 4.3.4
[0.743s] -- Looking for ignition-utils1 -- found version 1.5.1
[0.743s] -- Looking for ignition-msgs8 -- found version 8.7.0
[0.743s] -- Searching for <ignition-transport11> component [log]
[0.744s] -- Looking for ignition-transport11-log -- found version 11.4.1
[0.744s] -- Searching for dependencies of ignition-transport11-log
[0.745s] -- Searching for <ignition-transport11> component [parameters]
[0.745s] -- Looking for ignition-transport11-parameters -- found version 11.4.1
[0.746s] -- Searching for dependencies of ignition-transport11-parameters
[0.747s] -- Looking for ignition-msgs8 -- found version 8.7.0
[0.747s] -- Looking for ignition-common4 -- found version 4.7.0
[0.748s] -- Searching for dependencies of ignition-common4
[0.748s] -- Looking for dlfcn.h - found
[0.748s] -- Looking for libdl - found
[0.759s] -- Searching for <ignition-common4> component [profiler]
[0.759s] -- Searching for <ignition-common4> component [events]
[0.760s] -- Searching for <ignition-common4> component [av]
[0.760s] -- Looking for ignition-common4-av -- found version 4.7.0
[0.761s] -- Searching for dependencies of ignition-common4-av
[0.766s] -- Checking for module 'libswscale'
[0.782s] --   Found libswscale, version 5.9.100
[0.832s] -- Checking for module 'libavdevice >= 56.4.100'
[0.848s] --   Found libavdevice , version 58.13.100
[0.889s] -- Checking for module 'libavformat'
[0.902s] --   Found libavformat, version 58.76.100
[0.941s] -- Checking for module 'libavcodec'
[0.955s] --   Found libavcodec, version 58.134.100
[0.991s] -- Checking for module 'libavutil'
[1.005s] --   Found libavutil, version 56.70.100
[1.037s] -- Looking for ignition-fuel_tools7 -- found version 7.3.0
[1.038s] -- Searching for dependencies of ignition-fuel_tools7
[1.077s] -- Checking for module 'jsoncpp'
[1.090s] --   Found jsoncpp, version 1.9.5
[1.125s] -- Checking for module 'libzip'
[1.139s] --   Found libzip, version 1.7.3
[1.170s] -- Looking for ignition-common4 -- found version 4.7.0
[1.170s] -- Looking for ignition-math6 -- found version 6.15.1
[1.171s] -- Looking for ignition-msgs8 -- found version 8.7.0
[1.172s] -- Looking for ignition-gui6 -- found version 6.8.0
[1.172s] -- Searching for dependencies of ignition-gui6
[1.192s] -- Found Protobuf: /usr/lib/x86_64-linux-gnu/libprotobuf.so (found suitable version "3.12.4", minimum required is "3") 
[1.199s] -- Looking for ignition-math6 -- found version 6.15.1
[1.199s] -- Looking for ignition-common4 -- found version 4.7.0
[1.200s] -- Looking for ignition-plugin1 -- found version 1.4.0
[1.200s] -- Looking for ignition-transport11 -- found version 11.4.1
[1.201s] -- Looking for ignition-rendering6 -- found version 6.6.3
[1.201s] -- Looking for ignition-msgs8 -- found version 8.7.0
[1.216s] -- Looking for ignition-physics5 -- found version 5.3.2
[1.216s] -- Searching for dependencies of ignition-physics5
[1.216s] -- Looking for ignition-math6 -- found version 6.15.1
[1.217s] -- Looking for ignition-plugin1 -- found version 1.4.0
[1.217s] -- Looking for ignition-utils1 -- found version 1.5.1
[1.218s] -- Searching for <ignition-physics5> component [heightmap]
[1.219s] -- Looking for ignition-physics5-heightmap -- found version 5.3.2
[1.219s] -- Searching for dependencies of ignition-physics5-heightmap
[1.220s] -- Looking for ignition-common4 -- found version 4.7.0
[1.220s] -- Searching for <ignition-physics5> component [mesh]
[1.220s] -- Looking for ignition-physics5-mesh -- found version 5.3.2
[1.221s] -- Searching for dependencies of ignition-physics5-mesh
[1.221s] -- Looking for ignition-common4 -- found version 4.7.0
[1.222s] -- Searching for <ignition-physics5> component [sdf]
[1.222s] -- Looking for ignition-physics5-sdf -- found version 5.3.2
[1.223s] -- Searching for dependencies of ignition-physics5-sdf
[1.223s] -- Looking for sdformat12 -- found version 12.7.2
[1.224s] -- Looking for ignition-sensors6 -- found version 6.8.0
[1.224s] -- Searching for dependencies of ignition-sensors6
[1.245s] -- Found Protobuf: /usr/lib/x86_64-linux-gnu/libprotobuf.so (found version "3.12.4") 
[1.246s] -- Looking for ignition-math6 -- found version 6.15.1
[1.247s] -- Looking for ignition-common4 -- found version 4.7.0
[1.247s] -- Looking for ignition-transport11 -- found version 11.4.1
[1.248s] -- Looking for ignition-rendering6 -- found version 6.6.3
[1.248s] -- Looking for ignition-msgs8 -- found version 8.7.0
[1.249s] -- Looking for sdformat12 -- found version 12.7.2
[1.249s] -- Searching for <ignition-sensors6> component [air_pressure]
[1.249s] -- Looking for ignition-sensors6-air_pressure -- found version 6.8.0
[1.250s] -- Searching for dependencies of ignition-sensors6-air_pressure
[1.250s] -- Searching for <ignition-sensors6> component [altimeter]
[1.251s] -- Looking for ignition-sensors6-altimeter -- found version 6.8.0
[1.251s] -- Searching for dependencies of ignition-sensors6-altimeter
[1.252s] -- Searching for <ignition-sensors6> component [imu]
[1.252s] -- Looking for ignition-sensors6-imu -- found version 6.8.0
[1.252s] -- Searching for dependencies of ignition-sensors6-imu
[1.253s] -- Searching for <ignition-sensors6> component [force_torque]
[1.253s] -- Looking for ignition-sensors6-force_torque -- found version 6.8.0
[1.254s] -- Searching for dependencies of ignition-sensors6-force_torque
[1.254s] -- Searching for <ignition-sensors6> component [logical_camera]
[1.255s] -- Looking for ignition-sensors6-logical_camera -- found version 6.8.0
[1.255s] -- Searching for dependencies of ignition-sensors6-logical_camera
[1.256s] -- Searching for <ignition-sensors6> component [magnetometer]
[1.256s] -- Looking for ignition-sensors6-magnetometer -- found version 6.8.0
[1.256s] -- Searching for dependencies of ignition-sensors6-magnetometer
[1.257s] -- Searching for <ignition-sensors6> component [navsat]
[1.257s] -- Looking for ignition-sensors6-navsat -- found version 6.8.0
[1.258s] -- Searching for dependencies of ignition-sensors6-navsat
[1.258s] -- Searching for <ignition-sensors6> component [rendering]
[1.259s] -- Looking for ignition-sensors6-rendering -- found version 6.8.0
[1.259s] -- Searching for dependencies of ignition-sensors6-rendering
[1.260s] -- Searching for <ignition-sensors6> component [lidar]
[1.260s] -- Looking for ignition-sensors6-lidar -- found version 6.8.0
[1.260s] -- Searching for dependencies of ignition-sensors6-lidar
[1.261s] -- Looking for ignition-sensors6 -- found version 6.8.0
[1.262s] -- Searching for <ignition-sensors6> component [gpu_lidar]
[1.262s] -- Looking for ignition-sensors6-gpu_lidar -- found version 6.8.0
[1.262s] -- Searching for dependencies of ignition-sensors6-gpu_lidar
[1.263s] -- Looking for ignition-sensors6 -- found version 6.8.0
[1.263s] -- Searching for <ignition-sensors6> component [camera]
[1.264s] -- Looking for ignition-sensors6-camera -- found version 6.8.0
[1.264s] -- Searching for dependencies of ignition-sensors6-camera
[1.265s] -- Looking for ignition-sensors6 -- found version 6.8.0
[1.265s] -- Searching for <ignition-sensors6> component [boundingbox_camera]
[1.266s] -- Looking for ignition-sensors6-boundingbox_camera -- found version 6.8.0
[1.266s] -- Searching for dependencies of ignition-sensors6-boundingbox_camera
[1.267s] -- Searching for <ignition-sensors6> component [segmentation_camera]
[1.267s] -- Looking for ignition-sensors6-segmentation_camera -- found version 6.8.0
[1.267s] -- Searching for dependencies of ignition-sensors6-segmentation_camera
[1.268s] -- Searching for <ignition-sensors6> component [depth_camera]
[1.268s] -- Looking for ignition-sensors6-depth_camera -- found version 6.8.0
[1.269s] -- Searching for dependencies of ignition-sensors6-depth_camera
[1.269s] -- Looking for ignition-sensors6 -- found version 6.8.0
[1.270s] -- Searching for <ignition-sensors6> component [rgbd_camera]
[1.270s] -- Looking for ignition-sensors6-rgbd_camera -- found version 6.8.0
[1.271s] -- Searching for dependencies of ignition-sensors6-rgbd_camera
[1.271s] -- Looking for ignition-sensors6 -- found version 6.8.0
[1.272s] -- Searching for <ignition-sensors6> component [thermal_camera]
[1.272s] -- Looking for ignition-sensors6-thermal_camera -- found version 6.8.0
[1.273s] -- Searching for dependencies of ignition-sensors6-thermal_camera
[1.273s] -- Looking for ignition-sensors6 -- found version 6.8.0
[1.274s] -- Looking for ignition-rendering6 -- found version 6.6.3
[1.274s] -- Looking for ignition-math6 -- found version 6.15.1
[1.275s] -- Looking for ignition-utils1 -- found version 1.5.1
[1.296s] -- Found rclcpp: 16.0.8 (/opt/ros/humble/share/rclcpp/cmake)
[1.318s] -- Found rosidl_generator_c: 3.1.5 (/opt/ros/humble/share/rosidl_generator_c/cmake)
[1.321s] -- Found rosidl_adapter: 3.1.5 (/opt/ros/humble/share/rosidl_adapter/cmake)
[1.327s] -- Found rosidl_generator_cpp: 3.1.5 (/opt/ros/humble/share/rosidl_generator_cpp/cmake)
[1.342s] -- Using all available rosidl_typesupport_c: rosidl_typesupport_fastrtps_c;rosidl_typesupport_introspection_c
[1.359s] -- Using all available rosidl_typesupport_cpp: rosidl_typesupport_fastrtps_cpp;rosidl_typesupport_introspection_cpp
[1.417s] -- Found rmw_implementation_cmake: 6.1.1 (/opt/ros/humble/share/rmw_implementation_cmake/cmake)
[1.419s] -- Found rmw_fastrtps_cpp: 6.2.6 (/opt/ros/humble/share/rmw_fastrtps_cpp/cmake)
[1.551s] -- Using RMW implementation 'rmw_fastrtps_cpp' as default
[1.707s] [31mCMake Error at CMakeLists.txt:51 (install):
[1.707s]   install TARGETS given target "LightSensor" which does not exist.
[1.708s] 
[1.708s] [0m
[1.708s] [0mCMake Error: File /home/paolo/light_sensor_plugin/package.xml does not exist.[0m
[1.708s] [31mCMake Error at /opt/ros/humble/share/ament_cmake_core/cmake/core/stamp.cmake:24 (configure_file):
[1.708s]   configure_file Problem configuring file
[1.708s] Call Stack (most recent call first):
[1.708s]   /opt/ros/humble/share/ament_cmake_core/cmake/core/ament_package_xml.cmake:73 (stamp)
[1.708s]   /opt/ros/humble/share/ament_cmake_core/cmake/core/ament_package_xml.cmake:49 (_ament_package_xml)
[1.708s]   /opt/ros/humble/share/ament_cmake_core/cmake/core/ament_package.cmake:63 (ament_package_xml)
[1.708s]   CMakeLists.txt:62 (ament_package)
[1.708s] 
[1.708s] [0m
[1.710s] -- Configuring incomplete, errors occurred!
[1.710s] See also "/home/paolo/light_sensor_plugin/build/light_sensor_plugin/CMakeFiles/CMakeOutput.log".
[1.719s] Invoked command in '/home/paolo/light_sensor_plugin/build/light_sensor_plugin' returned '1': /usr/bin/cmake /home/paolo/light_sensor_plugin -DCMAKE_INSTALL_PREFIX=/home/paolo/light_sensor_plugin/install
