[0.128s] Invoking command in '/home/paolo/light_sensor_plugin/build/light_sensor_plugin': CMAKE_PREFIX_PATH=${CMAKE_PREFIX_PATH}:/home/paolo/turtlebot4_controller_ws/install/turtlebot4_controller:/opt/ros/humble /usr/bin/cmake /home/paolo/light_sensor_plugin -DCMAKE_INSTALL_PREFIX=/home/paolo/light_sensor_plugin/install
[0.143s] -- Found ament_cmake: 1.3.7 (/opt/ros/humble/share/ament_cmake/cmake)
[0.300s] -- Looking for ignition-math6 -- found version 6.15.1
[0.303s] -- Searching for dependencies of ignition-math6
[0.304s] -- Looking for ignition-msgs8 -- found version 8.7.0
[0.305s] -- Searching for dependencies of ignition-msgs8
[0.326s] -- Found Protobuf: /usr/lib/x86_64-linux-gnu/libprotobuf.so (found suitable version "3.12.4", minimum required is "3") 
[0.326s] -- Looking for ignition-math6 -- found version 6.15.1
[0.332s] -- Checking for module 'tinyxml2'
[0.345s] --   Found tinyxml2, version 9.0.0
[0.376s] -- Looking for ignition-transport11 -- found version 11.4.1
[0.377s] -- Searching for dependencies of ignition-transport11
[0.397s] -- Found Protobuf: /usr/lib/x86_64-linux-gnu/libprotobuf.so (found version "3.12.4") 
[0.412s] -- Config-file not installed for ZeroMQ -- checking for pkg-config
[0.417s] -- Checking for module 'libzmq >= 4'
[0.435s] --   Found libzmq , version 4.3.4
[0.481s] -- Checking for module 'uuid'
[0.497s] --   Found uuid, version 2.37.2
[0.529s] -- Looking for ignition-utils1 -- found version 1.5.1
[0.530s] -- Searching for dependencies of ignition-utils1
[0.530s] -- Searching for <ignition-utils1> component [cli]
[0.531s] -- Looking for ignition-utils1-cli -- found version 1.5.1
[0.531s] -- Searching for dependencies of ignition-utils1-cli
[0.532s] -- Looking for ignition-msgs8 -- found version 8.7.0
[0.533s] -- Looking for ignition-plugin1 -- found version 1.4.0
[0.534s] -- Searching for dependencies of ignition-plugin1
[0.534s] -- Searching for <ignition-plugin1> component [loader]
[0.535s] -- Looking for ignition-plugin1-loader -- found version 1.4.0
[0.535s] -- Searching for dependencies of ignition-plugin1-loader
[0.536s] -- Searching for <ignition-plugin1> component [register]
[0.536s] -- Looking for ignition-plugin1-register -- found version 1.4.0
[0.537s] -- Searching for dependencies of ignition-plugin1-register
[0.537s] -- Looking for ignition-sensors6 -- found version 6.8.0
[0.538s] -- Searching for dependencies of ignition-sensors6
[0.559s] -- Looking for ignition-math6 -- found version 6.15.1
[0.559s] -- Looking for ignition-common4 -- found version 4.7.0
[0.560s] -- Searching for dependencies of ignition-common4
[0.560s] -- Looking for dlfcn.h - found
[0.560s] -- Looking for libdl - found
[0.579s] -- Searching for <ignition-common4> component [profiler]
[0.579s] -- Looking for ignition-common4-profiler -- found version 4.7.0
[0.580s] -- Searching for dependencies of ignition-common4-profiler
[0.581s] -- Looking for ignition-transport11 -- found version 11.4.1
[0.581s] -- Looking for ignition-rendering6 -- found version 6.6.3
[0.582s] -- Searching for dependencies of ignition-rendering6
[0.582s] -- Looking for ignition-math6 -- found version 6.15.1
[0.583s] -- Searching for dependencies of ignition-math6
[0.583s] -- Searching for <ignition-math6> component [eigen3]
[0.583s] -- Looking for ignition-math6-eigen3 -- found version 6.15.1
[0.584s] -- Searching for dependencies of ignition-math6-eigen3
[0.586s] -- Looking for ignition-common4 -- found version 4.7.0
[0.586s] -- Searching for dependencies of ignition-common4
[0.586s] -- Looking for dlfcn.h - found
[0.586s] -- Looking for libdl - found
[0.595s] -- Searching for <ignition-common4> component [graphics]
[0.595s] -- Looking for ignition-common4-graphics -- found version 4.7.0
[0.596s] -- Searching for dependencies of ignition-common4-graphics
[0.596s] -- Looking for ignition-math6 -- found version 6.15.1
[0.597s] -- Looking for ignition-utils1 -- found version 1.5.1
[0.597s] -- Searching for <ignition-common4> component [events]
[0.598s] -- Looking for ignition-common4-events -- found version 4.7.0
[0.598s] -- Searching for dependencies of ignition-common4-events
[0.599s] -- Looking for ignition-math6 -- found version 6.15.1
[0.599s] -- Looking for ignition-plugin1 -- found version 1.4.0
[0.600s] -- Searching for dependencies of ignition-plugin1
[0.600s] -- Searching for <ignition-plugin1> component [all]
[0.600s] -- Looking for all libraries of ignition-plugin1 -- found version 1.4.0
[0.601s] -- Looking for ignition-plugin1 -- found version 1.4.0
[0.603s] -- Looking for ignition-msgs8 -- found version 8.7.0
[0.603s] -- Looking for sdformat12 -- found version 12.7.2
[0.603s] -- Searching for dependencies of sdformat12
[0.610s] -- Looking for ignition-math6 -- found version 6.15.1
[0.611s] -- Looking for ignition-utils1 -- found version 1.5.1
[0.612s] -- Looking for ignition-gazebo6 -- found version 6.16.0
[0.612s] -- Searching for dependencies of ignition-gazebo6
[0.613s] -- Looking for sdformat12 -- found version 12.7.2
[0.613s] -- Looking for ignition-plugin1 -- found version 1.4.0
[0.614s] -- Looking for ignition-transport11 -- found version 11.4.1
[0.614s] -- Searching for dependencies of ignition-transport11
[0.648s] -- Config-file not installed for ZeroMQ -- checking for pkg-config
[0.653s] -- Checking for module 'libzmq >= 4'
[0.667s] --   Found libzmq , version 4.3.4
[0.712s] -- Looking for ignition-utils1 -- found version 1.5.1
[0.713s] -- Looking for ignition-msgs8 -- found version 8.7.0
[0.713s] -- Searching for <ignition-transport11> component [log]
[0.713s] -- Looking for ignition-transport11-log -- found version 11.4.1
[0.714s] -- Searching for dependencies of ignition-transport11-log
[0.714s] -- Searching for <ignition-transport11> component [parameters]
[0.715s] -- Looking for ignition-transport11-parameters -- found version 11.4.1
[0.715s] -- Searching for dependencies of ignition-transport11-parameters
[0.716s] -- Looking for ignition-msgs8 -- found version 8.7.0
[0.716s] -- Looking for ignition-common4 -- found version 4.7.0
[0.717s] -- Searching for dependencies of ignition-common4
[0.717s] -- Looking for dlfcn.h - found
[0.717s] -- Looking for libdl - found
[0.727s] -- Searching for <ignition-common4> component [profiler]
[0.728s] -- Searching for <ignition-common4> component [events]
[0.728s] -- Searching for <ignition-common4> component [av]
[0.729s] -- Looking for ignition-common4-av -- found version 4.7.0
[0.729s] -- Searching for dependencies of ignition-common4-av
[0.734s] -- Checking for module 'libswscale'
[0.751s] --   Found libswscale, version 5.9.100
[0.794s] -- Checking for module 'libavdevice >= 56.4.100'
[0.810s] --   Found libavdevice , version 58.13.100
[0.859s] -- Checking for module 'libavformat'
[0.873s] --   Found libavformat, version 58.76.100
[0.912s] -- Checking for module 'libavcodec'
[0.925s] --   Found libavcodec, version 58.134.100
[0.963s] -- Checking for module 'libavutil'
[0.978s] --   Found libavutil, version 56.70.100
[1.010s] -- Looking for ignition-fuel_tools7 -- found version 7.3.0
[1.010s] -- Searching for dependencies of ignition-fuel_tools7
[1.051s] -- Checking for module 'jsoncpp'
[1.064s] --   Found jsoncpp, version 1.9.5
[1.099s] -- Checking for module 'libzip'
[1.112s] --   Found libzip, version 1.7.3
[1.143s] -- Looking for ignition-common4 -- found version 4.7.0
[1.144s] -- Looking for ignition-math6 -- found version 6.15.1
[1.144s] -- Looking for ignition-msgs8 -- found version 8.7.0
[1.145s] -- Looking for ignition-gui6 -- found version 6.8.0
[1.146s] -- Searching for dependencies of ignition-gui6
[1.167s] -- Found Protobuf: /usr/lib/x86_64-linux-gnu/libprotobuf.so (found suitable version "3.12.4", minimum required is "3") 
[1.174s] -- Looking for ignition-math6 -- found version 6.15.1
[1.175s] -- Looking for ignition-common4 -- found version 4.7.0
[1.175s] -- Looking for ignition-plugin1 -- found version 1.4.0
[1.176s] -- Looking for ignition-transport11 -- found version 11.4.1
[1.177s] -- Looking for ignition-rendering6 -- found version 6.6.3
[1.177s] -- Looking for ignition-msgs8 -- found version 8.7.0
[1.191s] -- Looking for ignition-physics5 -- found version 5.3.2
[1.192s] -- Searching for dependencies of ignition-physics5
[1.192s] -- Looking for ignition-math6 -- found version 6.15.1
[1.193s] -- Looking for ignition-plugin1 -- found version 1.4.0
[1.193s] -- Looking for ignition-utils1 -- found version 1.5.1
[1.194s] -- Searching for <ignition-physics5> component [heightmap]
[1.195s] -- Looking for ignition-physics5-heightmap -- found version 5.3.2
[1.196s] -- Searching for dependencies of ignition-physics5-heightmap
[1.196s] -- Looking for ignition-common4 -- found version 4.7.0
[1.197s] -- Searching for <ignition-physics5> component [mesh]
[1.197s] -- Looking for ignition-physics5-mesh -- found version 5.3.2
[1.198s] -- Searching for dependencies of ignition-physics5-mesh
[1.198s] -- Looking for ignition-common4 -- found version 4.7.0
[1.199s] -- Searching for <ignition-physics5> component [sdf]
[1.200s] -- Looking for ignition-physics5-sdf -- found version 5.3.2
[1.200s] -- Searching for dependencies of ignition-physics5-sdf
[1.201s] -- Looking for sdformat12 -- found version 12.7.2
[1.202s] -- Looking for ignition-sensors6 -- found version 6.8.0
[1.202s] -- Searching for dependencies of ignition-sensors6
[1.222s] -- Found Protobuf: /usr/lib/x86_64-linux-gnu/libprotobuf.so (found version "3.12.4") 
[1.223s] -- Looking for ignition-math6 -- found version 6.15.1
[1.224s] -- Looking for ignition-common4 -- found version 4.7.0
[1.224s] -- Looking for ignition-transport11 -- found version 11.4.1
[1.225s] -- Looking for ignition-rendering6 -- found version 6.6.3
[1.225s] -- Looking for ignition-msgs8 -- found version 8.7.0
[1.226s] -- Looking for sdformat12 -- found version 12.7.2
[1.226s] -- Searching for <ignition-sensors6> component [air_pressure]
[1.226s] -- Looking for ignition-sensors6-air_pressure -- found version 6.8.0
[1.227s] -- Searching for dependencies of ignition-sensors6-air_pressure
[1.228s] -- Searching for <ignition-sensors6> component [altimeter]
[1.228s] -- Looking for ignition-sensors6-altimeter -- found version 6.8.0
[1.229s] -- Searching for dependencies of ignition-sensors6-altimeter
[1.229s] -- Searching for <ignition-sensors6> component [imu]
[1.230s] -- Looking for ignition-sensors6-imu -- found version 6.8.0
[1.230s] -- Searching for dependencies of ignition-sensors6-imu
[1.231s] -- Searching for <ignition-sensors6> component [force_torque]
[1.231s] -- Looking for ignition-sensors6-force_torque -- found version 6.8.0
[1.232s] -- Searching for dependencies of ignition-sensors6-force_torque
[1.232s] -- Searching for <ignition-sensors6> component [logical_camera]
[1.233s] -- Looking for ignition-sensors6-logical_camera -- found version 6.8.0
[1.234s] -- Searching for dependencies of ignition-sensors6-logical_camera
[1.235s] -- Searching for <ignition-sensors6> component [magnetometer]
[1.235s] -- Looking for ignition-sensors6-magnetometer -- found version 6.8.0
[1.236s] -- Searching for dependencies of ignition-sensors6-magnetometer
[1.236s] -- Searching for <ignition-sensors6> component [navsat]
[1.237s] -- Looking for ignition-sensors6-navsat -- found version 6.8.0
[1.237s] -- Searching for dependencies of ignition-sensors6-navsat
[1.238s] -- Searching for <ignition-sensors6> component [rendering]
[1.238s] -- Looking for ignition-sensors6-rendering -- found version 6.8.0
[1.239s] -- Searching for dependencies of ignition-sensors6-rendering
[1.239s] -- Searching for <ignition-sensors6> component [lidar]
[1.240s] -- Looking for ignition-sensors6-lidar -- found version 6.8.0
[1.241s] -- Searching for dependencies of ignition-sensors6-lidar
[1.241s] -- Looking for ignition-sensors6 -- found version 6.8.0
[1.243s] -- Searching for <ignition-sensors6> component [gpu_lidar]
[1.243s] -- Looking for ignition-sensors6-gpu_lidar -- found version 6.8.0
[1.244s] -- Searching for dependencies of ignition-sensors6-gpu_lidar
[1.244s] -- Looking for ignition-sensors6 -- found version 6.8.0
[1.245s] -- Searching for <ignition-sensors6> component [camera]
[1.245s] -- Looking for ignition-sensors6-camera -- found version 6.8.0
[1.246s] -- Searching for dependencies of ignition-sensors6-camera
[1.246s] -- Looking for ignition-sensors6 -- found version 6.8.0
[1.247s] -- Searching for <ignition-sensors6> component [boundingbox_camera]
[1.247s] -- Looking for ignition-sensors6-boundingbox_camera -- found version 6.8.0
[1.248s] -- Searching for dependencies of ignition-sensors6-boundingbox_camera
[1.249s] -- Searching for <ignition-sensors6> component [segmentation_camera]
[1.249s] -- Looking for ignition-sensors6-segmentation_camera -- found version 6.8.0
[1.250s] -- Searching for dependencies of ignition-sensors6-segmentation_camera
[1.250s] -- Searching for <ignition-sensors6> component [depth_camera]
[1.251s] -- Looking for ignition-sensors6-depth_camera -- found version 6.8.0
[1.251s] -- Searching for dependencies of ignition-sensors6-depth_camera
[1.252s] -- Looking for ignition-sensors6 -- found version 6.8.0
[1.252s] -- Searching for <ignition-sensors6> component [rgbd_camera]
[1.253s] -- Looking for ignition-sensors6-rgbd_camera -- found version 6.8.0
[1.253s] -- Searching for dependencies of ignition-sensors6-rgbd_camera
[1.254s] -- Looking for ignition-sensors6 -- found version 6.8.0
[1.254s] -- Searching for <ignition-sensors6> component [thermal_camera]
[1.255s] -- Looking for ignition-sensors6-thermal_camera -- found version 6.8.0
[1.255s] -- Searching for dependencies of ignition-sensors6-thermal_camera
[1.256s] -- Looking for ignition-sensors6 -- found version 6.8.0
[1.257s] -- Looking for ignition-rendering6 -- found version 6.6.3
[1.257s] -- Looking for ignition-math6 -- found version 6.15.1
[1.258s] -- Looking for ignition-utils1 -- found version 1.5.1
[1.279s] -- Found rclcpp: 16.0.8 (/opt/ros/humble/share/rclcpp/cmake)
[1.301s] -- Found rosidl_generator_c: 3.1.5 (/opt/ros/humble/share/rosidl_generator_c/cmake)
[1.303s] -- Found rosidl_adapter: 3.1.5 (/opt/ros/humble/share/rosidl_adapter/cmake)
[1.309s] -- Found rosidl_generator_cpp: 3.1.5 (/opt/ros/humble/share/rosidl_generator_cpp/cmake)
[1.321s] -- Using all available rosidl_typesupport_c: rosidl_typesupport_fastrtps_c;rosidl_typesupport_introspection_c
[1.337s] -- Using all available rosidl_typesupport_cpp: rosidl_typesupport_fastrtps_cpp;rosidl_typesupport_introspection_cpp
[1.396s] -- Found rmw_implementation_cmake: 6.1.1 (/opt/ros/humble/share/rmw_implementation_cmake/cmake)
[1.398s] -- Found rmw_fastrtps_cpp: 6.2.6 (/opt/ros/humble/share/rmw_fastrtps_cpp/cmake)
[1.529s] -- Using RMW implementation 'rmw_fastrtps_cpp' as default
[1.755s] -- Configuring done
[1.759s] [31mCMake Error at CMakeLists.txt:27 (add_library):
[1.759s]   Cannot find source file:
[1.759s] 
[1.760s]     src/LightSensor.cc
[1.760s] 
[1.760s]   Tried extensions .c .C .c++ .cc .cpp .cxx .cu .mpp .m .M .mm .ixx .cppm .h
[1.760s]   .hh .h++ .hm .hpp .hxx .in .txx .f .F .for .f77 .f90 .f95 .f03 .hip .ispc
[1.760s] 
[1.760s] [0m
[1.760s] [31mCMake Error at CMakeLists.txt:27 (add_library):
[1.760s]   No SOURCES given to target: LightSensor
[1.761s] 
[1.761s] [0m
[1.761s] [0mCMake Generate step failed.  Build files cannot be regenerated correctly.[0m
[1.771s] Invoked command in '/home/paolo/light_sensor_plugin/build/light_sensor_plugin' returned '1': CMAKE_PREFIX_PATH=${CMAKE_PREFIX_PATH}:/home/paolo/turtlebot4_controller_ws/install/turtlebot4_controller:/opt/ros/humble /usr/bin/cmake /home/paolo/light_sensor_plugin -DCMAKE_INSTALL_PREFIX=/home/paolo/light_sensor_plugin/install
