[01m[K/home/paolo/light_sensor_plugin/src/light_sensor_custom/src/LightSensor.cc:[m[K In member function ‘[01m[Kvirtual void custom_light_sensor::LightSensor::Configure(const Entity&, const std::shared_ptr<const sdf::v12::Element>&, ignition::gazebo::v6::EntityComponentManager&, ignition::gazebo::v6::EventManager&)[m[K’:
[01m[K/home/paolo/light_sensor_plugin/src/light_sensor_custom/src/LightSensor.cc:35:64:[m[K [01;31m[Kerror: [m[K‘[01m[KIntensity[m[K’ is not a member of ‘[01m[Kignition::gazebo::v6::components::Light[m[K’ {aka ‘[01m[Kignition::gazebo::v6::components::Component<sdf::v12::Light, ignition::gazebo::v6::components::LightTag, ignition::gazebo::v6::serializers::ComponentToMsgSerializer<sdf::v12::Light, ignition::msgs::Light> >[m[K’}
   35 |                 _ecm.Each<ignition::gazebo::components::Light::[01;31m[KIntensity[m[K,
      |                                                                [01;31m[K^~~~~~~~~[m[K
[01m[K/home/paolo/light_sensor_plugin/src/light_sensor_custom/src/LightSensor.cc:38:76:[m[K [01;31m[Kerror: [m[K‘[01m[KIntensity[m[K’ in ‘[01m[Kusing Light = class ignition::gazebo::v6::components::Component<sdf::v12::Light, ignition::gazebo::v6::components::LightTag, ignition::gazebo::v6::serializers::ComponentToMsgSerializer<sdf::v12::Light, ignition::msgs::Light> >[m[K’ {aka ‘[01m[Kclass ignition::gazebo::v6::components::Component<sdf::v12::Light, ignition::gazebo::v6::components::LightTag, ignition::gazebo::v6::serializers::ComponentToMsgSerializer<sdf::v12::Light, ignition::msgs::Light> >[m[K’} does not name a type
   38 |                                 const ignition::gazebo::components::Light::[01;31m[KIntensity[m[K *,
      |                                                                            [01;31m[K^~~~~~~~~[m[K
[01m[K/home/paolo/light_sensor_plugin/src/light_sensor_custom/src/LightSensor.cc:[m[K In lambda function:
[01m[K/home/paolo/light_sensor_plugin/src/light_sensor_custom/src/LightSensor.cc:46:19:[m[K [01;31m[Kerror: [m[Kexpected ‘[01m[K{[m[K’ before ‘[01m[K;[m[K’ token
   46 |                 })[01;31m[K;[m[K
      |                   [01;31m[K^[m[K
[01m[K/home/paolo/light_sensor_plugin/src/light_sensor_custom/src/LightSensor.cc:[m[K In member function ‘[01m[Kvirtual void custom_light_sensor::LightSensor::Configure(const Entity&, const std::shared_ptr<const sdf::v12::Element>&, ignition::gazebo::v6::EntityComponentManager&, ignition::gazebo::v6::EventManager&)[m[K’:
[01m[K/home/paolo/light_sensor_plugin/src/light_sensor_custom/src/LightSensor.cc:46:19:[m[K [01;31m[Kerror: [m[Kexpected ‘[01m[K)[m[K’ before ‘[01m[K;[m[K’ token
   46 |                 })[01;31m[K;[m[K
      |                   [01;31m[K^[m[K
      |                   [32m[K)[m[K
[01m[K/home/paolo/light_sensor_plugin/src/light_sensor_custom/src/LightSensor.cc:36:76:[m[K [01;36m[Knote: [m[Kto match this ‘[01m[K([m[K’
   36 |                                         ignition::gazebo::components::Pose>[01;36m[K([m[K
      |                                                                            [01;36m[K^[m[K
gmake[2]: *** [CMakeFiles/LightSensor.dir/build.make:76: CMakeFiles/LightSensor.dir/src/LightSensor.cc.o] Error 1
gmake[1]: *** [CMakeFiles/Makefile2:137: CMakeFiles/LightSensor.dir/all] Error 2
gmake: *** [Makefile:146: all] Error 2
