[0.120s] Invoking command in '/home/paolo/light_sensor_plugin/build/light_sensor': CMAKE_PREFIX_PATH=${CMAKE_PREFIX_PATH}:/home/paolo/turtlebot4_controller_ws/install/turtlebot4_controller:/opt/ros/humble /usr/bin/cmake --build /home/paolo/light_sensor_plugin/build/light_sensor -- -j8 -l8
[0.173s] [35m[1mConsolidate compiler generated dependencies of target LightSensor[0m
[0.208s] [ 50%] [32mBuilding CXX object CMakeFiles/LightSensor.dir/src/LightSensor.cc.o[0m
[7.457s] [01m[K/home/paolo/light_sensor_plugin/src/light_sensor_custom/src/LightSensor.cc:[m[K In member function ‘[01m[Kvirtual void custom_light_sensor::LightSensor::Configure(const Entity&, const std::shared_ptr<const sdf::v12::Element>&, ignition::gazebo::v6::EntityComponentManager&, ignition::gazebo::v6::EventManager&)[m[K’:
[7.457s] [01m[K/home/paolo/light_sensor_plugin/src/light_sensor_custom/src/LightSensor.cc:21:52:[m[K [01;31m[Kerror: [m[Kinvalid use of non-static member function ‘[01m[Kstd::optional<double> ignition::gazebo::v6::Light::Intensity(const ignition::gazebo::v6::EntityComponentManager&) const[m[K’
[7.457s]    21 |                 _ecm.Each<ignition::gazebo::Light::[01;31m[KIntensity[m[K>(
[7.457s]       |                                                    [01;31m[K^~~~~~~~~[m[K
[7.457s] [01m[K/home/paolo/light_sensor_plugin/src/light_sensor_custom/src/LightSensor.cc:[m[K In lambda function:
[7.457s] [01m[K/home/paolo/light_sensor_plugin/src/light_sensor_custom/src/LightSensor.cc:27:17:[m[K [01;35m[Kwarning: [m[Kno return statement in function returning non-void [[01;35m[K]8;;https://gcc.gnu.org/onlinedocs/gcc/Warning-Options.html#index-Wreturn-type-Wreturn-type]8;;[m[K]
[7.458s]    27 |                 [01;35m[K}[m[K);
[7.458s]       |                 [01;35m[K^[m[K
[7.458s] [01m[K/home/paolo/light_sensor_plugin/src/light_sensor_custom/src/LightSensor.cc:[m[K In member function ‘[01m[Kvirtual void custom_light_sensor::LightSensor::Configure(const Entity&, const std::shared_ptr<const sdf::v12::Element>&, ignition::gazebo::v6::EntityComponentManager&, ignition::gazebo::v6::EventManager&)[m[K’:
[7.458s] [01m[K/home/paolo/light_sensor_plugin/src/light_sensor_custom/src/LightSensor.cc:21:62:[m[K [01;31m[Kerror: [m[Kno matching function for call to ‘[01m[Kignition::gazebo::v6::EntityComponentManager::Each<<expression error> >(custom_light_sensor::LightSensor::Configure(const Entity&, const std::shared_ptr<const sdf::v12::Element>&, ignition::gazebo::v6::EntityComponentManager&, ignition::gazebo::v6::EventManager&)::<lambda(const Pose*)>)[m[K’
[7.458s]    21 |                 [01;31m[K_ecm.Each<ignition::gazebo::Light::Intensity>([m[K
[7.458s]       |                 [01;31m[K~~~~~~~~~~~~~~~~~~~~~~~~~~~~~~~~~~~~~~~~~~~~~^[m[K
[7.458s]    22 | [01;31m[K                        [&](const ignition::gazebo::components::Pose *_pose) -> bool[m[K
[7.458s]       |                         [01;31m[K~~~~~~~~~~~~~~~~~~~~~~~~~~~~~~~~~~~~~~~~~~~~~~~~~~~~~~~~~~~~[m[K
[7.458s]    23 | [01;31m[K                {[m[K
[7.458s]       |                 [01;31m[K~[m[K                                             
[7.458s]    24 | [01;31m[K                        ignition::math::Pose3d light_pose = _pose->Data();[m[K
[7.458s]       |                         [01;31m[K~~~~~~~~~~~~~~~~~~~~~~~~~~~~~~~~~~~~~~~~~~~~~~~~~~[m[K
[7.458s]    25 | [01;31m[K                        lightSourcesPoses.push_back(light_pose);[m[K
[7.458s]       |                         [01;31m[K~~~~~~~~~~~~~~~~~~~~~~~~~~~~~~~~~~~~~~~~[m[K
[7.458s]    26 | 
[7.458s]       |                                                               
[7.459s]    27 | [01;31m[K                })[m[K;
[7.459s]       |                 [01;31m[K~~[m[K                                            
[7.459s] In file included from [01m[K/usr/include/ignition/gazebo6/gz/sim/Light.hh:33[m[K,
[7.459s]                  from [01m[K/usr/include/ignition/gazebo6/ignition/gazebo/Light.hh:18[m[K,
[7.459s]                  from [01m[K/home/paolo/light_sensor_plugin/src/light_sensor_custom/src/LightSensor.cc:1[m[K:
[7.459s] [01m[K/usr/include/ignition/gazebo6/gz/sim/EntityComponentManager.hh:463:20:[m[K [01;36m[Knote: [m[Kcandidate: ‘[01m[Ktemplate<class ... ComponentTypeTs> void ignition::gazebo::v6::EntityComponentManager::Each(typename ignition::gazebo::v6::EntityComponentManager::identity<std::function<bool(const long unsigned int&, const ComponentTypeTs* ...)> >::type) const[m[K’
[7.459s]   463 |               void [01;36m[KEach[m[K(typename identity<std::function<
[7.459s]       |                    [01;36m[K^~~~[m[K
[7.459s] [01m[K/usr/include/ignition/gazebo6/gz/sim/EntityComponentManager.hh:463:20:[m[K [01;36m[Knote: [m[K  template argument deduction/substitution failed:
[7.459s] [01m[K/home/paolo/light_sensor_plugin/src/light_sensor_custom/src/LightSensor.cc:21:62:[m[K [01;31m[Kerror: [m[Ktemplate argument 1 is invalid
[7.459s]    21 |                 [01;31m[K_ecm.Each<ignition::gazebo::Light::Intensity>([m[K
[7.459s]       |                 [01;31m[K~~~~~~~~~~~~~~~~~~~~~~~~~~~~~~~~~~~~~~~~~~~~~^[m[K
[7.459s]    22 | [01;31m[K                        [&](const ignition::gazebo::components::Pose *_pose) -> bool[m[K
[7.459s]       |                         [01;31m[K~~~~~~~~~~~~~~~~~~~~~~~~~~~~~~~~~~~~~~~~~~~~~~~~~~~~~~~~~~~~[m[K
[7.459s]    23 | [01;31m[K                {[m[K
[7.459s]       |                 [01;31m[K~[m[K                                             
[7.460s]    24 | [01;31m[K                        ignition::math::Pose3d light_pose = _pose->Data();[m[K
[7.460s]       |                         [01;31m[K~~~~~~~~~~~~~~~~~~~~~~~~~~~~~~~~~~~~~~~~~~~~~~~~~~[m[K
[7.460s]    25 | [01;31m[K                        lightSourcesPoses.push_back(light_pose);[m[K
[7.460s]       |                         [01;31m[K~~~~~~~~~~~~~~~~~~~~~~~~~~~~~~~~~~~~~~~~[m[K
[7.460s]    26 | 
[7.460s]       |                                                               
[7.460s]    27 | [01;31m[K                })[m[K;
[7.460s]       |                 [01;31m[K~~[m[K                                            
[7.460s] In file included from [01m[K/usr/include/ignition/gazebo6/gz/sim/Light.hh:33[m[K,
[7.460s]                  from [01m[K/usr/include/ignition/gazebo6/ignition/gazebo/Light.hh:18[m[K,
[7.460s]                  from [01m[K/home/paolo/light_sensor_plugin/src/light_sensor_custom/src/LightSensor.cc:1[m[K:
[7.460s] [01m[K/usr/include/ignition/gazebo6/gz/sim/EntityComponentManager.hh:480:20:[m[K [01;36m[Knote: [m[Kcandidate: ‘[01m[Ktemplate<class ... ComponentTypeTs> void ignition::gazebo::v6::EntityComponentManager::Each(typename ignition::gazebo::v6::EntityComponentManager::identity<std::function<bool(const long unsigned int&, ComponentTypeTs* ...)> >::type)[m[K’
[7.460s]   480 |               void [01;36m[KEach[m[K(typename identity<std::function<
[7.460s]       |                    [01;36m[K^~~~[m[K
[7.460s] [01m[K/usr/include/ignition/gazebo6/gz/sim/EntityComponentManager.hh:480:20:[m[K [01;36m[Knote: [m[K  template argument deduction/substitution failed:
[7.460s] [01m[K/home/paolo/light_sensor_plugin/src/light_sensor_custom/src/LightSensor.cc:21:62:[m[K [01;31m[Kerror: [m[Ktemplate argument 1 is invalid
[7.461s]    21 |                 [01;31m[K_ecm.Each<ignition::gazebo::Light::Intensity>([m[K
[7.461s]       |                 [01;31m[K~~~~~~~~~~~~~~~~~~~~~~~~~~~~~~~~~~~~~~~~~~~~~^[m[K
[7.461s]    22 | [01;31m[K                        [&](const ignition::gazebo::components::Pose *_pose) -> bool[m[K
[7.461s]       |                         [01;31m[K~~~~~~~~~~~~~~~~~~~~~~~~~~~~~~~~~~~~~~~~~~~~~~~~~~~~~~~~~~~~[m[K
[7.461s]    23 | [01;31m[K                {[m[K
[7.461s]       |                 [01;31m[K~[m[K                                             
[7.461s]    24 | [01;31m[K                        ignition::math::Pose3d light_pose = _pose->Data();[m[K
[7.461s]       |                         [01;31m[K~~~~~~~~~~~~~~~~~~~~~~~~~~~~~~~~~~~~~~~~~~~~~~~~~~[m[K
[7.461s]    25 | [01;31m[K                        lightSourcesPoses.push_back(light_pose);[m[K
[7.461s]       |                         [01;31m[K~~~~~~~~~~~~~~~~~~~~~~~~~~~~~~~~~~~~~~~~[m[K
[7.461s]    26 | 
[7.461s]       |                                                               
[7.461s]    27 | [01;31m[K                })[m[K;
[7.461s]       |                 [01;31m[K~~[m[K                                            
[7.471s] [01m[K/home/paolo/light_sensor_plugin/src/light_sensor_custom/src/LightSensor.cc:34:56:[m[K [01;31m[Kerror: [m[K‘[01m[Kigntion[m[K’ was not declared in this scope; did you mean ‘[01m[Kignition[m[K’?
[7.471s]    34 |                 this->publisher = this->node.Advertise<[01;31m[Kigntion[m[K::msgs::Float>(topic);
[7.472s]       |                                                        [01;31m[K^~~~~~~[m[K
[7.472s]       |                                                        [32m[Kignition[m[K
[7.472s] [01m[K/home/paolo/light_sensor_plugin/src/light_sensor_custom/src/LightSensor.cc:34:46:[m[K [01;31m[Kerror: [m[Kparse error in template argument list
[7.472s]    34 |                 this->publisher = this->node.[01;31m[KAdvertise<igntion::msgs::Float>[m[K(topic);
[7.472s]       |                                              [01;31m[K^~~~~~~~~~~~~~~~~~~~~~~~~~~~~~~[m[K
[7.472s] [01m[K/home/paolo/light_sensor_plugin/src/light_sensor_custom/src/LightSensor.cc:34:77:[m[K [01;31m[Kerror: [m[Kno matching function for call to ‘[01m[Kignition::transport::v11::Node::Advertise<<expression error> >(std::string&)[m[K’
[7.472s]    34 |                 this->publisher = [01;31m[Kthis->node.Advertise<igntion::msgs::Float>(topic)[m[K;
[7.472s]       |                                   [01;31m[K~~~~~~~~~~~~~~~~~~~~~~~~~~~~~~~~~~~~~~~~~~^~~~~~~[m[K
[7.472s] In file included from [01m[K/usr/include/ignition/gazebo6/gz/sim/comms/MsgManager.hh:26[m[K,
[7.472s]                  from [01m[K/usr/include/ignition/gazebo6/gz/sim/comms/Broker.hh:25[m[K,
[7.473s]                  from [01m[K/usr/include/ignition/gazebo6/gz/gazebo.hh:23[m[K,
[7.473s]                  from [01m[K/usr/include/ignition/gazebo6/gz/sim.hh:27[m[K,
[7.473s]                  from [01m[K/usr/include/ignition/gazebo6/ignition/gazebo.hh:18[m[K,
[7.473s]                  from [01m[K/home/paolo/light_sensor_plugin/src/light_sensor_custom/src/LightSensor.cc:4[m[K:
[7.473s] [01m[K/usr/include/ignition/transport11/gz/transport/Node.hh:226:23:[m[K [01;36m[Knote: [m[Kcandidate: ‘[01m[Ktemplate<class MessageT> ignition::transport::v11::Node::Publisher ignition::transport::v11::Node::Advertise(const string&, const ignition::transport::v11::AdvertiseMessageOptions&)[m[K’
[7.473s]   226 |       Node::Publisher [01;36m[KAdvertise[m[K(
[7.473s]       |                       [01;36m[K^~~~~~~~~[m[K
[7.473s] [01m[K/usr/include/ignition/transport11/gz/transport/Node.hh:226:23:[m[K [01;36m[Knote: [m[K  template argument deduction/substitution failed:
[7.473s] [01m[K/home/paolo/light_sensor_plugin/src/light_sensor_custom/src/LightSensor.cc:34:77:[m[K [01;31m[Kerror: [m[Ktemplate argument 1 is invalid
[7.473s]    34 |                 this->publisher = [01;31m[Kthis->node.Advertise<igntion::msgs::Float>(topic)[m[K;
[7.473s]       |                                   [01;31m[K~~~~~~~~~~~~~~~~~~~~~~~~~~~~~~~~~~~~~~~~~~^~~~~~~[m[K
[7.473s] In file included from [01m[K/usr/include/ignition/gazebo6/gz/sim/comms/MsgManager.hh:26[m[K,
[7.474s]                  from [01m[K/usr/include/ignition/gazebo6/gz/sim/comms/Broker.hh:25[m[K,
[7.474s]                  from [01m[K/usr/include/ignition/gazebo6/gz/gazebo.hh:23[m[K,
[7.474s]                  from [01m[K/usr/include/ignition/gazebo6/gz/sim.hh:27[m[K,
[7.474s]                  from [01m[K/usr/include/ignition/gazebo6/ignition/gazebo.hh:18[m[K,
[7.474s]                  from [01m[K/home/paolo/light_sensor_plugin/src/light_sensor_custom/src/LightSensor.cc:4[m[K:
[7.474s] [01m[K/usr/include/ignition/transport11/gz/transport/Node.hh:372:12:[m[K [01;36m[Knote: [m[Kcandidate: ‘[01m[Ktemplate<class RequestT, class ReplyT> bool ignition::transport::v11::Node::Advertise(const string&, bool (*)(const RequestT&, ReplyT&), const ignition::transport::v11::AdvertiseServiceOptions&)[m[K’
[7.474s]   372 |       bool [01;36m[KAdvertise[m[K(
[7.474s]       |            [01;36m[K^~~~~~~~~[m[K
[7.474s] [01m[K/usr/include/ignition/transport11/gz/transport/Node.hh:372:12:[m[K [01;36m[Knote: [m[K  template argument deduction/substitution failed:
[7.474s] [01m[K/home/paolo/light_sensor_plugin/src/light_sensor_custom/src/LightSensor.cc:34:77:[m[K [01;31m[Kerror: [m[Ktemplate argument 1 is invalid
[7.474s]    34 |                 this->publisher = [01;31m[Kthis->node.Advertise<igntion::msgs::Float>(topic)[m[K;
[7.474s]       |                                   [01;31m[K~~~~~~~~~~~~~~~~~~~~~~~~~~~~~~~~~~~~~~~~~~^~~~~~~[m[K
[7.475s] In file included from [01m[K/usr/include/ignition/gazebo6/gz/sim/comms/MsgManager.hh:26[m[K,
[7.475s]                  from [01m[K/usr/include/ignition/gazebo6/gz/sim/comms/Broker.hh:25[m[K,
[7.475s]                  from [01m[K/usr/include/ignition/gazebo6/gz/gazebo.hh:23[m[K,
[7.475s]                  from [01m[K/usr/include/ignition/gazebo6/gz/sim.hh:27[m[K,
[7.475s]                  from [01m[K/usr/include/ignition/gazebo6/ignition/gazebo.hh:18[m[K,
[7.475s]                  from [01m[K/home/paolo/light_sensor_plugin/src/light_sensor_custom/src/LightSensor.cc:4[m[K:
[7.475s] [01m[K/usr/include/ignition/transport11/gz/transport/Node.hh:389:12:[m[K [01;36m[Knote: [m[Kcandidate: ‘[01m[Ktemplate<class ReplyT> bool ignition::transport::v11::Node::Advertise(const string&, bool (*)(ReplyT&), const ignition::transport::v11::AdvertiseServiceOptions&)[m[K’
[7.475s]   389 |       bool [01;36m[KAdvertise[m[K(
[7.475s]       |            [01;36m[K^~~~~~~~~[m[K
[7.475s] [01m[K/usr/include/ignition/transport11/gz/transport/Node.hh:389:12:[m[K [01;36m[Knote: [m[K  template argument deduction/substitution failed:
[7.475s] [01m[K/home/paolo/light_sensor_plugin/src/light_sensor_custom/src/LightSensor.cc:34:77:[m[K [01;31m[Kerror: [m[Ktemplate argument 1 is invalid
[7.475s]    34 |                 this->publisher = [01;31m[Kthis->node.Advertise<igntion::msgs::Float>(topic)[m[K;
[7.475s]       |                                   [01;31m[K~~~~~~~~~~~~~~~~~~~~~~~~~~~~~~~~~~~~~~~~~~^~~~~~~[m[K
[7.475s] In file included from [01m[K/usr/include/ignition/gazebo6/gz/sim/comms/MsgManager.hh:26[m[K,
[7.475s]                  from [01m[K/usr/include/ignition/gazebo6/gz/sim/comms/Broker.hh:25[m[K,
[7.475s]                  from [01m[K/usr/include/ignition/gazebo6/gz/gazebo.hh:23[m[K,
[7.475s]                  from [01m[K/usr/include/ignition/gazebo6/gz/sim.hh:27[m[K,
[7.476s]                  from [01m[K/usr/include/ignition/gazebo6/ignition/gazebo.hh:18[m[K,
[7.476s]                  from [01m[K/home/paolo/light_sensor_plugin/src/light_sensor_custom/src/LightSensor.cc:4[m[K:
[7.476s] [01m[K/usr/include/ignition/transport11/gz/transport/Node.hh:405:12:[m[K [01;36m[Knote: [m[Kcandidate: ‘[01m[Ktemplate<class RequestT> bool ignition::transport::v11::Node::Advertise(const string&, void (*)(const RequestT&), const ignition::transport::v11::AdvertiseServiceOptions&)[m[K’
[7.476s]   405 |       bool [01;36m[KAdvertise[m[K(
[7.476s]       |            [01;36m[K^~~~~~~~~[m[K
[7.476s] [01m[K/usr/include/ignition/transport11/gz/transport/Node.hh:405:12:[m[K [01;36m[Knote: [m[K  template argument deduction/substitution failed:
[7.476s] [01m[K/home/paolo/light_sensor_plugin/src/light_sensor_custom/src/LightSensor.cc:34:77:[m[K [01;31m[Kerror: [m[Ktemplate argument 1 is invalid
[7.476s]    34 |                 this->publisher = [01;31m[Kthis->node.Advertise<igntion::msgs::Float>(topic)[m[K;
[7.476s]       |                                   [01;31m[K~~~~~~~~~~~~~~~~~~~~~~~~~~~~~~~~~~~~~~~~~~^~~~~~~[m[K
[7.476s] In file included from [01m[K/usr/include/ignition/gazebo6/gz/sim/comms/MsgManager.hh:26[m[K,
[7.476s]                  from [01m[K/usr/include/ignition/gazebo6/gz/sim/comms/Broker.hh:25[m[K,
[7.476s]                  from [01m[K/usr/include/ignition/gazebo6/gz/gazebo.hh:23[m[K,
[7.476s]                  from [01m[K/usr/include/ignition/gazebo6/gz/sim.hh:27[m[K,
[7.476s]                  from [01m[K/usr/include/ignition/gazebo6/ignition/gazebo.hh:18[m[K,
[7.476s]                  from [01m[K/home/paolo/light_sensor_plugin/src/light_sensor_custom/src/LightSensor.cc:4[m[K:
[7.476s] [01m[K/usr/include/ignition/transport11/gz/transport/Node.hh:423:12:[m[K [01;36m[Knote: [m[Kcandidate: ‘[01m[Ktemplate<class RequestT, class ReplyT> bool ignition::transport::v11::Node::Advertise(const string&, std::function<bool(const Req&, Rep&)>, const ignition::transport::v11::AdvertiseServiceOptions&)[m[K’
[7.476s]   423 |       bool [01;36m[KAdvertise[m[K(
[7.477s]       |            [01;36m[K^~~~~~~~~[m[K
[7.477s] [01m[K/usr/include/ignition/transport11/gz/transport/Node.hh:423:12:[m[K [01;36m[Knote: [m[K  template argument deduction/substitution failed:
[7.477s] [01m[K/home/paolo/light_sensor_plugin/src/light_sensor_custom/src/LightSensor.cc:34:77:[m[K [01;31m[Kerror: [m[Ktemplate argument 1 is invalid
[7.477s]    34 |                 this->publisher = [01;31m[Kthis->node.Advertise<igntion::msgs::Float>(topic)[m[K;
[7.477s]       |                                   [01;31m[K~~~~~~~~~~~~~~~~~~~~~~~~~~~~~~~~~~~~~~~~~~^~~~~~~[m[K
[7.477s] In file included from [01m[K/usr/include/ignition/gazebo6/gz/sim/comms/MsgManager.hh:26[m[K,
[7.477s]                  from [01m[K/usr/include/ignition/gazebo6/gz/sim/comms/Broker.hh:25[m[K,
[7.477s]                  from [01m[K/usr/include/ignition/gazebo6/gz/gazebo.hh:23[m[K,
[7.477s]                  from [01m[K/usr/include/ignition/gazebo6/gz/sim.hh:27[m[K,
[7.477s]                  from [01m[K/usr/include/ignition/gazebo6/ignition/gazebo.hh:18[m[K,
[7.477s]                  from [01m[K/home/paolo/light_sensor_plugin/src/light_sensor_custom/src/LightSensor.cc:4[m[K:
[7.477s] [01m[K/usr/include/ignition/transport11/gz/transport/Node.hh:441:12:[m[K [01;36m[Knote: [m[Kcandidate: ‘[01m[Ktemplate<class ReplyT> bool ignition::transport::v11::Node::Advertise(const string&, std::function<bool(ReplyT&)>&, const ignition::transport::v11::AdvertiseServiceOptions&)[m[K’
[7.477s]   441 |       bool [01;36m[KAdvertise[m[K(
[7.477s]       |            [01;36m[K^~~~~~~~~[m[K
[7.477s] [01m[K/usr/include/ignition/transport11/gz/transport/Node.hh:441:12:[m[K [01;36m[Knote: [m[K  template argument deduction/substitution failed:
[7.477s] [01m[K/home/paolo/light_sensor_plugin/src/light_sensor_custom/src/LightSensor.cc:34:77:[m[K [01;31m[Kerror: [m[Ktemplate argument 1 is invalid
[7.478s]    34 |                 this->publisher = [01;31m[Kthis->node.Advertise<igntion::msgs::Float>(topic)[m[K;
[7.478s]       |                                   [01;31m[K~~~~~~~~~~~~~~~~~~~~~~~~~~~~~~~~~~~~~~~~~~^~~~~~~[m[K
[7.478s] In file included from [01m[K/usr/include/ignition/gazebo6/gz/sim/comms/MsgManager.hh:26[m[K,
[7.478s]                  from [01m[K/usr/include/ignition/gazebo6/gz/sim/comms/Broker.hh:25[m[K,
[7.478s]                  from [01m[K/usr/include/ignition/gazebo6/gz/gazebo.hh:23[m[K,
[7.478s]                  from [01m[K/usr/include/ignition/gazebo6/gz/sim.hh:27[m[K,
[7.478s]                  from [01m[K/usr/include/ignition/gazebo6/ignition/gazebo.hh:18[m[K,
[7.478s]                  from [01m[K/home/paolo/light_sensor_plugin/src/light_sensor_custom/src/LightSensor.cc:4[m[K:
[7.478s] [01m[K/usr/include/ignition/transport11/gz/transport/Node.hh:457:12:[m[K [01;36m[Knote: [m[Kcandidate: ‘[01m[Ktemplate<class RequestT> bool ignition::transport::v11::Node::Advertise(const string&, std::function<void(const T&)>&, const ignition::transport::v11::AdvertiseServiceOptions&)[m[K’
[7.478s]   457 |       bool [01;36m[KAdvertise[m[K(
[7.478s]       |            [01;36m[K^~~~~~~~~[m[K
[7.478s] [01m[K/usr/include/ignition/transport11/gz/transport/Node.hh:457:12:[m[K [01;36m[Knote: [m[K  template argument deduction/substitution failed:
[7.478s] [01m[K/home/paolo/light_sensor_plugin/src/light_sensor_custom/src/LightSensor.cc:34:77:[m[K [01;31m[Kerror: [m[Ktemplate argument 1 is invalid
[7.478s]    34 |                 this->publisher = [01;31m[Kthis->node.Advertise<igntion::msgs::Float>(topic)[m[K;
[7.478s]       |                                   [01;31m[K~~~~~~~~~~~~~~~~~~~~~~~~~~~~~~~~~~~~~~~~~~^~~~~~~[m[K
[7.478s] In file included from [01m[K/usr/include/ignition/gazebo6/gz/sim/comms/MsgManager.hh:26[m[K,
[7.478s]                  from [01m[K/usr/include/ignition/gazebo6/gz/sim/comms/Broker.hh:25[m[K,
[7.479s]                  from [01m[K/usr/include/ignition/gazebo6/gz/gazebo.hh:23[m[K,
[7.479s]                  from [01m[K/usr/include/ignition/gazebo6/gz/sim.hh:27[m[K,
[7.479s]                  from [01m[K/usr/include/ignition/gazebo6/ignition/gazebo.hh:18[m[K,
[7.479s]                  from [01m[K/home/paolo/light_sensor_plugin/src/light_sensor_custom/src/LightSensor.cc:4[m[K:
[7.479s] [01m[K/usr/include/ignition/transport11/gz/transport/Node.hh:476:12:[m[K [01;36m[Knote: [m[Kcandidate: ‘[01m[Ktemplate<class ClassT, class RequestT, class ReplyT> bool ignition::transport::v11::Node::Advertise(const string&, bool (ClassT::*)(const RequestT&, ReplyT&), ClassT*, const ignition::transport::v11::AdvertiseServiceOptions&)[m[K’
[7.479s]   476 |       bool [01;36m[KAdvertise[m[K(
[7.479s]       |            [01;36m[K^~~~~~~~~[m[K
[7.479s] [01m[K/usr/include/ignition/transport11/gz/transport/Node.hh:476:12:[m[K [01;36m[Knote: [m[K  template argument deduction/substitution failed:
[7.479s] [01m[K/home/paolo/light_sensor_plugin/src/light_sensor_custom/src/LightSensor.cc:34:77:[m[K [01;31m[Kerror: [m[Ktemplate argument 1 is invalid
[7.479s]    34 |                 this->publisher = [01;31m[Kthis->node.Advertise<igntion::msgs::Float>(topic)[m[K;
[7.479s]       |                                   [01;31m[K~~~~~~~~~~~~~~~~~~~~~~~~~~~~~~~~~~~~~~~~~~^~~~~~~[m[K
[7.479s] In file included from [01m[K/usr/include/ignition/gazebo6/gz/sim/comms/MsgManager.hh:26[m[K,
[7.480s]                  from [01m[K/usr/include/ignition/gazebo6/gz/sim/comms/Broker.hh:25[m[K,
[7.480s]                  from [01m[K/usr/include/ignition/gazebo6/gz/gazebo.hh:23[m[K,
[7.480s]                  from [01m[K/usr/include/ignition/gazebo6/gz/sim.hh:27[m[K,
[7.480s]                  from [01m[K/usr/include/ignition/gazebo6/ignition/gazebo.hh:18[m[K,
[7.480s]                  from [01m[K/home/paolo/light_sensor_plugin/src/light_sensor_custom/src/LightSensor.cc:4[m[K:
[7.480s] [01m[K/usr/include/ignition/transport11/gz/transport/Node.hh:495:12:[m[K [01;36m[Knote: [m[Kcandidate: ‘[01m[Ktemplate<class ClassT, class ReplyT> bool ignition::transport::v11::Node::Advertise(const string&, bool (ClassT::*)(ReplyT&), ClassT*, const ignition::transport::v11::AdvertiseServiceOptions&)[m[K’
[7.480s]   495 |       bool [01;36m[KAdvertise[m[K(
[7.480s]       |            [01;36m[K^~~~~~~~~[m[K
[7.480s] [01m[K/usr/include/ignition/transport11/gz/transport/Node.hh:495:12:[m[K [01;36m[Knote: [m[K  template argument deduction/substitution failed:
[7.480s] [01m[K/home/paolo/light_sensor_plugin/src/light_sensor_custom/src/LightSensor.cc:34:77:[m[K [01;31m[Kerror: [m[Ktemplate argument 1 is invalid
[7.480s]    34 |                 this->publisher = [01;31m[Kthis->node.Advertise<igntion::msgs::Float>(topic)[m[K;
[7.480s]       |                                   [01;31m[K~~~~~~~~~~~~~~~~~~~~~~~~~~~~~~~~~~~~~~~~~~^~~~~~~[m[K
[7.480s] In file included from [01m[K/usr/include/ignition/gazebo6/gz/sim/comms/MsgManager.hh:26[m[K,
[7.480s]                  from [01m[K/usr/include/ignition/gazebo6/gz/sim/comms/Broker.hh:25[m[K,
[7.480s]                  from [01m[K/usr/include/ignition/gazebo6/gz/gazebo.hh:23[m[K,
[7.480s]                  from [01m[K/usr/include/ignition/gazebo6/gz/sim.hh:27[m[K,
[7.481s]                  from [01m[K/usr/include/ignition/gazebo6/ignition/gazebo.hh:18[m[K,
[7.481s]                  from [01m[K/home/paolo/light_sensor_plugin/src/light_sensor_custom/src/LightSensor.cc:4[m[K:
[7.481s] [01m[K/usr/include/ignition/transport11/gz/transport/Node.hh:513:12:[m[K [01;36m[Knote: [m[Kcandidate: ‘[01m[Ktemplate<class ClassT, class RequestT> bool ignition::transport::v11::Node::Advertise(const string&, void (ClassT::*)(const RequestT&), ClassT*, const ignition::transport::v11::AdvertiseServiceOptions&)[m[K’
[7.481s]   513 |       bool [01;36m[KAdvertise[m[K(
[7.481s]       |            [01;36m[K^~~~~~~~~[m[K
[7.481s] [01m[K/usr/include/ignition/transport11/gz/transport/Node.hh:513:12:[m[K [01;36m[Knote: [m[K  template argument deduction/substitution failed:
[7.481s] [01m[K/home/paolo/light_sensor_plugin/src/light_sensor_custom/src/LightSensor.cc:34:77:[m[K [01;31m[Kerror: [m[Ktemplate argument 1 is invalid
[7.481s]    34 |                 this->publisher = [01;31m[Kthis->node.Advertise<igntion::msgs::Float>(topic)[m[K;
[7.481s]       |                                   [01;31m[K~~~~~~~~~~~~~~~~~~~~~~~~~~~~~~~~~~~~~~~~~~^~~~~~~[m[K
[7.481s] [01m[K/home/paolo/light_sensor_plugin/src/light_sensor_custom/src/LightSensor.cc:[m[K In member function ‘[01m[Kvirtual void custom_light_sensor::LightSensor::PostUpdate(const ignition::gazebo::v6::UpdateInfo&, const ignition::gazebo::v6::EntityComponentManager&)[m[K’:
[7.481s] [01m[K/home/paolo/light_sensor_plugin/src/light_sensor_custom/src/LightSensor.cc:71:68:[m[K [01;31m[Kerror: [m[K‘[01m[Kclass custom_light_sensor::LightSensor[m[K’ has no member named ‘[01m[Kentity[m[K’
[7.481s]    71 |                                 ignition::gazebo::scopedName(this->[01;31m[Kentity[m[K, _ecm, "::", false), "::");
[7.482s]       |                                                                    [01;31m[K^~~~~~[m[K
[7.482s] [01m[K/home/paolo/light_sensor_plugin/src/light_sensor_custom/src/LightSensor.cc:[m[K At global scope:
[7.482s] [01m[K/home/paolo/light_sensor_plugin/src/light_sensor_custom/src/LightSensor.cc:84:40:[m[K [01;31m[Kerror: [m[Kexpected constructor, destructor, or type conversion at end of input
[7.482s]    84 |         LightSensor::ISystemPostUpdate)
[7.482s]       |                                        [01;31m[K^[m[K
[11.050s] gmake[2]: *** [CMakeFiles/LightSensor.dir/build.make:76: CMakeFiles/LightSensor.dir/src/LightSensor.cc.o] Error 1
[11.050s] gmake[1]: *** [CMakeFiles/Makefile2:137: CMakeFiles/LightSensor.dir/all] Error 2
[11.051s] gmake: *** [Makefile:146: all] Error 2
[11.054s] Invoked command in '/home/paolo/light_sensor_plugin/build/light_sensor' returned '2': CMAKE_PREFIX_PATH=${CMAKE_PREFIX_PATH}:/home/paolo/turtlebot4_controller_ws/install/turtlebot4_controller:/opt/ros/humble /usr/bin/cmake --build /home/paolo/light_sensor_plugin/build/light_sensor -- -j8 -l8
