[0.105s] Invoking command in '/home/paolo/light_sensor_plugin/build/light_sensor': CMAKE_PREFIX_PATH=${CMAKE_PREFIX_PATH}:/home/paolo/turtlebot4_controller_ws/install/turtlebot4_controller:/opt/ros/humble /usr/bin/cmake --build /home/paolo/light_sensor_plugin/build/light_sensor -- -j8 -l8
[0.156s] [35m[1mConsolidate compiler generated dependencies of target LightSensor[0m
[0.178s] [ 50%] [32mBuilding CXX object CMakeFiles/LightSensor.dir/src/LightSensor.cc.o[0m
[4.041s] In file included from [01m[K/usr/include/ignition/gazebo6/gz/sim/EntityComponentManager.hh:848[m[K,
[4.041s]                  from [01m[K/usr/include/ignition/gazebo6/gz/sim/Util.hh:29[m[K,
[4.041s]                  from [01m[K/usr/include/ignition/gazebo6/ignition/gazebo/Util.hh:18[m[K,
[4.041s]                  from [01m[K/home/paolo/light_sensor_plugin/src/light_sensor_custom/src/LightSensor.cc:5[m[K:
[4.042s] /usr/include/ignition/gazebo6/gz/sim/detail/EntityComponentManager.hh: In instantiation of ‘[01m[Kignition::gazebo::v6::detail::View* ignition::gazebo::v6::EntityComponentManager::FindView() const [with ComponentTypeTs = {ignition::gazebo::v6::Light}][m[K’:
[4.042s] [01m[K/usr/include/ignition/gazebo6/gz/sim/detail/EntityComponentManager.hh:251:56:[m[K   required from ‘[01m[Kstd::vector<long unsigned int> ignition::gazebo::v6::EntityComponentManager::EntitiesByComponents(const ComponentTypeTs& ...) const [with ComponentTypeTs = {ignition::gazebo::v6::Light}][m[K’
[4.042s] [01m[K/home/paolo/light_sensor_plugin/src/light_sensor_custom/src/LightSensor.cc:29:42:[m[K   required from here
[4.042s] [01m[K/usr/include/ignition/gazebo6/gz/sim/detail/EntityComponentManager.hh:539:64:[m[K [01;31m[Kerror: [m[K‘[01m[KtypeId[m[K’ is not a member of ‘[01m[Kignition::gazebo::v6::Light[m[K’
[4.042s]   539 |   auto viewKey = std::vector<ComponentTypeId>{ComponentTypeTs::[01;31m[KtypeId[m[K...};
[4.042s]       |                                                                [01;31m[K^~~~~~[m[K
[4.043s] [01m[K/usr/include/ignition/gazebo6/gz/sim/detail/EntityComponentManager.hh:539:8:[m[K [01;31m[Kerror: [m[Kno matching function for call to ‘[01m[Kstd::vector<long unsigned int>::vector(<brace-enclosed initializer list>)[m[K’
[4.043s]   539 |   auto [01;31m[KviewKey[m[K = std::vector<ComponentTypeId>{ComponentTypeTs::typeId...};
[4.043s]       |        [01;31m[K^~~~~~~[m[K
[4.043s] In file included from [01m[K/usr/include/c++/11/vector:67[m[K,
[4.043s]                  from [01m[K/usr/include/c++/11/functional:62[m[K,
[4.043s]                  from [01m[K/usr/include/c++/11/pstl/glue_algorithm_defs.h:13[m[K,
[4.043s]                  from [01m[K/usr/include/c++/11/algorithm:74[m[K,
[4.044s]                  from [01m[K/usr/include/google/protobuf/stubs/common.h:38[m[K,
[4.044s]                  from [01m[K/usr/include/google/protobuf/io/coded_stream.h:141[m[K,
[4.044s]                  from [01m[K/usr/include/ignition/msgs8/ignition/msgs/pointcloud_packed.pb.h:23[m[K,
[4.044s]                  from [01m[K/usr/include/ignition/msgs8/ignition/msgs/detail/PointCloudPackedUtils.hh:24[m[K,
[4.044s]                  from [01m[K/usr/include/ignition/msgs8/ignition/msgs.hh:23[m[K,
[4.044s]                  from [01m[K/home/paolo/light_sensor_plugin/src/light_sensor_custom/src/LightSensor.cc:1[m[K:
[4.045s] [01m[K/usr/include/c++/11/bits/stl_vector.h:653:9:[m[K [01;36m[Knote: [m[Kcandidate: ‘[01m[Ktemplate<class _InputIterator, class> std::vector<_Tp, _Alloc>::vector(_InputIterator, _InputIterator, const allocator_type&) [with _InputIterator = _InputIterator; <template-parameter-2-2> = <template-parameter-1-2>; _Tp = long unsigned int; _Alloc = std::allocator<long unsigned int>][m[K’
[4.045s]   653 |         [01;36m[Kvector[m[K(_InputIterator __first, _InputIterator __last,
[4.045s]       |         [01;36m[K^~~~~~[m[K
[4.045s] [01m[K/usr/include/c++/11/bits/stl_vector.h:653:9:[m[K [01;36m[Knote: [m[K  template argument deduction/substitution failed:
[4.045s] [01m[K/usr/include/c++/11/bits/stl_vector.h:625:7:[m[K [01;36m[Knote: [m[Kcandidate: ‘[01m[Kstd::vector<_Tp, _Alloc>::vector(std::initializer_list<_Tp>, const allocator_type&) [with _Tp = long unsigned int; _Alloc = std::allocator<long unsigned int>; std::vector<_Tp, _Alloc>::allocator_type = std::allocator<long unsigned int>][m[K’
[4.045s]   625 |       [01;36m[Kvector[m[K(initializer_list<value_type> __l,
[4.045s]       |       [01;36m[K^~~~~~[m[K
[4.046s] [01m[K/usr/include/c++/11/bits/stl_vector.h:625:7:[m[K [01;36m[Knote: [m[K  conversion of argument 1 would be ill-formed:
[4.046s] [01m[K/usr/include/c++/11/bits/stl_vector.h:607:7:[m[K [01;36m[Knote: [m[Kcandidate: ‘[01m[Kstd::vector<_Tp, _Alloc>::vector(std::vector<_Tp, _Alloc>&&, const allocator_type&) [with _Tp = long unsigned int; _Alloc = std::allocator<long unsigned int>; std::vector<_Tp, _Alloc>::allocator_type = std::allocator<long unsigned int>][m[K’
[4.046s]   607 |       [01;36m[Kvector[m[K(vector&& __rv, const allocator_type& __m)
[4.046s]       |       [01;36m[K^~~~~~[m[K
[4.046s] [01m[K/usr/include/c++/11/bits/stl_vector.h:607:7:[m[K [01;36m[Knote: [m[K  candidate expects 2 arguments, 1 provided
[4.046s] [01m[K/usr/include/c++/11/bits/stl_vector.h:589:7:[m[K [01;36m[Knote: [m[Kcandidate: ‘[01m[Kstd::vector<_Tp, _Alloc>::vector(std::vector<_Tp, _Alloc>&&, const allocator_type&, std::false_type) [with _Tp = long unsigned int; _Alloc = std::allocator<long unsigned int>; std::vector<_Tp, _Alloc>::allocator_type = std::allocator<long unsigned int>; std::false_type = std::integral_constant<bool, false>][m[K’
[4.046s]   589 |       [01;36m[Kvector[m[K(vector&& __rv, const allocator_type& __m, false_type)
[4.046s]       |       [01;36m[K^~~~~~[m[K
[4.047s] [01m[K/usr/include/c++/11/bits/stl_vector.h:589:7:[m[K [01;36m[Knote: [m[K  candidate expects 3 arguments, 1 provided
[4.047s] [01m[K/usr/include/c++/11/bits/stl_vector.h:585:7:[m[K [01;36m[Knote: [m[Kcandidate: ‘[01m[Kstd::vector<_Tp, _Alloc>::vector(std::vector<_Tp, _Alloc>&&, const allocator_type&, std::true_type) [with _Tp = long unsigned int; _Alloc = std::allocator<long unsigned int>; std::vector<_Tp, _Alloc>::allocator_type = std::allocator<long unsigned int>; std::true_type = std::integral_constant<bool, true>][m[K’
[4.047s]   585 |       [01;36m[Kvector[m[K(vector&& __rv, const allocator_type& __m, true_type) noexcept
[4.047s]       |       [01;36m[K^~~~~~[m[K
[4.047s] [01m[K/usr/include/c++/11/bits/stl_vector.h:585:7:[m[K [01;36m[Knote: [m[K  candidate expects 3 arguments, 1 provided
[4.047s] [01m[K/usr/include/c++/11/bits/stl_vector.h:575:7:[m[K [01;36m[Knote: [m[Kcandidate: ‘[01m[Kstd::vector<_Tp, _Alloc>::vector(const std::vector<_Tp, _Alloc>&, const allocator_type&) [with _Tp = long unsigned int; _Alloc = std::allocator<long unsigned int>; std::vector<_Tp, _Alloc>::allocator_type = std::allocator<long unsigned int>][m[K’
[4.047s]   575 |       [01;36m[Kvector[m[K(const vector& __x, const allocator_type& __a)
[4.048s]       |       [01;36m[K^~~~~~[m[K
[4.048s] [01m[K/usr/include/c++/11/bits/stl_vector.h:575:7:[m[K [01;36m[Knote: [m[K  candidate expects 2 arguments, 1 provided
[4.048s] [01m[K/usr/include/c++/11/bits/stl_vector.h:572:7:[m[K [01;36m[Knote: [m[Kcandidate: ‘[01m[Kstd::vector<_Tp, _Alloc>::vector(std::vector<_Tp, _Alloc>&&) [with _Tp = long unsigned int; _Alloc = std::allocator<long unsigned int>][m[K’
[4.048s]   572 |       [01;36m[Kvector[m[K(vector&&) noexcept = default;
[4.048s]       |       [01;36m[K^~~~~~[m[K
[4.048s] [01m[K/usr/include/c++/11/bits/stl_vector.h:572:7:[m[K [01;36m[Knote: [m[K  conversion of argument 1 would be ill-formed:
[4.048s] [01m[K/usr/include/c++/11/bits/stl_vector.h:553:7:[m[K [01;36m[Knote: [m[Kcandidate: ‘[01m[Kstd::vector<_Tp, _Alloc>::vector(const std::vector<_Tp, _Alloc>&) [with _Tp = long unsigned int; _Alloc = std::allocator<long unsigned int>][m[K’
[4.049s]   553 |       [01;36m[Kvector[m[K(const vector& __x)
[4.049s]       |       [01;36m[K^~~~~~[m[K
[4.049s] [01m[K/usr/include/c++/11/bits/stl_vector.h:553:7:[m[K [01;36m[Knote: [m[K  conversion of argument 1 would be ill-formed:
[4.049s] [01m[K/usr/include/c++/11/bits/stl_vector.h:522:7:[m[K [01;36m[Knote: [m[Kcandidate: ‘[01m[Kstd::vector<_Tp, _Alloc>::vector(std::vector<_Tp, _Alloc>::size_type, const value_type&, const allocator_type&) [with _Tp = long unsigned int; _Alloc = std::allocator<long unsigned int>; std::vector<_Tp, _Alloc>::size_type = long unsigned int; std::vector<_Tp, _Alloc>::value_type = long unsigned int; std::vector<_Tp, _Alloc>::allocator_type = std::allocator<long unsigned int>][m[K’
[4.049s]   522 |       [01;36m[Kvector[m[K(size_type __n, const value_type& __value,
[4.049s]       |       [01;36m[K^~~~~~[m[K
[4.049s] [01m[K/usr/include/c++/11/bits/stl_vector.h:522:7:[m[K [01;36m[Knote: [m[K  candidate expects 3 arguments, 1 provided
[4.050s] [01m[K/usr/include/c++/11/bits/stl_vector.h:510:7:[m[K [01;36m[Knote: [m[Kcandidate: ‘[01m[Kstd::vector<_Tp, _Alloc>::vector(std::vector<_Tp, _Alloc>::size_type, const allocator_type&) [with _Tp = long unsigned int; _Alloc = std::allocator<long unsigned int>; std::vector<_Tp, _Alloc>::size_type = long unsigned int; std::vector<_Tp, _Alloc>::allocator_type = std::allocator<long unsigned int>][m[K’
[4.050s]   510 |       [01;36m[Kvector[m[K(size_type __n, const allocator_type& __a = allocator_type())
[4.050s]       |       [01;36m[K^~~~~~[m[K
[4.050s] [01m[K/usr/include/c++/11/bits/stl_vector.h:510:7:[m[K [01;36m[Knote: [m[K  conversion of argument 1 would be ill-formed:
[4.050s] [01m[K/usr/include/c++/11/bits/stl_vector.h:497:7:[m[K [01;36m[Knote: [m[Kcandidate: ‘[01m[Kstd::vector<_Tp, _Alloc>::vector(const allocator_type&) [with _Tp = long unsigned int; _Alloc = std::allocator<long unsigned int>; std::vector<_Tp, _Alloc>::allocator_type = std::allocator<long unsigned int>][m[K’
[4.051s]   497 |       [01;36m[Kvector[m[K(const allocator_type& __a) _GLIBCXX_NOEXCEPT
[4.051s]       |       [01;36m[K^~~~~~[m[K
[4.051s] [01m[K/usr/include/c++/11/bits/stl_vector.h:497:7:[m[K [01;36m[Knote: [m[K  conversion of argument 1 would be ill-formed:
[4.051s] [01m[K/usr/include/c++/11/bits/stl_vector.h:487:7:[m[K [01;36m[Knote: [m[Kcandidate: ‘[01m[Kstd::vector<_Tp, _Alloc>::vector() [with _Tp = long unsigned int; _Alloc = std::allocator<long unsigned int>][m[K’
[4.051s]   487 |       [01;36m[Kvector[m[K() = default;
[4.052s]       |       [01;36m[K^~~~~~[m[K
[4.052s] [01m[K/usr/include/c++/11/bits/stl_vector.h:487:7:[m[K [01;36m[Knote: [m[K  candidate expects 0 arguments, 1 provided
[4.052s] In file included from [01m[K/usr/include/ignition/gazebo6/gz/sim/EntityComponentManager.hh:848[m[K,
[4.052s]                  from [01m[K/usr/include/ignition/gazebo6/gz/sim/Util.hh:29[m[K,
[4.052s]                  from [01m[K/usr/include/ignition/gazebo6/ignition/gazebo/Util.hh:18[m[K,
[4.052s]                  from [01m[K/home/paolo/light_sensor_plugin/src/light_sensor_custom/src/LightSensor.cc:5[m[K:
[4.052s] [01m[K/usr/include/ignition/gazebo6/gz/sim/detail/EntityComponentManager.hh:579:64:[m[K [01;31m[Kerror: [m[K‘[01m[KtypeId[m[K’ is not a member of ‘[01m[Kignition::gazebo::v6::Light[m[K’
[4.053s]   579 |   detail::View view(std::set<ComponentTypeId>{ComponentTypeTs::[01;31m[KtypeId[m[K...});
[4.053s]       |                                                                [01;31m[K^~~~~~[m[K
[4.053s] [01m[K/usr/include/ignition/gazebo6/gz/sim/detail/EntityComponentManager.hh:579:16:[m[K [01;31m[Kerror: [m[Kno matching function for call to ‘[01m[Kstd::set<long unsigned int>::set(<brace-enclosed initializer list>)[m[K’
[4.053s]   579 |   detail::View [01;31m[Kview[m[K(std::set<ComponentTypeId>{ComponentTypeTs::typeId...});
[4.053s]       |                [01;31m[K^~~~[m[K
[4.053s] In file included from [01m[K/usr/include/c++/11/set:61[m[K,
[4.053s]                  from [01m[K/usr/include/google/protobuf/stubs/common.h:42[m[K,
[4.054s]                  from [01m[K/usr/include/google/protobuf/io/coded_stream.h:141[m[K,
[4.054s]                  from [01m[K/usr/include/ignition/msgs8/ignition/msgs/pointcloud_packed.pb.h:23[m[K,
[4.054s]                  from [01m[K/usr/include/ignition/msgs8/ignition/msgs/detail/PointCloudPackedUtils.hh:24[m[K,
[4.054s]                  from [01m[K/usr/include/ignition/msgs8/ignition/msgs.hh:23[m[K,
[4.054s]                  from [01m[K/home/paolo/light_sensor_plugin/src/light_sensor_custom/src/LightSensor.cc:1[m[K:
[4.054s] [01m[K/usr/include/c++/11/bits/stl_set.h:271:9:[m[K [01;36m[Knote: [m[Kcandidate: ‘[01m[Ktemplate<class _InputIterator> std::set<_Key, _Compare, _Alloc>::set(_InputIterator, _InputIterator, const allocator_type&) [with _InputIterator = _InputIterator; _Key = long unsigned int; _Compare = std::less<long unsigned int>; _Alloc = std::allocator<long unsigned int>][m[K’
[4.054s]   271 |         [01;36m[Kset[m[K(_InputIterator __first, _InputIterator __last,
[4.054s]       |         [01;36m[K^~~[m[K
[4.055s] [01m[K/usr/include/c++/11/bits/stl_set.h:271:9:[m[K [01;36m[Knote: [m[K  template argument deduction/substitution failed:
[4.055s] [01m[K/usr/include/c++/11/bits/stl_set.h:208:9:[m[K [01;36m[Knote: [m[Kcandidate: ‘[01m[Ktemplate<class _InputIterator> std::set<_Key, _Compare, _Alloc>::set(_InputIterator, _InputIterator, const _Compare&, const allocator_type&) [with _InputIterator = _InputIterator; _Key = long unsigned int; _Compare = std::less<long unsigned int>; _Alloc = std::allocator<long unsigned int>][m[K’
[4.055s]   208 |         [01;36m[Kset[m[K(_InputIterator __first, _InputIterator __last,
[4.055s]       |         [01;36m[K^~~[m[K
[4.055s] [01m[K/usr/include/c++/11/bits/stl_set.h:208:9:[m[K [01;36m[Knote: [m[K  template argument deduction/substitution failed:
[4.055s] [01m[K/usr/include/c++/11/bits/stl_set.h:191:9:[m[K [01;36m[Knote: [m[Kcandidate: ‘[01m[Ktemplate<class _InputIterator> std::set<_Key, _Compare, _Alloc>::set(_InputIterator, _InputIterator) [with _InputIterator = _InputIterator; _Key = long unsigned int; _Compare = std::less<long unsigned int>; _Alloc = std::allocator<long unsigned int>][m[K’
[4.055s]   191 |         [01;36m[Kset[m[K(_InputIterator __first, _InputIterator __last)
[4.056s]       |         [01;36m[K^~~[m[K
[4.056s] [01m[K/usr/include/c++/11/bits/stl_set.h:191:9:[m[K [01;36m[Knote: [m[K  template argument deduction/substitution failed:
[4.056s] [01m[K/usr/include/c++/11/bits/stl_set.h:265:7:[m[K [01;36m[Knote: [m[Kcandidate: ‘[01m[Kstd::set<_Key, _Compare, _Alloc>::set(std::initializer_list<_Tp>, const allocator_type&) [with _Key = long unsigned int; _Compare = std::less<long unsigned int>; _Alloc = std::allocator<long unsigned int>; std::set<_Key, _Compare, _Alloc>::allocator_type = std::allocator<long unsigned int>][m[K’
[4.056s]   265 |       [01;36m[Kset[m[K(initializer_list<value_type> __l, const allocator_type& __a)
[4.056s]       |       [01;36m[K^~~[m[K
[4.056s] [01m[K/usr/include/c++/11/bits/stl_set.h:265:7:[m[K [01;36m[Knote: [m[K  candidate expects 2 arguments, 1 provided
[4.056s] [01m[K/usr/include/c++/11/bits/stl_set.h:259:7:[m[K [01;36m[Knote: [m[Kcandidate: ‘[01m[Kstd::set<_Key, _Compare, _Alloc>::set(std::set<_Key, _Compare, _Alloc>&&, const allocator_type&) [with _Key = long unsigned int; _Compare = std::less<long unsigned int>; _Alloc = std::allocator<long unsigned int>; std::set<_Key, _Compare, _Alloc>::allocator_type = std::allocator<long unsigned int>][m[K’
[4.057s]   259 |       [01;36m[Kset[m[K(set&& __x, const allocator_type& __a)
[4.057s]       |       [01;36m[K^~~[m[K
[4.057s] [01m[K/usr/include/c++/11/bits/stl_set.h:259:7:[m[K [01;36m[Knote: [m[K  candidate expects 2 arguments, 1 provided
[4.057s] [01m[K/usr/include/c++/11/bits/stl_set.h:255:7:[m[K [01;36m[Knote: [m[Kcandidate: ‘[01m[Kstd::set<_Key, _Compare, _Alloc>::set(const std::set<_Key, _Compare, _Alloc>&, const allocator_type&) [with _Key = long unsigned int; _Compare = std::less<long unsigned int>; _Alloc = std::allocator<long unsigned int>; std::set<_Key, _Compare, _Alloc>::allocator_type = std::allocator<long unsigned int>][m[K’
[4.057s]   255 |       [01;36m[Kset[m[K(const set& __x, const allocator_type& __a)
[4.057s]       |       [01;36m[K^~~[m[K
[4.057s] [01m[K/usr/include/c++/11/bits/stl_set.h:255:7:[m[K [01;36m[Knote: [m[K  candidate expects 2 arguments, 1 provided
[4.058s] [01m[K/usr/include/c++/11/bits/stl_set.h:251:7:[m[K [01;36m[Knote: [m[Kcandidate: ‘[01m[Kstd::set<_Key, _Compare, _Alloc>::set(const allocator_type&) [with _Key = long unsigned int; _Compare = std::less<long unsigned int>; _Alloc = std::allocator<long unsigned int>; std::set<_Key, _Compare, _Alloc>::allocator_type = std::allocator<long unsigned int>][m[K’
[4.058s]   251 |       [01;36m[Kset[m[K(const allocator_type& __a)
[4.058s]       |       [01;36m[K^~~[m[K
[4.058s] [01m[K/usr/include/c++/11/bits/stl_set.h:251:7:[m[K [01;36m[Knote: [m[K  conversion of argument 1 would be ill-formed:
[4.058s] [01m[K/usr/include/c++/11/bits/stl_set.h:243:7:[m[K [01;36m[Knote: [m[Kcandidate: ‘[01m[Kstd::set<_Key, _Compare, _Alloc>::set(std::initializer_list<_Tp>, const _Compare&, const allocator_type&) [with _Key = long unsigned int; _Compare = std::less<long unsigned int>; _Alloc = std::allocator<long unsigned int>; std::set<_Key, _Compare, _Alloc>::allocator_type = std::allocator<long unsigned int>][m[K’
[4.059s]   243 |       [01;36m[Kset[m[K(initializer_list<value_type> __l,
[4.059s]       |       [01;36m[K^~~[m[K
[4.059s] [01m[K/usr/include/c++/11/bits/stl_set.h:243:7:[m[K [01;36m[Knote: [m[K  conversion of argument 1 would be ill-formed:
[4.059s] [01m[K/usr/include/c++/11/bits/stl_set.h:231:7:[m[K [01;36m[Knote: [m[Kcandidate: ‘[01m[Kstd::set<_Key, _Compare, _Alloc>::set(std::set<_Key, _Compare, _Alloc>&&) [with _Key = long unsigned int; _Compare = std::less<long unsigned int>; _Alloc = std::allocator<long unsigned int>][m[K’
[4.059s]   231 |       [01;36m[Kset[m[K(set&&) = default;
[4.059s]       |       [01;36m[K^~~[m[K
[4.059s] [01m[K/usr/include/c++/11/bits/stl_set.h:231:7:[m[K [01;36m[Knote: [m[K  conversion of argument 1 would be ill-formed:
[4.060s] [01m[K/usr/include/c++/11/bits/stl_set.h:223:7:[m[K [01;36m[Knote: [m[Kcandidate: ‘[01m[Kstd::set<_Key, _Compare, _Alloc>::set(const std::set<_Key, _Compare, _Alloc>&) [with _Key = long unsigned int; _Compare = std::less<long unsigned int>; _Alloc = std::allocator<long unsigned int>][m[K’
[4.060s]   223 |       [01;36m[Kset[m[K(const set&) = default;
[4.060s]       |       [01;36m[K^~~[m[K
[4.060s] [01m[K/usr/include/c++/11/bits/stl_set.h:223:7:[m[K [01;36m[Knote: [m[K  conversion of argument 1 would be ill-formed:
[4.060s] [01m[K/usr/include/c++/11/bits/stl_set.h:176:7:[m[K [01;36m[Knote: [m[Kcandidate: ‘[01m[Kstd::set<_Key, _Compare, _Alloc>::set(const _Compare&, const allocator_type&) [with _Key = long unsigned int; _Compare = std::less<long unsigned int>; _Alloc = std::allocator<long unsigned int>; std::set<_Key, _Compare, _Alloc>::allocator_type = std::allocator<long unsigned int>][m[K’
[4.060s]   176 |       [01;36m[Kset[m[K(const _Compare& __comp,
[4.061s]       |       [01;36m[K^~~[m[K
[4.061s] [01m[K/usr/include/c++/11/bits/stl_set.h:176:7:[m[K [01;36m[Knote: [m[K  conversion of argument 1 would be ill-formed:
[4.061s] [01m[K/usr/include/c++/11/bits/stl_set.h:167:7:[m[K [01;36m[Knote: [m[Kcandidate: ‘[01m[Kstd::set<_Key, _Compare, _Alloc>::set() [with _Key = long unsigned int; _Compare = std::less<long unsigned int>; _Alloc = std::allocator<long unsigned int>][m[K’
[4.061s]   167 |       [01;36m[Kset[m[K() = default;
[4.061s]       |       [01;36m[K^~~[m[K
[4.061s] [01m[K/usr/include/c++/11/bits/stl_set.h:167:7:[m[K [01;36m[Knote: [m[K  candidate expects 0 arguments, 1 provided
[4.061s] In file included from [01m[K/usr/include/ignition/gazebo6/gz/sim/EntityComponentManager.hh:848[m[K,
[4.062s]                  from [01m[K/usr/include/ignition/gazebo6/gz/sim/Util.hh:29[m[K,
[4.062s]                  from [01m[K/usr/include/ignition/gazebo6/ignition/gazebo/Util.hh:18[m[K,
[4.062s]                  from [01m[K/home/paolo/light_sensor_plugin/src/light_sensor_custom/src/LightSensor.cc:5[m[K:
[4.062s] /usr/include/ignition/gazebo6/gz/sim/detail/EntityComponentManager.hh: In instantiation of ‘[01m[Kignition::gazebo::v6::EntityComponentManager::EntitiesByComponents<ignition::gazebo::v6::Light>(const ignition::gazebo::v6::Light&) const::<lambda(const auto:26&)> [with auto:26 = ignition::gazebo::v6::Light][m[K’:
[4.062s] [01m[K/usr/include/ignition/gazebo6/gz/sim/detail/EntityComponentManager.hh:466:6:[m[K   required from ‘[01m[Kstatic void ignition::gazebo::v6::EntityComponentManager::ForEach(Function, const ComponentTypeTs& ...) [with Function = ignition::gazebo::v6::EntityComponentManager::EntitiesByComponents<ignition::gazebo::v6::Light>(const ignition::gazebo::v6::Light&) const::<lambda(const auto:26&)>; ComponentTypeTs = {ignition::gazebo::v6::Light}][m[K’
[4.062s] [01m[K/usr/include/ignition/gazebo6/gz/sim/detail/EntityComponentManager.hh:261:12:[m[K   required from ‘[01m[Kstd::vector<long unsigned int> ignition::gazebo::v6::EntityComponentManager::EntitiesByComponents(const ComponentTypeTs& ...) const [with ComponentTypeTs = {ignition::gazebo::v6::Light}][m[K’
[4.063s] [01m[K/home/paolo/light_sensor_plugin/src/light_sensor_custom/src/LightSensor.cc:29:42:[m[K   required from here
[4.063s] [01m[K/usr/include/ignition/gazebo6/gz/sim/detail/EntityComponentManager.hh:267:28:[m[K [01;31m[Kerror: [m[Kno match for ‘[01m[Koperator!=[m[K’ (operand types are ‘[01m[Kconst ignition::gazebo::v6::Light[m[K’ and ‘[01m[Kconst ignition::gazebo::v6::Light[m[K’)
[4.063s]   267 |       if ([01;31m[K*entityComponent != _desiredComponent[m[K)
[4.063s]       |           [01;31m[K~~~~~~~~~~~~~~~~~^~~~~~~~~~~~~~~~~~~~[m[K
[4.980s] gmake[2]: *** [CMakeFiles/LightSensor.dir/build.make:76: CMakeFiles/LightSensor.dir/src/LightSensor.cc.o] Error 1
[4.980s] gmake[1]: *** [CMakeFiles/Makefile2:137: CMakeFiles/LightSensor.dir/all] Error 2
[4.980s] gmake: *** [Makefile:146: all] Error 2
[4.982s] Invoked command in '/home/paolo/light_sensor_plugin/build/light_sensor' returned '2': CMAKE_PREFIX_PATH=${CMAKE_PREFIX_PATH}:/home/paolo/turtlebot4_controller_ws/install/turtlebot4_controller:/opt/ros/humble /usr/bin/cmake --build /home/paolo/light_sensor_plugin/build/light_sensor -- -j8 -l8
