[0.100s] Invoking command in '/home/paolo/light_sensor_plugin/build/light_sensor_plugin': /usr/bin/cmake /home/paolo/light_sensor_plugin -DCMAKE_INSTALL_PREFIX=/home/paolo/light_sensor_plugin/install
[0.114s] -- Found ament_cmake: 1.3.7 (/opt/ros/humble/share/ament_cmake/cmake)
[0.256s] -- Looking for ignition-math6 -- found version 6.15.1
[0.260s] -- Searching for dependencies of ignition-math6
[0.261s] -- Looking for ignition-msgs8 -- found version 8.7.0
[0.261s] -- Searching for dependencies of ignition-msgs8
[0.281s] -- Found Protobuf: /usr/lib/x86_64-linux-gnu/libprotobuf.so (found suitable version "3.12.4", minimum required is "3") 
[0.281s] -- Looking for ignition-math6 -- found version 6.15.1
[0.286s] -- Checking for module 'tinyxml2'
[0.297s] --   Found tinyxml2, version 9.0.0
[0.325s] -- Looking for ignition-transport11 -- found version 11.4.1
[0.326s] -- Searching for dependencies of ignition-transport11
[0.346s] -- Found Protobuf: /usr/lib/x86_64-linux-gnu/libprotobuf.so (found version "3.12.4") 
[0.364s] -- Config-file not installed for ZeroMQ -- checking for pkg-config
[0.368s] -- Checking for module 'libzmq >= 4'
[0.381s] --   Found libzmq , version 4.3.4
[0.418s] -- Checking for module 'uuid'
[0.432s] --   Found uuid, version 2.37.2
[0.464s] -- Looking for ignition-utils1 -- found version 1.5.1
[0.464s] -- Searching for dependencies of ignition-utils1
[0.465s] -- Searching for <ignition-utils1> component [cli]
[0.465s] -- Looking for ignition-utils1-cli -- found version 1.5.1
[0.466s] -- Searching for dependencies of ignition-utils1-cli
[0.467s] -- Looking for ignition-msgs8 -- found version 8.7.0
[0.468s] -- Looking for ignition-plugin1 -- found version 1.4.0
[0.468s] -- Searching for dependencies of ignition-plugin1
[0.469s] -- Searching for <ignition-plugin1> component [loader]
[0.469s] -- Looking for ignition-plugin1-loader -- found version 1.4.0
[0.470s] -- Searching for dependencies of ignition-plugin1-loader
[0.470s] -- Searching for <ignition-plugin1> component [register]
[0.471s] -- Looking for ignition-plugin1-register -- found version 1.4.0
[0.471s] -- Searching for dependencies of ignition-plugin1-register
[0.472s] -- Looking for ignition-sensors6 -- found version 6.8.0
[0.473s] -- Searching for dependencies of ignition-sensors6
[0.494s] -- Looking for ignition-math6 -- found version 6.15.1
[0.494s] -- Looking for ignition-common4 -- found version 4.7.0
[0.495s] -- Searching for dependencies of ignition-common4
[0.495s] -- Looking for dlfcn.h - found
[0.495s] -- Looking for libdl - found
[0.514s] -- Searching for <ignition-common4> component [profiler]
[0.514s] -- Looking for ignition-common4-profiler -- found version 4.7.0
[0.515s] -- Searching for dependencies of ignition-common4-profiler
[0.515s] -- Looking for ignition-transport11 -- found version 11.4.1
[0.516s] -- Looking for ignition-rendering6 -- found version 6.6.3
[0.516s] -- Searching for dependencies of ignition-rendering6
[0.517s] -- Looking for ignition-math6 -- found version 6.15.1
[0.517s] -- Searching for dependencies of ignition-math6
[0.517s] -- Searching for <ignition-math6> component [eigen3]
[0.518s] -- Looking for ignition-math6-eigen3 -- found version 6.15.1
[0.518s] -- Searching for dependencies of ignition-math6-eigen3
[0.520s] -- Looking for ignition-common4 -- found version 4.7.0
[0.520s] -- Searching for dependencies of ignition-common4
[0.520s] -- Looking for dlfcn.h - found
[0.520s] -- Looking for libdl - found
[0.528s] -- Searching for <ignition-common4> component [graphics]
[0.529s] -- Looking for ignition-common4-graphics -- found version 4.7.0
[0.529s] -- Searching for dependencies of ignition-common4-graphics
[0.530s] -- Looking for ignition-math6 -- found version 6.15.1
[0.530s] -- Looking for ignition-utils1 -- found version 1.5.1
[0.531s] -- Searching for <ignition-common4> component [events]
[0.531s] -- Looking for ignition-common4-events -- found version 4.7.0
[0.532s] -- Searching for dependencies of ignition-common4-events
[0.532s] -- Looking for ignition-math6 -- found version 6.15.1
[0.533s] -- Looking for ignition-plugin1 -- found version 1.4.0
[0.533s] -- Searching for dependencies of ignition-plugin1
[0.534s] -- Searching for <ignition-plugin1> component [all]
[0.534s] -- Looking for all libraries of ignition-plugin1 -- found version 1.4.0
[0.534s] -- Looking for ignition-plugin1 -- found version 1.4.0
[0.536s] -- Looking for ignition-msgs8 -- found version 8.7.0
[0.537s] -- Looking for sdformat12 -- found version 12.7.2
[0.537s] -- Searching for dependencies of sdformat12
[0.544s] -- Looking for ignition-math6 -- found version 6.15.1
[0.545s] -- Looking for ignition-utils1 -- found version 1.5.1
[0.546s] -- Looking for ignition-gazebo6 -- found version 6.16.0
[0.547s] -- Searching for dependencies of ignition-gazebo6
[0.547s] -- Looking for sdformat12 -- found version 12.7.2
[0.548s] -- Looking for ignition-plugin1 -- found version 1.4.0
[0.548s] -- Looking for ignition-transport11 -- found version 11.4.1
[0.549s] -- Searching for dependencies of ignition-transport11
[0.582s] -- Config-file not installed for ZeroMQ -- checking for pkg-config
[0.586s] -- Checking for module 'libzmq >= 4'
[0.600s] --   Found libzmq , version 4.3.4
[0.640s] -- Looking for ignition-utils1 -- found version 1.5.1
[0.641s] -- Looking for ignition-msgs8 -- found version 8.7.0
[0.641s] -- Searching for <ignition-transport11> component [log]
[0.641s] -- Looking for ignition-transport11-log -- found version 11.4.1
[0.642s] -- Searching for dependencies of ignition-transport11-log
[0.643s] -- Searching for <ignition-transport11> component [parameters]
[0.644s] -- Looking for ignition-transport11-parameters -- found version 11.4.1
[0.644s] -- Searching for dependencies of ignition-transport11-parameters
[0.645s] -- Looking for ignition-msgs8 -- found version 8.7.0
[0.645s] -- Looking for ignition-common4 -- found version 4.7.0
[0.646s] -- Searching for dependencies of ignition-common4
[0.646s] -- Looking for dlfcn.h - found
[0.646s] -- Looking for libdl - found
[0.655s] -- Searching for <ignition-common4> component [profiler]
[0.655s] -- Searching for <ignition-common4> component [events]
[0.656s] -- Searching for <ignition-common4> component [av]
[0.656s] -- Looking for ignition-common4-av -- found version 4.7.0
[0.657s] -- Searching for dependencies of ignition-common4-av
[0.662s] -- Checking for module 'libswscale'
[0.674s] --   Found libswscale, version 5.9.100
[0.710s] -- Checking for module 'libavdevice >= 56.4.100'
[0.723s] --   Found libavdevice , version 58.13.100
[0.764s] -- Checking for module 'libavformat'
[0.778s] --   Found libavformat, version 58.76.100
[0.816s] -- Checking for module 'libavcodec'
[0.829s] --   Found libavcodec, version 58.134.100
[0.866s] -- Checking for module 'libavutil'
[0.879s] --   Found libavutil, version 56.70.100
[0.910s] -- Looking for ignition-fuel_tools7 -- found version 7.3.0
[0.910s] -- Searching for dependencies of ignition-fuel_tools7
[0.950s] -- Checking for module 'jsoncpp'
[0.962s] --   Found jsoncpp, version 1.9.5
[0.997s] -- Checking for module 'libzip'
[1.010s] --   Found libzip, version 1.7.3
[1.040s] -- Looking for ignition-common4 -- found version 4.7.0
[1.041s] -- Looking for ignition-math6 -- found version 6.15.1
[1.041s] -- Looking for ignition-msgs8 -- found version 8.7.0
[1.043s] -- Looking for ignition-gui6 -- found version 6.8.0
[1.043s] -- Searching for dependencies of ignition-gui6
[1.063s] -- Found Protobuf: /usr/lib/x86_64-linux-gnu/libprotobuf.so (found suitable version "3.12.4", minimum required is "3") 
[1.071s] -- Looking for ignition-math6 -- found version 6.15.1
[1.071s] -- Looking for ignition-common4 -- found version 4.7.0
[1.072s] -- Looking for ignition-plugin1 -- found version 1.4.0
[1.072s] -- Looking for ignition-transport11 -- found version 11.4.1
[1.072s] -- Looking for ignition-rendering6 -- found version 6.6.3
[1.073s] -- Looking for ignition-msgs8 -- found version 8.7.0
[1.086s] -- Looking for ignition-physics5 -- found version 5.3.2
[1.087s] -- Searching for dependencies of ignition-physics5
[1.087s] -- Looking for ignition-math6 -- found version 6.15.1
[1.088s] -- Looking for ignition-plugin1 -- found version 1.4.0
[1.088s] -- Looking for ignition-utils1 -- found version 1.5.1
[1.089s] -- Searching for <ignition-physics5> component [heightmap]
[1.090s] -- Looking for ignition-physics5-heightmap -- found version 5.3.2
[1.090s] -- Searching for dependencies of ignition-physics5-heightmap
[1.090s] -- Looking for ignition-common4 -- found version 4.7.0
[1.091s] -- Searching for <ignition-physics5> component [mesh]
[1.091s] -- Looking for ignition-physics5-mesh -- found version 5.3.2
[1.092s] -- Searching for dependencies of ignition-physics5-mesh
[1.092s] -- Looking for ignition-common4 -- found version 4.7.0
[1.093s] -- Searching for <ignition-physics5> component [sdf]
[1.093s] -- Looking for ignition-physics5-sdf -- found version 5.3.2
[1.094s] -- Searching for dependencies of ignition-physics5-sdf
[1.094s] -- Looking for sdformat12 -- found version 12.7.2
[1.095s] -- Looking for ignition-sensors6 -- found version 6.8.0
[1.095s] -- Searching for dependencies of ignition-sensors6
[1.115s] -- Found Protobuf: /usr/lib/x86_64-linux-gnu/libprotobuf.so (found version "3.12.4") 
[1.116s] -- Looking for ignition-math6 -- found version 6.15.1
[1.117s] -- Looking for ignition-common4 -- found version 4.7.0
[1.117s] -- Looking for ignition-transport11 -- found version 11.4.1
[1.117s] -- Looking for ignition-rendering6 -- found version 6.6.3
[1.118s] -- Looking for ignition-msgs8 -- found version 8.7.0
[1.118s] -- Looking for sdformat12 -- found version 12.7.2
[1.119s] -- Searching for <ignition-sensors6> component [air_pressure]
[1.119s] -- Looking for ignition-sensors6-air_pressure -- found version 6.8.0
[1.119s] -- Searching for dependencies of ignition-sensors6-air_pressure
[1.120s] -- Searching for <ignition-sensors6> component [altimeter]
[1.120s] -- Looking for ignition-sensors6-altimeter -- found version 6.8.0
[1.121s] -- Searching for dependencies of ignition-sensors6-altimeter
[1.121s] -- Searching for <ignition-sensors6> component [imu]
[1.122s] -- Looking for ignition-sensors6-imu -- found version 6.8.0
[1.122s] -- Searching for dependencies of ignition-sensors6-imu
[1.123s] -- Searching for <ignition-sensors6> component [force_torque]
[1.123s] -- Looking for ignition-sensors6-force_torque -- found version 6.8.0
[1.124s] -- Searching for dependencies of ignition-sensors6-force_torque
[1.124s] -- Searching for <ignition-sensors6> component [logical_camera]
[1.125s] -- Looking for ignition-sensors6-logical_camera -- found version 6.8.0
[1.125s] -- Searching for dependencies of ignition-sensors6-logical_camera
[1.126s] -- Searching for <ignition-sensors6> component [magnetometer]
[1.126s] -- Looking for ignition-sensors6-magnetometer -- found version 6.8.0
[1.127s] -- Searching for dependencies of ignition-sensors6-magnetometer
[1.127s] -- Searching for <ignition-sensors6> component [navsat]
[1.128s] -- Looking for ignition-sensors6-navsat -- found version 6.8.0
[1.128s] -- Searching for dependencies of ignition-sensors6-navsat
[1.129s] -- Searching for <ignition-sensors6> component [rendering]
[1.129s] -- Looking for ignition-sensors6-rendering -- found version 6.8.0
[1.130s] -- Searching for dependencies of ignition-sensors6-rendering
[1.130s] -- Searching for <ignition-sensors6> component [lidar]
[1.131s] -- Looking for ignition-sensors6-lidar -- found version 6.8.0
[1.131s] -- Searching for dependencies of ignition-sensors6-lidar
[1.132s] -- Looking for ignition-sensors6 -- found version 6.8.0
[1.132s] -- Searching for <ignition-sensors6> component [gpu_lidar]
[1.133s] -- Looking for ignition-sensors6-gpu_lidar -- found version 6.8.0
[1.133s] -- Searching for dependencies of ignition-sensors6-gpu_lidar
[1.134s] -- Looking for ignition-sensors6 -- found version 6.8.0
[1.134s] -- Searching for <ignition-sensors6> component [camera]
[1.135s] -- Looking for ignition-sensors6-camera -- found version 6.8.0
[1.135s] -- Searching for dependencies of ignition-sensors6-camera
[1.136s] -- Looking for ignition-sensors6 -- found version 6.8.0
[1.136s] -- Searching for <ignition-sensors6> component [boundingbox_camera]
[1.136s] -- Looking for ignition-sensors6-boundingbox_camera -- found version 6.8.0
[1.137s] -- Searching for dependencies of ignition-sensors6-boundingbox_camera
[1.137s] -- Searching for <ignition-sensors6> component [segmentation_camera]
[1.138s] -- Looking for ignition-sensors6-segmentation_camera -- found version 6.8.0
[1.139s] -- Searching for dependencies of ignition-sensors6-segmentation_camera
[1.139s] -- Searching for <ignition-sensors6> component [depth_camera]
[1.140s] -- Looking for ignition-sensors6-depth_camera -- found version 6.8.0
[1.140s] -- Searching for dependencies of ignition-sensors6-depth_camera
[1.141s] -- Looking for ignition-sensors6 -- found version 6.8.0
[1.142s] -- Searching for <ignition-sensors6> component [rgbd_camera]
[1.142s] -- Looking for ignition-sensors6-rgbd_camera -- found version 6.8.0
[1.143s] -- Searching for dependencies of ignition-sensors6-rgbd_camera
[1.143s] -- Looking for ignition-sensors6 -- found version 6.8.0
[1.144s] -- Searching for <ignition-sensors6> component [thermal_camera]
[1.144s] -- Looking for ignition-sensors6-thermal_camera -- found version 6.8.0
[1.145s] -- Searching for dependencies of ignition-sensors6-thermal_camera
[1.145s] -- Looking for ignition-sensors6 -- found version 6.8.0
[1.146s] -- Looking for ignition-rendering6 -- found version 6.6.3
[1.147s] -- Looking for ignition-math6 -- found version 6.15.1
[1.148s] -- Looking for ignition-utils1 -- found version 1.5.1
[1.169s] -- Found rclcpp: 16.0.8 (/opt/ros/humble/share/rclcpp/cmake)
[1.191s] -- Found rosidl_generator_c: 3.1.5 (/opt/ros/humble/share/rosidl_generator_c/cmake)
[1.194s] -- Found rosidl_adapter: 3.1.5 (/opt/ros/humble/share/rosidl_adapter/cmake)
[1.199s] -- Found rosidl_generator_cpp: 3.1.5 (/opt/ros/humble/share/rosidl_generator_cpp/cmake)
[1.210s] -- Using all available rosidl_typesupport_c: rosidl_typesupport_fastrtps_c;rosidl_typesupport_introspection_c
[1.227s] -- Using all available rosidl_typesupport_cpp: rosidl_typesupport_fastrtps_cpp;rosidl_typesupport_introspection_cpp
[1.285s] -- Found rmw_implementation_cmake: 6.1.1 (/opt/ros/humble/share/rmw_implementation_cmake/cmake)
[1.287s] -- Found rmw_fastrtps_cpp: 6.2.6 (/opt/ros/humble/share/rmw_fastrtps_cpp/cmake)
[1.414s] -- Using RMW implementation 'rmw_fastrtps_cpp' as default
[1.572s] [31mCMake Error at /opt/ros/humble/share/ament_cmake_target_dependencies/cmake/ament_target_dependencies.cmake:42 (message):
[1.572s]   ament_target_dependencies() the first argument must be a valid target name
[1.572s] Call Stack (most recent call first):
[1.572s]   CMakeLists.txt:40 (ament_target_dependencies)
[1.572s] 
[1.572s] [0m
[1.572s] -- Configuring incomplete, errors occurred!
[1.572s] See also "/home/paolo/light_sensor_plugin/build/light_sensor_plugin/CMakeFiles/CMakeOutput.log".
[1.581s] Invoked command in '/home/paolo/light_sensor_plugin/build/light_sensor_plugin' returned '1': /usr/bin/cmake /home/paolo/light_sensor_plugin -DCMAKE_INSTALL_PREFIX=/home/paolo/light_sensor_plugin/install
