[0.100s] Invoking command in '/home/paolo/light_sensor_plugin/build/light_sensor_plugin': /usr/bin/cmake /home/paolo/light_sensor_plugin -DCMAKE_INSTALL_PREFIX=/home/paolo/light_sensor_plugin/install
[0.115s] -- Found ament_cmake: 1.3.7 (/opt/ros/humble/share/ament_cmake/cmake)
[0.261s] -- Looking for ignition-math6 -- found version 6.15.1
[0.265s] -- Searching for dependencies of ignition-math6
[0.266s] -- Looking for ignition-msgs8 -- found version 8.7.0
[0.267s] -- Searching for dependencies of ignition-msgs8
[0.289s] -- Found Protobuf: /usr/lib/x86_64-linux-gnu/libprotobuf.so (found suitable version "3.12.4", minimum required is "3") 
[0.290s] -- Looking for ignition-math6 -- found version 6.15.1
[0.295s] -- Checking for module 'tinyxml2'
[0.309s] --   Found tinyxml2, version 9.0.0
[0.342s] -- Looking for ignition-transport11 -- found version 11.4.1
[0.342s] -- Searching for dependencies of ignition-transport11
[0.362s] -- Found Protobuf: /usr/lib/x86_64-linux-gnu/libprotobuf.so (found version "3.12.4") 
[0.376s] -- Config-file not installed for ZeroMQ -- checking for pkg-config
[0.381s] -- Checking for module 'libzmq >= 4'
[0.393s] --   Found libzmq , version 4.3.4
[0.431s] -- Checking for module 'uuid'
[0.445s] --   Found uuid, version 2.37.2
[0.478s] -- Looking for ignition-utils1 -- found version 1.5.1
[0.479s] -- Searching for dependencies of ignition-utils1
[0.479s] -- Searching for <ignition-utils1> component [cli]
[0.480s] -- Looking for ignition-utils1-cli -- found version 1.5.1
[0.480s] -- Searching for dependencies of ignition-utils1-cli
[0.481s] -- Looking for ignition-msgs8 -- found version 8.7.0
[0.482s] -- Looking for ignition-plugin1 -- found version 1.4.0
[0.482s] -- Searching for dependencies of ignition-plugin1
[0.483s] -- Searching for <ignition-plugin1> component [loader]
[0.483s] -- Looking for ignition-plugin1-loader -- found version 1.4.0
[0.483s] -- Searching for dependencies of ignition-plugin1-loader
[0.484s] -- Searching for <ignition-plugin1> component [register]
[0.484s] -- Looking for ignition-plugin1-register -- found version 1.4.0
[0.485s] -- Searching for dependencies of ignition-plugin1-register
[0.485s] -- Looking for ignition-sensors6 -- found version 6.8.0
[0.486s] -- Searching for dependencies of ignition-sensors6
[0.506s] -- Looking for ignition-math6 -- found version 6.15.1
[0.506s] -- Looking for ignition-common4 -- found version 4.7.0
[0.507s] -- Searching for dependencies of ignition-common4
[0.507s] -- Looking for dlfcn.h - found
[0.507s] -- Looking for libdl - found
[0.525s] -- Searching for <ignition-common4> component [profiler]
[0.525s] -- Looking for ignition-common4-profiler -- found version 4.7.0
[0.526s] -- Searching for dependencies of ignition-common4-profiler
[0.527s] -- Looking for ignition-transport11 -- found version 11.4.1
[0.527s] -- Looking for ignition-rendering6 -- found version 6.6.3
[0.528s] -- Searching for dependencies of ignition-rendering6
[0.528s] -- Looking for ignition-math6 -- found version 6.15.1
[0.529s] -- Searching for dependencies of ignition-math6
[0.529s] -- Searching for <ignition-math6> component [eigen3]
[0.529s] -- Looking for ignition-math6-eigen3 -- found version 6.15.1
[0.530s] -- Searching for dependencies of ignition-math6-eigen3
[0.531s] -- Looking for ignition-common4 -- found version 4.7.0
[0.532s] -- Searching for dependencies of ignition-common4
[0.532s] -- Looking for dlfcn.h - found
[0.532s] -- Looking for libdl - found
[0.540s] -- Searching for <ignition-common4> component [graphics]
[0.540s] -- Looking for ignition-common4-graphics -- found version 4.7.0
[0.541s] -- Searching for dependencies of ignition-common4-graphics
[0.541s] -- Looking for ignition-math6 -- found version 6.15.1
[0.542s] -- Looking for ignition-utils1 -- found version 1.5.1
[0.542s] -- Searching for <ignition-common4> component [events]
[0.543s] -- Looking for ignition-common4-events -- found version 4.7.0
[0.543s] -- Searching for dependencies of ignition-common4-events
[0.544s] -- Looking for ignition-math6 -- found version 6.15.1
[0.545s] -- Looking for ignition-plugin1 -- found version 1.4.0
[0.545s] -- Searching for dependencies of ignition-plugin1
[0.545s] -- Searching for <ignition-plugin1> component [all]
[0.546s] -- Looking for all libraries of ignition-plugin1 -- found version 1.4.0
[0.546s] -- Looking for ignition-plugin1 -- found version 1.4.0
[0.548s] -- Looking for ignition-msgs8 -- found version 8.7.0
[0.549s] -- Looking for sdformat12 -- found version 12.7.2
[0.549s] -- Searching for dependencies of sdformat12
[0.556s] -- Looking for ignition-math6 -- found version 6.15.1
[0.556s] -- Looking for ignition-utils1 -- found version 1.5.1
[0.558s] -- Looking for ignition-gazebo6 -- found version 6.16.0
[0.558s] -- Searching for dependencies of ignition-gazebo6
[0.559s] -- Looking for sdformat12 -- found version 12.7.2
[0.559s] -- Looking for ignition-plugin1 -- found version 1.4.0
[0.560s] -- Looking for ignition-transport11 -- found version 11.4.1
[0.560s] -- Searching for dependencies of ignition-transport11
[0.594s] -- Config-file not installed for ZeroMQ -- checking for pkg-config
[0.598s] -- Checking for module 'libzmq >= 4'
[0.611s] --   Found libzmq , version 4.3.4
[0.653s] -- Looking for ignition-utils1 -- found version 1.5.1
[0.654s] -- Looking for ignition-msgs8 -- found version 8.7.0
[0.654s] -- Searching for <ignition-transport11> component [log]
[0.654s] -- Looking for ignition-transport11-log -- found version 11.4.1
[0.655s] -- Searching for dependencies of ignition-transport11-log
[0.655s] -- Searching for <ignition-transport11> component [parameters]
[0.656s] -- Looking for ignition-transport11-parameters -- found version 11.4.1
[0.656s] -- Searching for dependencies of ignition-transport11-parameters
[0.657s] -- Looking for ignition-msgs8 -- found version 8.7.0
[0.658s] -- Looking for ignition-common4 -- found version 4.7.0
[0.658s] -- Searching for dependencies of ignition-common4
[0.658s] -- Looking for dlfcn.h - found
[0.658s] -- Looking for libdl - found
[0.667s] -- Searching for <ignition-common4> component [profiler]
[0.667s] -- Searching for <ignition-common4> component [events]
[0.667s] -- Searching for <ignition-common4> component [av]
[0.668s] -- Looking for ignition-common4-av -- found version 4.7.0
[0.668s] -- Searching for dependencies of ignition-common4-av
[0.673s] -- Checking for module 'libswscale'
[0.686s] --   Found libswscale, version 5.9.100
[0.721s] -- Checking for module 'libavdevice >= 56.4.100'
[0.735s] --   Found libavdevice , version 58.13.100
[0.776s] -- Checking for module 'libavformat'
[0.790s] --   Found libavformat, version 58.76.100
[0.828s] -- Checking for module 'libavcodec'
[0.841s] --   Found libavcodec, version 58.134.100
[0.876s] -- Checking for module 'libavutil'
[0.889s] --   Found libavutil, version 56.70.100
[0.923s] -- Looking for ignition-fuel_tools7 -- found version 7.3.0
[0.924s] -- Searching for dependencies of ignition-fuel_tools7
[0.964s] -- Checking for module 'jsoncpp'
[0.978s] --   Found jsoncpp, version 1.9.5
[1.012s] -- Checking for module 'libzip'
[1.025s] --   Found libzip, version 1.7.3
[1.056s] -- Looking for ignition-common4 -- found version 4.7.0
[1.056s] -- Looking for ignition-math6 -- found version 6.15.1
[1.057s] -- Looking for ignition-msgs8 -- found version 8.7.0
[1.058s] -- Looking for ignition-gui6 -- found version 6.8.0
[1.058s] -- Searching for dependencies of ignition-gui6
[1.078s] -- Found Protobuf: /usr/lib/x86_64-linux-gnu/libprotobuf.so (found suitable version "3.12.4", minimum required is "3") 
[1.085s] -- Looking for ignition-math6 -- found version 6.15.1
[1.086s] -- Looking for ignition-common4 -- found version 4.7.0
[1.086s] -- Looking for ignition-plugin1 -- found version 1.4.0
[1.087s] -- Looking for ignition-transport11 -- found version 11.4.1
[1.087s] -- Looking for ignition-rendering6 -- found version 6.6.3
[1.088s] -- Looking for ignition-msgs8 -- found version 8.7.0
[1.101s] -- Looking for ignition-physics5 -- found version 5.3.2
[1.102s] -- Searching for dependencies of ignition-physics5
[1.102s] -- Looking for ignition-math6 -- found version 6.15.1
[1.103s] -- Looking for ignition-plugin1 -- found version 1.4.0
[1.103s] -- Looking for ignition-utils1 -- found version 1.5.1
[1.104s] -- Searching for <ignition-physics5> component [heightmap]
[1.104s] -- Looking for ignition-physics5-heightmap -- found version 5.3.2
[1.105s] -- Searching for dependencies of ignition-physics5-heightmap
[1.106s] -- Looking for ignition-common4 -- found version 4.7.0
[1.106s] -- Searching for <ignition-physics5> component [mesh]
[1.106s] -- Looking for ignition-physics5-mesh -- found version 5.3.2
[1.107s] -- Searching for dependencies of ignition-physics5-mesh
[1.107s] -- Looking for ignition-common4 -- found version 4.7.0
[1.108s] -- Searching for <ignition-physics5> component [sdf]
[1.108s] -- Looking for ignition-physics5-sdf -- found version 5.3.2
[1.109s] -- Searching for dependencies of ignition-physics5-sdf
[1.109s] -- Looking for sdformat12 -- found version 12.7.2
[1.110s] -- Looking for ignition-sensors6 -- found version 6.8.0
[1.111s] -- Searching for dependencies of ignition-sensors6
[1.131s] -- Found Protobuf: /usr/lib/x86_64-linux-gnu/libprotobuf.so (found version "3.12.4") 
[1.132s] -- Looking for ignition-math6 -- found version 6.15.1
[1.133s] -- Looking for ignition-common4 -- found version 4.7.0
[1.133s] -- Looking for ignition-transport11 -- found version 11.4.1
[1.134s] -- Looking for ignition-rendering6 -- found version 6.6.3
[1.134s] -- Looking for ignition-msgs8 -- found version 8.7.0
[1.135s] -- Looking for sdformat12 -- found version 12.7.2
[1.135s] -- Searching for <ignition-sensors6> component [air_pressure]
[1.135s] -- Looking for ignition-sensors6-air_pressure -- found version 6.8.0
[1.136s] -- Searching for dependencies of ignition-sensors6-air_pressure
[1.136s] -- Searching for <ignition-sensors6> component [altimeter]
[1.137s] -- Looking for ignition-sensors6-altimeter -- found version 6.8.0
[1.137s] -- Searching for dependencies of ignition-sensors6-altimeter
[1.138s] -- Searching for <ignition-sensors6> component [imu]
[1.138s] -- Looking for ignition-sensors6-imu -- found version 6.8.0
[1.139s] -- Searching for dependencies of ignition-sensors6-imu
[1.139s] -- Searching for <ignition-sensors6> component [force_torque]
[1.139s] -- Looking for ignition-sensors6-force_torque -- found version 6.8.0
[1.140s] -- Searching for dependencies of ignition-sensors6-force_torque
[1.140s] -- Searching for <ignition-sensors6> component [logical_camera]
[1.141s] -- Looking for ignition-sensors6-logical_camera -- found version 6.8.0
[1.141s] -- Searching for dependencies of ignition-sensors6-logical_camera
[1.142s] -- Searching for <ignition-sensors6> component [magnetometer]
[1.142s] -- Looking for ignition-sensors6-magnetometer -- found version 6.8.0
[1.143s] -- Searching for dependencies of ignition-sensors6-magnetometer
[1.143s] -- Searching for <ignition-sensors6> component [navsat]
[1.144s] -- Looking for ignition-sensors6-navsat -- found version 6.8.0
[1.144s] -- Searching for dependencies of ignition-sensors6-navsat
[1.145s] -- Searching for <ignition-sensors6> component [rendering]
[1.145s] -- Looking for ignition-sensors6-rendering -- found version 6.8.0
[1.146s] -- Searching for dependencies of ignition-sensors6-rendering
[1.146s] -- Searching for <ignition-sensors6> component [lidar]
[1.147s] -- Looking for ignition-sensors6-lidar -- found version 6.8.0
[1.147s] -- Searching for dependencies of ignition-sensors6-lidar
[1.148s] -- Looking for ignition-sensors6 -- found version 6.8.0
[1.148s] -- Searching for <ignition-sensors6> component [gpu_lidar]
[1.149s] -- Looking for ignition-sensors6-gpu_lidar -- found version 6.8.0
[1.149s] -- Searching for dependencies of ignition-sensors6-gpu_lidar
[1.149s] -- Looking for ignition-sensors6 -- found version 6.8.0
[1.150s] -- Searching for <ignition-sensors6> component [camera]
[1.150s] -- Looking for ignition-sensors6-camera -- found version 6.8.0
[1.151s] -- Searching for dependencies of ignition-sensors6-camera
[1.151s] -- Looking for ignition-sensors6 -- found version 6.8.0
[1.152s] -- Searching for <ignition-sensors6> component [boundingbox_camera]
[1.152s] -- Looking for ignition-sensors6-boundingbox_camera -- found version 6.8.0
[1.153s] -- Searching for dependencies of ignition-sensors6-boundingbox_camera
[1.153s] -- Searching for <ignition-sensors6> component [segmentation_camera]
[1.154s] -- Looking for ignition-sensors6-segmentation_camera -- found version 6.8.0
[1.154s] -- Searching for dependencies of ignition-sensors6-segmentation_camera
[1.155s] -- Searching for <ignition-sensors6> component [depth_camera]
[1.155s] -- Looking for ignition-sensors6-depth_camera -- found version 6.8.0
[1.155s] -- Searching for dependencies of ignition-sensors6-depth_camera
[1.156s] -- Looking for ignition-sensors6 -- found version 6.8.0
[1.156s] -- Searching for <ignition-sensors6> component [rgbd_camera]
[1.157s] -- Looking for ignition-sensors6-rgbd_camera -- found version 6.8.0
[1.157s] -- Searching for dependencies of ignition-sensors6-rgbd_camera
[1.158s] -- Looking for ignition-sensors6 -- found version 6.8.0
[1.158s] -- Searching for <ignition-sensors6> component [thermal_camera]
[1.159s] -- Looking for ignition-sensors6-thermal_camera -- found version 6.8.0
[1.159s] -- Searching for dependencies of ignition-sensors6-thermal_camera
[1.160s] -- Looking for ignition-sensors6 -- found version 6.8.0
[1.160s] -- Looking for ignition-rendering6 -- found version 6.6.3
[1.161s] -- Looking for ignition-math6 -- found version 6.15.1
[1.161s] -- Looking for ignition-utils1 -- found version 1.5.1
[1.183s] -- Found rclcpp: 16.0.8 (/opt/ros/humble/share/rclcpp/cmake)
[1.205s] -- Found rosidl_generator_c: 3.1.5 (/opt/ros/humble/share/rosidl_generator_c/cmake)
[1.208s] -- Found rosidl_adapter: 3.1.5 (/opt/ros/humble/share/rosidl_adapter/cmake)
[1.213s] -- Found rosidl_generator_cpp: 3.1.5 (/opt/ros/humble/share/rosidl_generator_cpp/cmake)
[1.224s] -- Using all available rosidl_typesupport_c: rosidl_typesupport_fastrtps_c;rosidl_typesupport_introspection_c
[1.241s] -- Using all available rosidl_typesupport_cpp: rosidl_typesupport_fastrtps_cpp;rosidl_typesupport_introspection_cpp
[1.299s] -- Found rmw_implementation_cmake: 6.1.1 (/opt/ros/humble/share/rmw_implementation_cmake/cmake)
[1.301s] -- Found rmw_fastrtps_cpp: 6.2.6 (/opt/ros/humble/share/rmw_fastrtps_cpp/cmake)
[1.428s] -- Using RMW implementation 'rmw_fastrtps_cpp' as default
[1.590s] [31mCMake Error at /opt/ros/humble/share/ament_cmake_target_dependencies/cmake/ament_target_dependencies.cmake:77 (message):
[1.591s]   ament_target_dependencies() the passed package name 'radar_msgs' was not
[1.591s]   found before
[1.591s] Call Stack (most recent call first):
[1.591s]   CMakeLists.txt:40 (ament_target_dependencies)
[1.591s] 
[1.591s] [0m
[1.591s] -- Configuring incomplete, errors occurred!
[1.591s] See also "/home/paolo/light_sensor_plugin/build/light_sensor_plugin/CMakeFiles/CMakeOutput.log".
[1.600s] Invoked command in '/home/paolo/light_sensor_plugin/build/light_sensor_plugin' returned '1': /usr/bin/cmake /home/paolo/light_sensor_plugin -DCMAKE_INSTALL_PREFIX=/home/paolo/light_sensor_plugin/install
