[0.117s] Invoking command in '/home/paolo/light_sensor_plugin/build/light_sensor': CMAKE_PREFIX_PATH=${CMAKE_PREFIX_PATH}:/home/paolo/turtlebot4_controller_ws/install/turtlebot4_controller:/opt/ros/humble /usr/bin/cmake --build /home/paolo/light_sensor_plugin/build/light_sensor -- -j8 -l8
[0.171s] [35m[1mConsolidate compiler generated dependencies of target LightSensor[0m
[0.205s] [ 50%] [32mBuilding CXX object CMakeFiles/LightSensor.dir/src/LightSensor.cc.o[0m
[7.329s] [01m[K/home/paolo/light_sensor_plugin/src/light_sensor_custom/src/LightSensor.cc:[m[K In member function ‘[01m[Kvirtual void custom_light_sensor::LightSensor::Configure(const Entity&, const std::shared_ptr<const sdf::v12::Element>&, ignition::gazebo::v6::EntityComponentManager&, ignition::gazebo::v6::EventManager&)[m[K’:
[7.329s] [01m[K/home/paolo/light_sensor_plugin/src/light_sensor_custom/src/LightSensor.cc:22:63:[m[K [01;31m[Kerror: [m[Kno matching function for call to ‘[01m[Kignition::gazebo::v6::EntityComponentManager::Each<ignition::gazebo::v6::components::Light>(custom_light_sensor::LightSensor::Configure(const Entity&, const std::shared_ptr<const sdf::v12::Element>&, ignition::gazebo::v6::EntityComponentManager&, ignition::gazebo::v6::EventManager&)::<lambda(const Pose*)>)[m[K’
[7.330s]    22 |                 [01;31m[K_ecm.Each<ignition::gazebo::components::Light>([m[K
[7.330s]       |                 [01;31m[K~~~~~~~~~~~~~~~~~~~~~~~~~~~~~~~~~~~~~~~~~~~~~~^[m[K
[7.330s]    23 | [01;31m[K                        [&](const ignition::gazebo::components::Pose *_pose) -> bool[m[K
[7.330s]       |                         [01;31m[K~~~~~~~~~~~~~~~~~~~~~~~~~~~~~~~~~~~~~~~~~~~~~~~~~~~~~~~~~~~~[m[K
[7.330s]    24 | [01;31m[K                {[m[K
[7.330s]       |                 [01;31m[K~[m[K                                              
[7.330s]    25 | [01;31m[K                        ignition::math::Pose3d light_pose = _pose->Data();[m[K
[7.330s]       |                         [01;31m[K~~~~~~~~~~~~~~~~~~~~~~~~~~~~~~~~~~~~~~~~~~~~~~~~~~[m[K
[7.330s]    26 | [01;31m[K                        lightSourcesPoses.push_back(light_pose);[m[K
[7.330s]       |                         [01;31m[K~~~~~~~~~~~~~~~~~~~~~~~~~~~~~~~~~~~~~~~~[m[K
[7.330s]    27 | 
[7.330s]       |                                                                
[7.330s]    28 | [01;31m[K                        return true;[m[K
[7.330s]       |                         [01;31m[K~~~~~~~~~~~~[m[K                           
[7.330s]    29 | 
[7.330s]       |                                                                
[7.330s]    30 | [01;31m[K                })[m[K;
[7.331s]       |                 [01;31m[K~~[m[K                                             
[7.331s] In file included from [01m[K/usr/include/ignition/gazebo6/gz/sim/EntityComponentManager.hh:848[m[K,
[7.331s]                  from [01m[K/usr/include/ignition/gazebo6/gz/sim/Light.hh:33[m[K,
[7.331s]                  from [01m[K/usr/include/ignition/gazebo6/ignition/gazebo/Light.hh:18[m[K,
[7.331s]                  from [01m[K/home/paolo/light_sensor_plugin/src/light_sensor_custom/src/LightSensor.cc:1[m[K:
[7.331s] [01m[K/usr/include/ignition/gazebo6/gz/sim/detail/EntityComponentManager.hh:421:6:[m[K [01;36m[Knote: [m[Kcandidate: ‘[01m[Kvoid ignition::gazebo::v6::EntityComponentManager::Each(typename ignition::gazebo::v6::EntityComponentManager::identity<std::function<bool(const long unsigned int&, const ComponentTypeTs* ...)> >::type) const [with ComponentTypeTs = {ignition::gazebo::v6::components::Component<sdf::v12::Light, ignition::gazebo::v6::components::LightTag, ignition::gazebo::v6::serializers::ComponentToMsgSerializer<sdf::v12::Light, ignition::msgs::Light> >}; typename ignition::gazebo::v6::EntityComponentManager::identity<std::function<bool(const long unsigned int&, const ComponentTypeTs* ...)> >::type = std::function<bool(const long unsigned int&, const ignition::gazebo::v6::components::Component<sdf::v12::Light, ignition::gazebo::v6::components::LightTag, ignition::gazebo::v6::serializers::ComponentToMsgSerializer<sdf::v12::Light, ignition::msgs::Light> >*)>][m[K’
[7.331s]   421 | void [01;36m[KEntityComponentManager[m[K::Each(typename identity<std::function<
[7.331s]       |      [01;36m[K^~~~~~~~~~~~~~~~~~~~~~[m[K
[7.331s] [01m[K/usr/include/ignition/gazebo6/gz/sim/detail/EntityComponentManager.hh:422:69:[m[K [01;36m[Knote: [m[K  no known conversion for argument 1 from ‘[01m[Kcustom_light_sensor::LightSensor::Configure(const Entity&, const std::shared_ptr<const sdf::v12::Element>&, ignition::gazebo::v6::EntityComponentManager&, ignition::gazebo::v6::EventManager&)::<lambda(const Pose*)>[m[K’ to ‘[01m[Kignition::gazebo::v6::EntityComponentManager::identity<std::function<bool(const long unsigned int&, const ignition::gazebo::v6::components::Component<sdf::v12::Light, ignition::gazebo::v6::components::LightTag, ignition::gazebo::v6::serializers::ComponentToMsgSerializer<sdf::v12::Light, ignition::msgs::Light> >*)> >::type[m[K’ {aka ‘[01m[Kstd::function<bool(const long unsigned int&, const ignition::gazebo::v6::components::Component<sdf::v12::Light, ignition::gazebo::v6::components::LightTag, ignition::gazebo::v6::serializers::ComponentToMsgSerializer<sdf::v12::Light, ignition::msgs::Light> >*)>[m[K’}
[7.331s]   421 | void EntityComponentManager::Each([01;36m[Ktypename identity<std::function<[m[K
[7.331s]       |                                   [01;36m[K~~~~~~~~~~~~~~~~~~~~~~~~~~~~~~~~[m[K   
[7.331s]   422 | [01;36m[K    bool(const Entity &_entity, const ComponentTypeTs *...)>>::type _f[m[K) const
[7.331s]       |     [01;36m[K~~~~~~~~~~~~~~~~~~~~~~~~~~~~~~~~~~~~~~~~~~~~~~~~~~~~~~~~~~~~~~~~^~[m[K
[7.331s] [01m[K/usr/include/ignition/gazebo6/gz/sim/detail/EntityComponentManager.hh:442:6:[m[K [01;36m[Knote: [m[Kcandidate: ‘[01m[Kvoid ignition::gazebo::v6::EntityComponentManager::Each(typename ignition::gazebo::v6::EntityComponentManager::identity<std::function<bool(const long unsigned int&, ComponentTypeTs* ...)> >::type) [with ComponentTypeTs = {ignition::gazebo::v6::components::Component<sdf::v12::Light, ignition::gazebo::v6::components::LightTag, ignition::gazebo::v6::serializers::ComponentToMsgSerializer<sdf::v12::Light, ignition::msgs::Light> >}; typename ignition::gazebo::v6::EntityComponentManager::identity<std::function<bool(const long unsigned int&, ComponentTypeTs* ...)> >::type = std::function<bool(const long unsigned int&, ignition::gazebo::v6::components::Component<sdf::v12::Light, ignition::gazebo::v6::components::LightTag, ignition::gazebo::v6::serializers::ComponentToMsgSerializer<sdf::v12::Light, ignition::msgs::Light> >*)>][m[K’
[7.331s]   442 | void [01;36m[KEntityComponentManager[m[K::Each(typename identity<std::function<
[7.331s]       |      [01;36m[K^~~~~~~~~~~~~~~~~~~~~~[m[K
[7.331s] [01m[K/usr/include/ignition/gazebo6/gz/sim/detail/EntityComponentManager.hh:443:63:[m[K [01;36m[Knote: [m[K  no known conversion for argument 1 from ‘[01m[Kcustom_light_sensor::LightSensor::Configure(const Entity&, const std::shared_ptr<const sdf::v12::Element>&, ignition::gazebo::v6::EntityComponentManager&, ignition::gazebo::v6::EventManager&)::<lambda(const Pose*)>[m[K’ to ‘[01m[Kignition::gazebo::v6::EntityComponentManager::identity<std::function<bool(const long unsigned int&, ignition::gazebo::v6::components::Component<sdf::v12::Light, ignition::gazebo::v6::components::LightTag, ignition::gazebo::v6::serializers::ComponentToMsgSerializer<sdf::v12::Light, ignition::msgs::Light> >*)> >::type[m[K’ {aka ‘[01m[Kstd::function<bool(const long unsigned int&, ignition::gazebo::v6::components::Component<sdf::v12::Light, ignition::gazebo::v6::components::LightTag, ignition::gazebo::v6::serializers::ComponentToMsgSerializer<sdf::v12::Light, ignition::msgs::Light> >*)>[m[K’}
[7.332s]   442 | void EntityComponentManager::Each([01;36m[Ktypename identity<std::function<[m[K
[7.332s]       |                                   [01;36m[K~~~~~~~~~~~~~~~~~~~~~~~~~~~~~~~~[m[K
[7.332s]   443 | [01;36m[K    bool(const Entity &_entity, ComponentTypeTs *...)>>::type _f[m[K)
[7.332s]       |     [01;36m[K~~~~~~~~~~~~~~~~~~~~~~~~~~~~~~~~~~~~~~~~~~~~~~~~~~~~~~~~~~^~[m[K
[7.332s] [01m[K/home/paolo/light_sensor_plugin/src/light_sensor_custom/src/LightSensor.cc:[m[K In member function ‘[01m[Kvirtual void custom_light_sensor::LightSensor::PostUpdate(const ignition::gazebo::v6::UpdateInfo&, const ignition::gazebo::v6::EntityComponentManager&)[m[K’:
[7.332s] [01m[K/home/paolo/light_sensor_plugin/src/light_sensor_custom/src/LightSensor.cc:74:68:[m[K [01;31m[Kerror: [m[K‘[01m[Kclass custom_light_sensor::LightSensor[m[K’ has no member named ‘[01m[Kentity[m[K’
[7.333s]    74 |                                 ignition::gazebo::scopedName(this->[01;31m[Kentity[m[K, _ecm, "::", false), "::");
[7.333s]       |                                                                    [01;31m[K^~~~~~[m[K
[7.333s] [01m[K/home/paolo/light_sensor_plugin/src/light_sensor_custom/src/LightSensor.cc:[m[K At global scope:
[7.333s] [01m[K/home/paolo/light_sensor_plugin/src/light_sensor_custom/src/LightSensor.cc:87:40:[m[K [01;31m[Kerror: [m[Kexpected constructor, destructor, or type conversion at end of input
[7.333s]    87 |         LightSensor::ISystemPostUpdate)
[7.333s]       |                                        [01;31m[K^[m[K
[10.777s] gmake[2]: *** [CMakeFiles/LightSensor.dir/build.make:76: CMakeFiles/LightSensor.dir/src/LightSensor.cc.o] Error 1
[10.777s] gmake[1]: *** [CMakeFiles/Makefile2:137: CMakeFiles/LightSensor.dir/all] Error 2
[10.778s] gmake: *** [Makefile:146: all] Error 2
[10.781s] Invoked command in '/home/paolo/light_sensor_plugin/build/light_sensor' returned '2': CMAKE_PREFIX_PATH=${CMAKE_PREFIX_PATH}:/home/paolo/turtlebot4_controller_ws/install/turtlebot4_controller:/opt/ros/humble /usr/bin/cmake --build /home/paolo/light_sensor_plugin/build/light_sensor -- -j8 -l8
