[0.100s] Invoking command in '/home/paolo/light_sensor_plugin/build/light_sensor_plugin': /usr/bin/cmake /home/paolo/light_sensor_plugin -DCMAKE_INSTALL_PREFIX=/home/paolo/light_sensor_plugin/install
[0.114s] -- Found ament_cmake: 1.3.7 (/opt/ros/humble/share/ament_cmake/cmake)
[0.259s] -- Looking for ignition-math6 -- found version 6.15.1
[0.263s] -- Searching for dependencies of ignition-math6
[0.264s] -- Looking for ignition-msgs8 -- found version 8.7.0
[0.264s] -- Searching for dependencies of ignition-msgs8
[0.285s] -- Found Protobuf: /usr/lib/x86_64-linux-gnu/libprotobuf.so (found suitable version "3.12.4", minimum required is "3") 
[0.285s] -- Looking for ignition-math6 -- found version 6.15.1
[0.290s] -- Checking for module 'tinyxml2'
[0.302s] --   Found tinyxml2, version 9.0.0
[0.330s] -- Looking for ignition-transport11 -- found version 11.4.1
[0.331s] -- Searching for dependencies of ignition-transport11
[0.350s] -- Found Protobuf: /usr/lib/x86_64-linux-gnu/libprotobuf.so (found version "3.12.4") 
[0.364s] -- Config-file not installed for ZeroMQ -- checking for pkg-config
[0.368s] -- Checking for module 'libzmq >= 4'
[0.381s] --   Found libzmq , version 4.3.4
[0.419s] -- Checking for module 'uuid'
[0.432s] --   Found uuid, version 2.37.2
[0.466s] -- Looking for ignition-utils1 -- found version 1.5.1
[0.466s] -- Searching for dependencies of ignition-utils1
[0.467s] -- Searching for <ignition-utils1> component [cli]
[0.467s] -- Looking for ignition-utils1-cli -- found version 1.5.1
[0.468s] -- Searching for dependencies of ignition-utils1-cli
[0.469s] -- Looking for ignition-msgs8 -- found version 8.7.0
[0.470s] -- Looking for ignition-plugin1 -- found version 1.4.0
[0.470s] -- Searching for dependencies of ignition-plugin1
[0.471s] -- Searching for <ignition-plugin1> component [loader]
[0.471s] -- Looking for ignition-plugin1-loader -- found version 1.4.0
[0.471s] -- Searching for dependencies of ignition-plugin1-loader
[0.472s] -- Searching for <ignition-plugin1> component [register]
[0.472s] -- Looking for ignition-plugin1-register -- found version 1.4.0
[0.473s] -- Searching for dependencies of ignition-plugin1-register
[0.474s] -- Looking for ignition-sensors6 -- found version 6.8.0
[0.474s] -- Searching for dependencies of ignition-sensors6
[0.495s] -- Looking for ignition-math6 -- found version 6.15.1
[0.496s] -- Looking for ignition-common4 -- found version 4.7.0
[0.496s] -- Searching for dependencies of ignition-common4
[0.497s] -- Looking for dlfcn.h - found
[0.497s] -- Looking for libdl - found
[0.515s] -- Searching for <ignition-common4> component [profiler]
[0.515s] -- Looking for ignition-common4-profiler -- found version 4.7.0
[0.516s] -- Searching for dependencies of ignition-common4-profiler
[0.517s] -- Looking for ignition-transport11 -- found version 11.4.1
[0.517s] -- Looking for ignition-rendering6 -- found version 6.6.3
[0.518s] -- Searching for dependencies of ignition-rendering6
[0.518s] -- Looking for ignition-math6 -- found version 6.15.1
[0.519s] -- Searching for dependencies of ignition-math6
[0.519s] -- Searching for <ignition-math6> component [eigen3]
[0.519s] -- Looking for ignition-math6-eigen3 -- found version 6.15.1
[0.520s] -- Searching for dependencies of ignition-math6-eigen3
[0.521s] -- Looking for ignition-common4 -- found version 4.7.0
[0.522s] -- Searching for dependencies of ignition-common4
[0.522s] -- Looking for dlfcn.h - found
[0.522s] -- Looking for libdl - found
[0.531s] -- Searching for <ignition-common4> component [graphics]
[0.531s] -- Looking for ignition-common4-graphics -- found version 4.7.0
[0.532s] -- Searching for dependencies of ignition-common4-graphics
[0.532s] -- Looking for ignition-math6 -- found version 6.15.1
[0.533s] -- Looking for ignition-utils1 -- found version 1.5.1
[0.534s] -- Searching for <ignition-common4> component [events]
[0.534s] -- Looking for ignition-common4-events -- found version 4.7.0
[0.535s] -- Searching for dependencies of ignition-common4-events
[0.535s] -- Looking for ignition-math6 -- found version 6.15.1
[0.537s] -- Looking for ignition-plugin1 -- found version 1.4.0
[0.537s] -- Searching for dependencies of ignition-plugin1
[0.537s] -- Searching for <ignition-plugin1> component [all]
[0.538s] -- Looking for all libraries of ignition-plugin1 -- found version 1.4.0
[0.538s] -- Looking for ignition-plugin1 -- found version 1.4.0
[0.540s] -- Looking for ignition-msgs8 -- found version 8.7.0
[0.540s] -- Looking for sdformat12 -- found version 12.7.2
[0.541s] -- Searching for dependencies of sdformat12
[0.549s] -- Looking for ignition-math6 -- found version 6.15.1
[0.549s] -- Looking for ignition-utils1 -- found version 1.5.1
[0.551s] -- Looking for ignition-gazebo6 -- found version 6.16.0
[0.551s] -- Searching for dependencies of ignition-gazebo6
[0.551s] -- Looking for sdformat12 -- found version 12.7.2
[0.552s] -- Looking for ignition-plugin1 -- found version 1.4.0
[0.552s] -- Looking for ignition-transport11 -- found version 11.4.1
[0.553s] -- Searching for dependencies of ignition-transport11
[0.586s] -- Config-file not installed for ZeroMQ -- checking for pkg-config
[0.590s] -- Checking for module 'libzmq >= 4'
[0.603s] --   Found libzmq , version 4.3.4
[0.645s] -- Looking for ignition-utils1 -- found version 1.5.1
[0.646s] -- Looking for ignition-msgs8 -- found version 8.7.0
[0.646s] -- Searching for <ignition-transport11> component [log]
[0.647s] -- Looking for ignition-transport11-log -- found version 11.4.1
[0.647s] -- Searching for dependencies of ignition-transport11-log
[0.648s] -- Searching for <ignition-transport11> component [parameters]
[0.648s] -- Looking for ignition-transport11-parameters -- found version 11.4.1
[0.649s] -- Searching for dependencies of ignition-transport11-parameters
[0.650s] -- Looking for ignition-msgs8 -- found version 8.7.0
[0.650s] -- Looking for ignition-common4 -- found version 4.7.0
[0.651s] -- Searching for dependencies of ignition-common4
[0.651s] -- Looking for dlfcn.h - found
[0.651s] -- Looking for libdl - found
[0.659s] -- Searching for <ignition-common4> component [profiler]
[0.660s] -- Searching for <ignition-common4> component [events]
[0.660s] -- Searching for <ignition-common4> component [av]
[0.661s] -- Looking for ignition-common4-av -- found version 4.7.0
[0.661s] -- Searching for dependencies of ignition-common4-av
[0.666s] -- Checking for module 'libswscale'
[0.680s] --   Found libswscale, version 5.9.100
[0.714s] -- Checking for module 'libavdevice >= 56.4.100'
[0.728s] --   Found libavdevice , version 58.13.100
[0.770s] -- Checking for module 'libavformat'
[0.784s] --   Found libavformat, version 58.76.100
[0.820s] -- Checking for module 'libavcodec'
[0.833s] --   Found libavcodec, version 58.134.100
[0.868s] -- Checking for module 'libavutil'
[0.881s] --   Found libavutil, version 56.70.100
[0.911s] -- Looking for ignition-fuel_tools7 -- found version 7.3.0
[0.911s] -- Searching for dependencies of ignition-fuel_tools7
[0.950s] -- Checking for module 'jsoncpp'
[0.963s] --   Found jsoncpp, version 1.9.5
[1.002s] -- Checking for module 'libzip'
[1.015s] --   Found libzip, version 1.7.3
[1.045s] -- Looking for ignition-common4 -- found version 4.7.0
[1.046s] -- Looking for ignition-math6 -- found version 6.15.1
[1.046s] -- Looking for ignition-msgs8 -- found version 8.7.0
[1.047s] -- Looking for ignition-gui6 -- found version 6.8.0
[1.048s] -- Searching for dependencies of ignition-gui6
[1.068s] -- Found Protobuf: /usr/lib/x86_64-linux-gnu/libprotobuf.so (found suitable version "3.12.4", minimum required is "3") 
[1.076s] -- Looking for ignition-math6 -- found version 6.15.1
[1.077s] -- Looking for ignition-common4 -- found version 4.7.0
[1.077s] -- Looking for ignition-plugin1 -- found version 1.4.0
[1.078s] -- Looking for ignition-transport11 -- found version 11.4.1
[1.078s] -- Looking for ignition-rendering6 -- found version 6.6.3
[1.079s] -- Looking for ignition-msgs8 -- found version 8.7.0
[1.093s] -- Looking for ignition-physics5 -- found version 5.3.2
[1.093s] -- Searching for dependencies of ignition-physics5
[1.094s] -- Looking for ignition-math6 -- found version 6.15.1
[1.094s] -- Looking for ignition-plugin1 -- found version 1.4.0
[1.094s] -- Looking for ignition-utils1 -- found version 1.5.1
[1.096s] -- Searching for <ignition-physics5> component [heightmap]
[1.096s] -- Looking for ignition-physics5-heightmap -- found version 5.3.2
[1.097s] -- Searching for dependencies of ignition-physics5-heightmap
[1.097s] -- Looking for ignition-common4 -- found version 4.7.0
[1.098s] -- Searching for <ignition-physics5> component [mesh]
[1.098s] -- Looking for ignition-physics5-mesh -- found version 5.3.2
[1.099s] -- Searching for dependencies of ignition-physics5-mesh
[1.099s] -- Looking for ignition-common4 -- found version 4.7.0
[1.100s] -- Searching for <ignition-physics5> component [sdf]
[1.100s] -- Looking for ignition-physics5-sdf -- found version 5.3.2
[1.101s] -- Searching for dependencies of ignition-physics5-sdf
[1.101s] -- Looking for sdformat12 -- found version 12.7.2
[1.102s] -- Looking for ignition-sensors6 -- found version 6.8.0
[1.102s] -- Searching for dependencies of ignition-sensors6
[1.123s] -- Found Protobuf: /usr/lib/x86_64-linux-gnu/libprotobuf.so (found version "3.12.4") 
[1.124s] -- Looking for ignition-math6 -- found version 6.15.1
[1.125s] -- Looking for ignition-common4 -- found version 4.7.0
[1.125s] -- Looking for ignition-transport11 -- found version 11.4.1
[1.125s] -- Looking for ignition-rendering6 -- found version 6.6.3
[1.126s] -- Looking for ignition-msgs8 -- found version 8.7.0
[1.126s] -- Looking for sdformat12 -- found version 12.7.2
[1.127s] -- Searching for <ignition-sensors6> component [air_pressure]
[1.127s] -- Looking for ignition-sensors6-air_pressure -- found version 6.8.0
[1.127s] -- Searching for dependencies of ignition-sensors6-air_pressure
[1.128s] -- Searching for <ignition-sensors6> component [altimeter]
[1.128s] -- Looking for ignition-sensors6-altimeter -- found version 6.8.0
[1.129s] -- Searching for dependencies of ignition-sensors6-altimeter
[1.129s] -- Searching for <ignition-sensors6> component [imu]
[1.130s] -- Looking for ignition-sensors6-imu -- found version 6.8.0
[1.130s] -- Searching for dependencies of ignition-sensors6-imu
[1.131s] -- Searching for <ignition-sensors6> component [force_torque]
[1.131s] -- Looking for ignition-sensors6-force_torque -- found version 6.8.0
[1.132s] -- Searching for dependencies of ignition-sensors6-force_torque
[1.132s] -- Searching for <ignition-sensors6> component [logical_camera]
[1.133s] -- Looking for ignition-sensors6-logical_camera -- found version 6.8.0
[1.133s] -- Searching for dependencies of ignition-sensors6-logical_camera
[1.134s] -- Searching for <ignition-sensors6> component [magnetometer]
[1.134s] -- Looking for ignition-sensors6-magnetometer -- found version 6.8.0
[1.135s] -- Searching for dependencies of ignition-sensors6-magnetometer
[1.135s] -- Searching for <ignition-sensors6> component [navsat]
[1.136s] -- Looking for ignition-sensors6-navsat -- found version 6.8.0
[1.136s] -- Searching for dependencies of ignition-sensors6-navsat
[1.137s] -- Searching for <ignition-sensors6> component [rendering]
[1.137s] -- Looking for ignition-sensors6-rendering -- found version 6.8.0
[1.138s] -- Searching for dependencies of ignition-sensors6-rendering
[1.138s] -- Searching for <ignition-sensors6> component [lidar]
[1.139s] -- Looking for ignition-sensors6-lidar -- found version 6.8.0
[1.139s] -- Searching for dependencies of ignition-sensors6-lidar
[1.140s] -- Looking for ignition-sensors6 -- found version 6.8.0
[1.140s] -- Searching for <ignition-sensors6> component [gpu_lidar]
[1.141s] -- Looking for ignition-sensors6-gpu_lidar -- found version 6.8.0
[1.141s] -- Searching for dependencies of ignition-sensors6-gpu_lidar
[1.141s] -- Looking for ignition-sensors6 -- found version 6.8.0
[1.142s] -- Searching for <ignition-sensors6> component [camera]
[1.142s] -- Looking for ignition-sensors6-camera -- found version 6.8.0
[1.143s] -- Searching for dependencies of ignition-sensors6-camera
[1.143s] -- Looking for ignition-sensors6 -- found version 6.8.0
[1.144s] -- Searching for <ignition-sensors6> component [boundingbox_camera]
[1.144s] -- Looking for ignition-sensors6-boundingbox_camera -- found version 6.8.0
[1.145s] -- Searching for dependencies of ignition-sensors6-boundingbox_camera
[1.145s] -- Searching for <ignition-sensors6> component [segmentation_camera]
[1.146s] -- Looking for ignition-sensors6-segmentation_camera -- found version 6.8.0
[1.146s] -- Searching for dependencies of ignition-sensors6-segmentation_camera
[1.147s] -- Searching for <ignition-sensors6> component [depth_camera]
[1.147s] -- Looking for ignition-sensors6-depth_camera -- found version 6.8.0
[1.148s] -- Searching for dependencies of ignition-sensors6-depth_camera
[1.148s] -- Looking for ignition-sensors6 -- found version 6.8.0
[1.148s] -- Searching for <ignition-sensors6> component [rgbd_camera]
[1.149s] -- Looking for ignition-sensors6-rgbd_camera -- found version 6.8.0
[1.149s] -- Searching for dependencies of ignition-sensors6-rgbd_camera
[1.150s] -- Looking for ignition-sensors6 -- found version 6.8.0
[1.150s] -- Searching for <ignition-sensors6> component [thermal_camera]
[1.150s] -- Looking for ignition-sensors6-thermal_camera -- found version 6.8.0
[1.151s] -- Searching for dependencies of ignition-sensors6-thermal_camera
[1.151s] -- Looking for ignition-sensors6 -- found version 6.8.0
[1.153s] -- Looking for ignition-rendering6 -- found version 6.6.3
[1.153s] -- Looking for ignition-math6 -- found version 6.15.1
[1.154s] -- Looking for ignition-utils1 -- found version 1.5.1
[1.182s] -- Found rclcpp: 16.0.8 (/opt/ros/humble/share/rclcpp/cmake)
[1.259s] -- Found rosidl_generator_c: 3.1.5 (/opt/ros/humble/share/rosidl_generator_c/cmake)
[1.271s] -- Found rosidl_adapter: 3.1.5 (/opt/ros/humble/share/rosidl_adapter/cmake)
[1.287s] -- Found rosidl_generator_cpp: 3.1.5 (/opt/ros/humble/share/rosidl_generator_cpp/cmake)
[1.311s] -- Using all available rosidl_typesupport_c: rosidl_typesupport_fastrtps_c;rosidl_typesupport_introspection_c
[1.343s] -- Using all available rosidl_typesupport_cpp: rosidl_typesupport_fastrtps_cpp;rosidl_typesupport_introspection_cpp
[1.448s] -- Found rmw_implementation_cmake: 6.1.1 (/opt/ros/humble/share/rmw_implementation_cmake/cmake)
[1.455s] -- Found rmw_fastrtps_cpp: 6.2.6 (/opt/ros/humble/share/rmw_fastrtps_cpp/cmake)
[1.581s] -- Found OpenSSL: /usr/lib/x86_64-linux-gnu/libcrypto.so (found version "3.0.2")  
[1.609s] -- Found FastRTPS: /opt/ros/humble/include  
[1.665s] -- Using RMW implementation 'rmw_fastrtps_cpp' as default
[1.684s] -- Found Threads: TRUE  
[1.865s] [31mCMake Error at /opt/ros/humble/share/ament_cmake_core/cmake/core/assert_file_exists.cmake:20 (message):
[1.866s]   ament_environment_hooks() the passed hook file
[1.866s]   'hooks/resource_paths.dsv.in' does not exist
[1.866s] Call Stack (most recent call first):
[1.866s]   /opt/ros/humble/share/ament_cmake_core/cmake/environment_hooks/ament_environment_hooks.cmake:35 (assert_file_exists)
[1.866s]   CMakeLists.txt:23 (ament_environment_hooks)
[1.866s] 
[1.866s] [0m
[1.866s] -- Configuring incomplete, errors occurred!
[1.866s] See also "/home/paolo/light_sensor_plugin/build/light_sensor_plugin/CMakeFiles/CMakeOutput.log".
[1.875s] Invoked command in '/home/paolo/light_sensor_plugin/build/light_sensor_plugin' returned '1': /usr/bin/cmake /home/paolo/light_sensor_plugin -DCMAKE_INSTALL_PREFIX=/home/paolo/light_sensor_plugin/install
