[0.104s] Invoking command in '/home/paolo/light_sensor_plugin/build/light_sensor': CMAKE_PREFIX_PATH=${CMAKE_PREFIX_PATH}:/home/paolo/turtlebot4_controller_ws/install/turtlebot4_controller:/opt/ros/humble /usr/bin/cmake --build /home/paolo/light_sensor_plugin/build/light_sensor -- -j8 -l8
[0.152s] [35m[1mConsolidate compiler generated dependencies of target LightSensor[0m
[0.174s] [ 50%] [32mBuilding CXX object CMakeFiles/LightSensor.dir/src/LightSensor.cc.o[0m
[7.238s] [100%] [32m[1mLinking CXX shared library libLightSensor.so[0m
[7.586s] [100%] Built target LightSensor
[7.598s] Invoked command in '/home/paolo/light_sensor_plugin/build/light_sensor' returned '0': CMAKE_PREFIX_PATH=${CMAKE_PREFIX_PATH}:/home/paolo/turtlebot4_controller_ws/install/turtlebot4_controller:/opt/ros/humble /usr/bin/cmake --build /home/paolo/light_sensor_plugin/build/light_sensor -- -j8 -l8
[7.635s] Invoking command in '/home/paolo/light_sensor_plugin/build/light_sensor': CMAKE_PREFIX_PATH=${CMAKE_PREFIX_PATH}:/home/paolo/turtlebot4_controller_ws/install/turtlebot4_controller:/opt/ros/humble /usr/bin/cmake --install /home/paolo/light_sensor_plugin/build/light_sensor
[7.643s] -- Install configuration: ""
[7.643s] -- Up-to-date: /home/paolo/light_sensor_plugin/install/share/light_sensor/environment/resource_paths.dsv
[7.643s] -- Up-to-date: /home/paolo/light_sensor_plugin/install/share/light_sensor/environment/resource_paths.sh
[7.643s] -- Installing: /home/paolo/light_sensor_plugin/install/lib/libLightSensor.so
[7.648s] -- Up-to-date: /home/paolo/light_sensor_plugin/install/share/light_sensor/model
[7.648s] -- Up-to-date: /home/paolo/light_sensor_plugin/install/share/light_sensor/model/model.sdf
[7.648s] -- Up-to-date: /home/paolo/light_sensor_plugin/install/share/ament_index/resource_index/package_run_dependencies/light_sensor
[7.649s] -- Up-to-date: /home/paolo/light_sensor_plugin/install/share/ament_index/resource_index/parent_prefix_path/light_sensor
[7.649s] -- Up-to-date: /home/paolo/light_sensor_plugin/install/share/light_sensor/environment/ament_prefix_path.sh
[7.649s] -- Up-to-date: /home/paolo/light_sensor_plugin/install/share/light_sensor/environment/ament_prefix_path.dsv
[7.649s] -- Up-to-date: /home/paolo/light_sensor_plugin/install/share/light_sensor/environment/path.sh
[7.649s] -- Up-to-date: /home/paolo/light_sensor_plugin/install/share/light_sensor/environment/path.dsv
[7.649s] -- Up-to-date: /home/paolo/light_sensor_plugin/install/share/light_sensor/local_setup.bash
[7.649s] -- Up-to-date: /home/paolo/light_sensor_plugin/install/share/light_sensor/local_setup.sh
[7.649s] -- Up-to-date: /home/paolo/light_sensor_plugin/install/share/light_sensor/local_setup.zsh
[7.649s] -- Up-to-date: /home/paolo/light_sensor_plugin/install/share/light_sensor/local_setup.dsv
[7.650s] -- Installing: /home/paolo/light_sensor_plugin/install/share/light_sensor/package.dsv
[7.650s] -- Up-to-date: /home/paolo/light_sensor_plugin/install/share/ament_index/resource_index/packages/light_sensor
[7.650s] -- Up-to-date: /home/paolo/light_sensor_plugin/install/share/light_sensor/cmake/light_sensorConfig.cmake
[7.650s] -- Up-to-date: /home/paolo/light_sensor_plugin/install/share/light_sensor/cmake/light_sensorConfig-version.cmake
[7.650s] -- Up-to-date: /home/paolo/light_sensor_plugin/install/share/light_sensor/package.xml
[7.652s] Invoked command in '/home/paolo/light_sensor_plugin/build/light_sensor' returned '0': CMAKE_PREFIX_PATH=${CMAKE_PREFIX_PATH}:/home/paolo/turtlebot4_controller_ws/install/turtlebot4_controller:/opt/ros/humble /usr/bin/cmake --install /home/paolo/light_sensor_plugin/build/light_sensor
