[1.002s] DEBUG:colcon:Command line arguments: ['/usr/bin/colcon', 'build', '--merge-install', '--packages-select', 'mbzirc_naive_radar']
[1.002s] DEBUG:colcon:Parsed command line arguments: Namespace(log_base=None, log_level=None, verb_name='build', build_base='build', install_base='install', merge_install=True, symlink_install=False, test_result_base=None, continue_on_error=False, executor='parallel', parallel_workers=8, event_handlers=None, ignore_user_meta=False, metas=['./colcon.meta'], base_paths=['.'], packages_ignore=None, packages_ignore_regex=None, paths=None, packages_up_to=None, packages_up_to_regex=None, packages_above=None, packages_above_and_dependencies=None, packages_above_depth=None, packages_select_by_dep=None, packages_skip_by_dep=None, packages_skip_up_to=None, packages_select_build_failed=False, packages_skip_build_finished=False, packages_select_test_failures=False, packages_skip_test_passed=False, packages_select=['mbzirc_naive_radar'], packages_skip=None, packages_select_regex=None, packages_skip_regex=None, packages_start=None, packages_end=None, allow_overriding=[], cmake_args=None, cmake_target=None, cmake_target_skip_unavailable=False, cmake_clean_cache=False, cmake_clean_first=False, cmake_force_configure=False, ament_cmake_args=None, catkin_cmake_args=None, catkin_skip_building_tests=False, verb_parser=<colcon_defaults.argument_parser.defaults.DefaultArgumentsDecorator object at 0x7f94a9dd5540>, verb_extension=<colcon_core.verb.build.BuildVerb object at 0x7f94a9dd6f50>, main=<bound method BuildVerb.main of <colcon_core.verb.build.BuildVerb object at 0x7f94a9dd6f50>>)
[1.050s] Level 1:colcon.colcon_core.package_discovery:discover_packages(colcon_meta) check parameters
[1.050s] Level 1:colcon.colcon_core.package_discovery:discover_packages(recursive) check parameters
[1.050s] Level 1:colcon.colcon_core.package_discovery:discover_packages(ignore) check parameters
[1.050s] Level 1:colcon.colcon_core.package_discovery:discover_packages(path) check parameters
[1.050s] Level 1:colcon.colcon_core.package_discovery:discover_packages(colcon_meta) discover
[1.050s] Level 1:colcon.colcon_core.package_discovery:discover_packages(recursive) discover
[1.050s] INFO:colcon.colcon_core.package_discovery:Crawling recursively for packages in '/home/paolo/light_sensor_plugin'
[1.051s] Level 1:colcon.colcon_core.package_identification:_identify(.) by extensions ['ignore', 'ignore_ament_install']
[1.051s] Level 1:colcon.colcon_core.package_identification:_identify(.) by extension 'ignore'
[1.051s] Level 1:colcon.colcon_core.package_identification:_identify(.) by extension 'ignore_ament_install'
[1.051s] Level 1:colcon.colcon_core.package_identification:_identify(.) by extensions ['colcon_pkg']
[1.051s] Level 1:colcon.colcon_core.package_identification:_identify(.) by extension 'colcon_pkg'
[1.051s] Level 1:colcon.colcon_core.package_identification:_identify(.) by extensions ['colcon_meta']
[1.051s] Level 1:colcon.colcon_core.package_identification:_identify(.) by extension 'colcon_meta'
[1.051s] Level 1:colcon.colcon_core.package_identification:_identify(.) by extensions ['ros']
[1.051s] Level 1:colcon.colcon_core.package_identification:_identify(.) by extension 'ros'
[1.060s] Level 1:colcon.colcon_core.package_identification:_identify(.) by extensions ['cmake', 'python']
[1.060s] Level 1:colcon.colcon_core.package_identification:_identify(.) by extension 'cmake'
[1.060s] Level 1:colcon.colcon_core.package_identification:_identify(.) by extension 'python'
[1.061s] Level 1:colcon.colcon_core.package_identification:_identify(.) by extensions ['python_setup_py']
[1.061s] Level 1:colcon.colcon_core.package_identification:_identify(.) by extension 'python_setup_py'
[1.061s] Level 1:colcon.colcon_core.package_identification:_identify(build) by extensions ['ignore', 'ignore_ament_install']
[1.061s] Level 1:colcon.colcon_core.package_identification:_identify(build) by extension 'ignore'
[1.061s] Level 1:colcon.colcon_core.package_identification:_identify(build) ignored
[1.061s] Level 1:colcon.colcon_core.package_identification:_identify(install) by extensions ['ignore', 'ignore_ament_install']
[1.061s] Level 1:colcon.colcon_core.package_identification:_identify(install) by extension 'ignore'
[1.061s] Level 1:colcon.colcon_core.package_identification:_identify(install) ignored
[1.061s] Level 1:colcon.colcon_core.package_identification:_identify(log) by extensions ['ignore', 'ignore_ament_install']
[1.061s] Level 1:colcon.colcon_core.package_identification:_identify(log) by extension 'ignore'
[1.061s] Level 1:colcon.colcon_core.package_identification:_identify(log) ignored
[1.061s] Level 1:colcon.colcon_core.package_identification:_identify(src) by extensions ['ignore', 'ignore_ament_install']
[1.061s] Level 1:colcon.colcon_core.package_identification:_identify(src) by extension 'ignore'
[1.062s] Level 1:colcon.colcon_core.package_identification:_identify(src) by extension 'ignore_ament_install'
[1.062s] Level 1:colcon.colcon_core.package_identification:_identify(src) by extensions ['colcon_pkg']
[1.062s] Level 1:colcon.colcon_core.package_identification:_identify(src) by extension 'colcon_pkg'
[1.062s] Level 1:colcon.colcon_core.package_identification:_identify(src) by extensions ['colcon_meta']
[1.062s] Level 1:colcon.colcon_core.package_identification:_identify(src) by extension 'colcon_meta'
[1.062s] Level 1:colcon.colcon_core.package_identification:_identify(src) by extensions ['ros']
[1.062s] Level 1:colcon.colcon_core.package_identification:_identify(src) by extension 'ros'
[1.062s] Level 1:colcon.colcon_core.package_identification:_identify(src) by extensions ['cmake', 'python']
[1.062s] Level 1:colcon.colcon_core.package_identification:_identify(src) by extension 'cmake'
[1.062s] Level 1:colcon.colcon_core.package_identification:_identify(src) by extension 'python'
[1.062s] Level 1:colcon.colcon_core.package_identification:_identify(src) by extensions ['python_setup_py']
[1.062s] Level 1:colcon.colcon_core.package_identification:_identify(src) by extension 'python_setup_py'
[1.062s] Level 1:colcon.colcon_core.package_identification:_identify(src/light_sensor_custom) by extensions ['ignore', 'ignore_ament_install']
[1.062s] Level 1:colcon.colcon_core.package_identification:_identify(src/light_sensor_custom) by extension 'ignore'
[1.062s] Level 1:colcon.colcon_core.package_identification:_identify(src/light_sensor_custom) by extension 'ignore_ament_install'
[1.062s] Level 1:colcon.colcon_core.package_identification:_identify(src/light_sensor_custom) by extensions ['colcon_pkg']
[1.062s] Level 1:colcon.colcon_core.package_identification:_identify(src/light_sensor_custom) by extension 'colcon_pkg'
[1.062s] Level 1:colcon.colcon_core.package_identification:_identify(src/light_sensor_custom) by extensions ['colcon_meta']
[1.062s] Level 1:colcon.colcon_core.package_identification:_identify(src/light_sensor_custom) by extension 'colcon_meta'
[1.062s] Level 1:colcon.colcon_core.package_identification:_identify(src/light_sensor_custom) by extensions ['ros']
[1.062s] Level 1:colcon.colcon_core.package_identification:_identify(src/light_sensor_custom) by extension 'ros'
[1.065s] DEBUG:colcon.colcon_core.package_identification:Package 'src/light_sensor_custom' with type 'ros.ament_cmake' and name 'light_sensor'
[1.065s] Level 1:colcon.colcon_core.package_discovery:discover_packages(recursive) using defaults
[1.065s] Level 1:colcon.colcon_core.package_discovery:discover_packages(ignore) discover
[1.065s] Level 1:colcon.colcon_core.package_discovery:discover_packages(ignore) using defaults
[1.065s] Level 1:colcon.colcon_core.package_discovery:discover_packages(path) discover
[1.065s] Level 1:colcon.colcon_core.package_discovery:discover_packages(path) using defaults
[1.081s] WARNING:colcon.colcon_core.package_selection:ignoring unknown package 'mbzirc_naive_radar' in --packages-select
[1.129s] INFO:colcon.colcon_core.package_selection:Skipping not selected package 'light_sensor' in 'src/light_sensor_custom'
[1.158s] Level 1:colcon.colcon_core.package_discovery:discover_packages(prefix_path) check parameters
[1.158s] Level 1:colcon.colcon_core.package_discovery:discover_packages(prefix_path) discover
[1.189s] DEBUG:colcon.colcon_installed_package_information.package_discovery:Found 1 installed packages in /home/paolo/turtlebot4_controller_ws/install
[1.204s] DEBUG:colcon.colcon_installed_package_information.package_discovery:Found 11 installed packages in /home/paolo/turtlebot4_ws/install
[1.219s] DEBUG:colcon.colcon_installed_package_information.package_discovery:Found 10 installed packages in /home/paolo/create3_ws/install
[1.243s] DEBUG:colcon.colcon_installed_package_information.package_discovery:Found 394 installed packages in /opt/ros/humble
[1.244s] Level 1:colcon.colcon_core.package_discovery:discover_packages(prefix_path) using defaults
[1.348s] INFO:colcon.colcon_core.executor:Executing jobs using 'parallel' executor
[1.364s] DEBUG:colcon.colcon_parallel_executor.executor.parallel:run_until_complete
[1.364s] DEBUG:colcon.colcon_parallel_executor.executor.parallel:closing loop
[1.364s] DEBUG:colcon.colcon_parallel_executor.executor.parallel:loop closed
[1.364s] DEBUG:colcon.colcon_parallel_executor.executor.parallel:run_until_complete finished with '0'
[1.364s] DEBUG:colcon.colcon_core.event_reactor:joining thread
[1.388s] INFO:colcon.colcon_core.plugin_system:Skipping extension 'colcon_notification.desktop_notification.terminal_notifier': Not used on non-Darwin systems
[1.388s] INFO:colcon.colcon_core.plugin_system:Skipping extension 'colcon_notification.desktop_notification.win32': Not used on non-Windows systems
[1.388s] INFO:colcon.colcon_notification.desktop_notification:Sending desktop notification using 'notify2'
[1.399s] DEBUG:colcon.colcon_core.event_reactor:joined thread
[1.418s] INFO:colcon.colcon_core.plugin_system:Skipping extension 'colcon_core.shell.bat': Not used on non-Windows systems
[1.418s] INFO:colcon.colcon_core.shell:Creating prefix script '/home/paolo/light_sensor_plugin/install/local_setup.ps1'
[1.420s] INFO:colcon.colcon_core.shell:Creating prefix util module '/home/paolo/light_sensor_plugin/install/_local_setup_util_ps1.py'
[1.421s] INFO:colcon.colcon_core.shell:Creating prefix chain script '/home/paolo/light_sensor_plugin/install/setup.ps1'
[1.440s] INFO:colcon.colcon_core.shell:Creating prefix script '/home/paolo/light_sensor_plugin/install/local_setup.sh'
[1.441s] INFO:colcon.colcon_core.shell:Creating prefix util module '/home/paolo/light_sensor_plugin/install/_local_setup_util_sh.py'
[1.441s] INFO:colcon.colcon_core.shell:Creating prefix chain script '/home/paolo/light_sensor_plugin/install/setup.sh'
[1.458s] INFO:colcon.colcon_core.shell:Creating prefix script '/home/paolo/light_sensor_plugin/install/local_setup.bash'
[1.458s] INFO:colcon.colcon_core.shell:Creating prefix chain script '/home/paolo/light_sensor_plugin/install/setup.bash'
[1.478s] INFO:colcon.colcon_core.shell:Creating prefix script '/home/paolo/light_sensor_plugin/install/local_setup.zsh'
[1.478s] INFO:colcon.colcon_core.shell:Creating prefix chain script '/home/paolo/light_sensor_plugin/install/setup.zsh'
