[0.108s] Invoking command in '/home/paolo/light_sensor_plugin/build/light_sensor_plugin': /usr/bin/cmake /home/paolo/light_sensor_plugin -DCMAKE_INSTALL_PREFIX=/home/paolo/light_sensor_plugin/install
[0.123s] -- Found ament_cmake: 1.3.7 (/opt/ros/humble/share/ament_cmake/cmake)
[0.266s] -- Looking for ignition-math6 -- found version 6.15.1
[0.270s] -- Searching for dependencies of ignition-math6
[0.271s] -- Looking for ignition-msgs8 -- found version 8.7.0
[0.272s] -- Searching for dependencies of ignition-msgs8
[0.294s] -- Found Protobuf: /usr/lib/x86_64-linux-gnu/libprotobuf.so (found suitable version "3.12.4", minimum required is "3") 
[0.295s] -- Looking for ignition-math6 -- found version 6.15.1
[0.300s] -- Checking for module 'tinyxml2'
[0.311s] --   Found tinyxml2, version 9.0.0
[0.340s] -- Looking for ignition-transport11 -- found version 11.4.1
[0.340s] -- Searching for dependencies of ignition-transport11
[0.360s] -- Found Protobuf: /usr/lib/x86_64-linux-gnu/libprotobuf.so (found version "3.12.4") 
[0.373s] -- Config-file not installed for ZeroMQ -- checking for pkg-config
[0.377s] -- Checking for module 'libzmq >= 4'
[0.390s] --   Found libzmq , version 4.3.4
[0.428s] -- Checking for module 'uuid'
[0.442s] --   Found uuid, version 2.37.2
[0.473s] -- Looking for ignition-utils1 -- found version 1.5.1
[0.473s] -- Searching for dependencies of ignition-utils1
[0.474s] -- Searching for <ignition-utils1> component [cli]
[0.474s] -- Looking for ignition-utils1-cli -- found version 1.5.1
[0.475s] -- Searching for dependencies of ignition-utils1-cli
[0.475s] -- Looking for ignition-msgs8 -- found version 8.7.0
[0.476s] -- Looking for ignition-plugin1 -- found version 1.4.0
[0.477s] -- Searching for dependencies of ignition-plugin1
[0.477s] -- Searching for <ignition-plugin1> component [loader]
[0.478s] -- Looking for ignition-plugin1-loader -- found version 1.4.0
[0.478s] -- Searching for dependencies of ignition-plugin1-loader
[0.478s] -- Searching for <ignition-plugin1> component [register]
[0.479s] -- Looking for ignition-plugin1-register -- found version 1.4.0
[0.479s] -- Searching for dependencies of ignition-plugin1-register
[0.480s] -- Looking for ignition-sensors6 -- found version 6.8.0
[0.481s] -- Searching for dependencies of ignition-sensors6
[0.500s] -- Looking for ignition-math6 -- found version 6.15.1
[0.501s] -- Looking for ignition-common4 -- found version 4.7.0
[0.502s] -- Searching for dependencies of ignition-common4
[0.502s] -- Looking for dlfcn.h - found
[0.502s] -- Looking for libdl - found
[0.519s] -- Searching for <ignition-common4> component [profiler]
[0.520s] -- Looking for ignition-common4-profiler -- found version 4.7.0
[0.521s] -- Searching for dependencies of ignition-common4-profiler
[0.522s] -- Looking for ignition-transport11 -- found version 11.4.1
[0.522s] -- Looking for ignition-rendering6 -- found version 6.6.3
[0.523s] -- Searching for dependencies of ignition-rendering6
[0.523s] -- Looking for ignition-math6 -- found version 6.15.1
[0.524s] -- Searching for dependencies of ignition-math6
[0.524s] -- Searching for <ignition-math6> component [eigen3]
[0.525s] -- Looking for ignition-math6-eigen3 -- found version 6.15.1
[0.525s] -- Searching for dependencies of ignition-math6-eigen3
[0.527s] -- Looking for ignition-common4 -- found version 4.7.0
[0.528s] -- Searching for dependencies of ignition-common4
[0.528s] -- Looking for dlfcn.h - found
[0.528s] -- Looking for libdl - found
[0.537s] -- Searching for <ignition-common4> component [graphics]
[0.538s] -- Looking for ignition-common4-graphics -- found version 4.7.0
[0.538s] -- Searching for dependencies of ignition-common4-graphics
[0.539s] -- Looking for ignition-math6 -- found version 6.15.1
[0.539s] -- Looking for ignition-utils1 -- found version 1.5.1
[0.540s] -- Searching for <ignition-common4> component [events]
[0.541s] -- Looking for ignition-common4-events -- found version 4.7.0
[0.541s] -- Searching for dependencies of ignition-common4-events
[0.542s] -- Looking for ignition-math6 -- found version 6.15.1
[0.543s] -- Looking for ignition-plugin1 -- found version 1.4.0
[0.543s] -- Searching for dependencies of ignition-plugin1
[0.543s] -- Searching for <ignition-plugin1> component [all]
[0.544s] -- Looking for all libraries of ignition-plugin1 -- found version 1.4.0
[0.545s] -- Looking for ignition-plugin1 -- found version 1.4.0
[0.547s] -- Looking for ignition-msgs8 -- found version 8.7.0
[0.547s] -- Looking for sdformat12 -- found version 12.7.2
[0.548s] -- Searching for dependencies of sdformat12
[0.555s] -- Looking for ignition-math6 -- found version 6.15.1
[0.555s] -- Looking for ignition-utils1 -- found version 1.5.1
[0.557s] -- Looking for ignition-gazebo6 -- found version 6.16.0
[0.557s] -- Searching for dependencies of ignition-gazebo6
[0.558s] -- Looking for sdformat12 -- found version 12.7.2
[0.558s] -- Looking for ignition-plugin1 -- found version 1.4.0
[0.559s] -- Looking for ignition-transport11 -- found version 11.4.1
[0.560s] -- Searching for dependencies of ignition-transport11
[0.594s] -- Config-file not installed for ZeroMQ -- checking for pkg-config
[0.599s] -- Checking for module 'libzmq >= 4'
[0.613s] --   Found libzmq , version 4.3.4
[0.657s] -- Looking for ignition-utils1 -- found version 1.5.1
[0.657s] -- Looking for ignition-msgs8 -- found version 8.7.0
[0.657s] -- Searching for <ignition-transport11> component [log]
[0.657s] -- Looking for ignition-transport11-log -- found version 11.4.1
[0.658s] -- Searching for dependencies of ignition-transport11-log
[0.659s] -- Searching for <ignition-transport11> component [parameters]
[0.659s] -- Looking for ignition-transport11-parameters -- found version 11.4.1
[0.659s] -- Searching for dependencies of ignition-transport11-parameters
[0.660s] -- Looking for ignition-msgs8 -- found version 8.7.0
[0.661s] -- Looking for ignition-common4 -- found version 4.7.0
[0.661s] -- Searching for dependencies of ignition-common4
[0.661s] -- Looking for dlfcn.h - found
[0.662s] -- Looking for libdl - found
[0.670s] -- Searching for <ignition-common4> component [profiler]
[0.671s] -- Searching for <ignition-common4> component [events]
[0.671s] -- Searching for <ignition-common4> component [av]
[0.672s] -- Looking for ignition-common4-av -- found version 4.7.0
[0.672s] -- Searching for dependencies of ignition-common4-av
[0.677s] -- Checking for module 'libswscale'
[0.691s] --   Found libswscale, version 5.9.100
[0.729s] -- Checking for module 'libavdevice >= 56.4.100'
[0.744s] --   Found libavdevice , version 58.13.100
[0.787s] -- Checking for module 'libavformat'
[0.800s] --   Found libavformat, version 58.76.100
[0.838s] -- Checking for module 'libavcodec'
[0.852s] --   Found libavcodec, version 58.134.100
[0.897s] -- Checking for module 'libavutil'
[0.911s] --   Found libavutil, version 56.70.100
[0.950s] -- Looking for ignition-fuel_tools7 -- found version 7.3.0
[0.950s] -- Searching for dependencies of ignition-fuel_tools7
[0.992s] -- Checking for module 'jsoncpp'
[1.007s] --   Found jsoncpp, version 1.9.5
[1.048s] -- Checking for module 'libzip'
[1.064s] --   Found libzip, version 1.7.3
[1.098s] -- Looking for ignition-common4 -- found version 4.7.0
[1.098s] -- Looking for ignition-math6 -- found version 6.15.1
[1.099s] -- Looking for ignition-msgs8 -- found version 8.7.0
[1.100s] -- Looking for ignition-gui6 -- found version 6.8.0
[1.101s] -- Searching for dependencies of ignition-gui6
[1.125s] -- Found Protobuf: /usr/lib/x86_64-linux-gnu/libprotobuf.so (found suitable version "3.12.4", minimum required is "3") 
[1.134s] -- Looking for ignition-math6 -- found version 6.15.1
[1.135s] -- Looking for ignition-common4 -- found version 4.7.0
[1.136s] -- Looking for ignition-plugin1 -- found version 1.4.0
[1.136s] -- Looking for ignition-transport11 -- found version 11.4.1
[1.137s] -- Looking for ignition-rendering6 -- found version 6.6.3
[1.137s] -- Looking for ignition-msgs8 -- found version 8.7.0
[1.155s] -- Looking for ignition-physics5 -- found version 5.3.2
[1.155s] -- Searching for dependencies of ignition-physics5
[1.155s] -- Looking for ignition-math6 -- found version 6.15.1
[1.156s] -- Looking for ignition-plugin1 -- found version 1.4.0
[1.156s] -- Looking for ignition-utils1 -- found version 1.5.1
[1.157s] -- Searching for <ignition-physics5> component [heightmap]
[1.158s] -- Looking for ignition-physics5-heightmap -- found version 5.3.2
[1.158s] -- Searching for dependencies of ignition-physics5-heightmap
[1.159s] -- Looking for ignition-common4 -- found version 4.7.0
[1.159s] -- Searching for <ignition-physics5> component [mesh]
[1.160s] -- Looking for ignition-physics5-mesh -- found version 5.3.2
[1.160s] -- Searching for dependencies of ignition-physics5-mesh
[1.161s] -- Looking for ignition-common4 -- found version 4.7.0
[1.161s] -- Searching for <ignition-physics5> component [sdf]
[1.161s] -- Looking for ignition-physics5-sdf -- found version 5.3.2
[1.162s] -- Searching for dependencies of ignition-physics5-sdf
[1.162s] -- Looking for sdformat12 -- found version 12.7.2
[1.163s] -- Looking for ignition-sensors6 -- found version 6.8.0
[1.163s] -- Searching for dependencies of ignition-sensors6
[1.187s] -- Found Protobuf: /usr/lib/x86_64-linux-gnu/libprotobuf.so (found version "3.12.4") 
[1.188s] -- Looking for ignition-math6 -- found version 6.15.1
[1.188s] -- Looking for ignition-common4 -- found version 4.7.0
[1.189s] -- Looking for ignition-transport11 -- found version 11.4.1
[1.189s] -- Looking for ignition-rendering6 -- found version 6.6.3
[1.190s] -- Looking for ignition-msgs8 -- found version 8.7.0
[1.190s] -- Looking for sdformat12 -- found version 12.7.2
[1.190s] -- Searching for <ignition-sensors6> component [air_pressure]
[1.191s] -- Looking for ignition-sensors6-air_pressure -- found version 6.8.0
[1.191s] -- Searching for dependencies of ignition-sensors6-air_pressure
[1.192s] -- Searching for <ignition-sensors6> component [altimeter]
[1.192s] -- Looking for ignition-sensors6-altimeter -- found version 6.8.0
[1.193s] -- Searching for dependencies of ignition-sensors6-altimeter
[1.193s] -- Searching for <ignition-sensors6> component [imu]
[1.194s] -- Looking for ignition-sensors6-imu -- found version 6.8.0
[1.194s] -- Searching for dependencies of ignition-sensors6-imu
[1.195s] -- Searching for <ignition-sensors6> component [force_torque]
[1.195s] -- Looking for ignition-sensors6-force_torque -- found version 6.8.0
[1.195s] -- Searching for dependencies of ignition-sensors6-force_torque
[1.196s] -- Searching for <ignition-sensors6> component [logical_camera]
[1.196s] -- Looking for ignition-sensors6-logical_camera -- found version 6.8.0
[1.197s] -- Searching for dependencies of ignition-sensors6-logical_camera
[1.198s] -- Searching for <ignition-sensors6> component [magnetometer]
[1.198s] -- Looking for ignition-sensors6-magnetometer -- found version 6.8.0
[1.199s] -- Searching for dependencies of ignition-sensors6-magnetometer
[1.199s] -- Searching for <ignition-sensors6> component [navsat]
[1.200s] -- Looking for ignition-sensors6-navsat -- found version 6.8.0
[1.200s] -- Searching for dependencies of ignition-sensors6-navsat
[1.201s] -- Searching for <ignition-sensors6> component [rendering]
[1.202s] -- Looking for ignition-sensors6-rendering -- found version 6.8.0
[1.203s] -- Searching for dependencies of ignition-sensors6-rendering
[1.204s] -- Searching for <ignition-sensors6> component [lidar]
[1.204s] -- Looking for ignition-sensors6-lidar -- found version 6.8.0
[1.205s] -- Searching for dependencies of ignition-sensors6-lidar
[1.205s] -- Looking for ignition-sensors6 -- found version 6.8.0
[1.206s] -- Searching for <ignition-sensors6> component [gpu_lidar]
[1.206s] -- Looking for ignition-sensors6-gpu_lidar -- found version 6.8.0
[1.207s] -- Searching for dependencies of ignition-sensors6-gpu_lidar
[1.207s] -- Looking for ignition-sensors6 -- found version 6.8.0
[1.208s] -- Searching for <ignition-sensors6> component [camera]
[1.209s] -- Looking for ignition-sensors6-camera -- found version 6.8.0
[1.209s] -- Searching for dependencies of ignition-sensors6-camera
[1.210s] -- Looking for ignition-sensors6 -- found version 6.8.0
[1.210s] -- Searching for <ignition-sensors6> component [boundingbox_camera]
[1.211s] -- Looking for ignition-sensors6-boundingbox_camera -- found version 6.8.0
[1.211s] -- Searching for dependencies of ignition-sensors6-boundingbox_camera
[1.212s] -- Searching for <ignition-sensors6> component [segmentation_camera]
[1.212s] -- Looking for ignition-sensors6-segmentation_camera -- found version 6.8.0
[1.213s] -- Searching for dependencies of ignition-sensors6-segmentation_camera
[1.214s] -- Searching for <ignition-sensors6> component [depth_camera]
[1.214s] -- Looking for ignition-sensors6-depth_camera -- found version 6.8.0
[1.215s] -- Searching for dependencies of ignition-sensors6-depth_camera
[1.215s] -- Looking for ignition-sensors6 -- found version 6.8.0
[1.216s] -- Searching for <ignition-sensors6> component [rgbd_camera]
[1.216s] -- Looking for ignition-sensors6-rgbd_camera -- found version 6.8.0
[1.217s] -- Searching for dependencies of ignition-sensors6-rgbd_camera
[1.217s] -- Looking for ignition-sensors6 -- found version 6.8.0
[1.218s] -- Searching for <ignition-sensors6> component [thermal_camera]
[1.218s] -- Looking for ignition-sensors6-thermal_camera -- found version 6.8.0
[1.219s] -- Searching for dependencies of ignition-sensors6-thermal_camera
[1.219s] -- Looking for ignition-sensors6 -- found version 6.8.0
[1.221s] -- Looking for ignition-rendering6 -- found version 6.6.3
[1.221s] -- Looking for ignition-math6 -- found version 6.15.1
[1.222s] -- Looking for ignition-utils1 -- found version 1.5.1
[1.245s] -- Found rclcpp: 16.0.8 (/opt/ros/humble/share/rclcpp/cmake)
[1.272s] -- Found rosidl_generator_c: 3.1.5 (/opt/ros/humble/share/rosidl_generator_c/cmake)
[1.275s] -- Found rosidl_adapter: 3.1.5 (/opt/ros/humble/share/rosidl_adapter/cmake)
[1.281s] -- Found rosidl_generator_cpp: 3.1.5 (/opt/ros/humble/share/rosidl_generator_cpp/cmake)
[1.294s] -- Using all available rosidl_typesupport_c: rosidl_typesupport_fastrtps_c;rosidl_typesupport_introspection_c
[1.312s] -- Using all available rosidl_typesupport_cpp: rosidl_typesupport_fastrtps_cpp;rosidl_typesupport_introspection_cpp
[1.376s] -- Found rmw_implementation_cmake: 6.1.1 (/opt/ros/humble/share/rmw_implementation_cmake/cmake)
[1.378s] -- Found rmw_fastrtps_cpp: 6.2.6 (/opt/ros/humble/share/rmw_fastrtps_cpp/cmake)
[1.576s] -- Using RMW implementation 'rmw_fastrtps_cpp' as default
[1.769s] [31mCMake Error at /opt/ros/humble/share/ament_cmake_core/cmake/core/assert_file_exists.cmake:20 (message):
[1.769s]   ament_environment_hooks() the passed hook file
[1.769s]   'hooks/resource_paths.dsv.in' does not exist
[1.769s] Call Stack (most recent call first):
[1.769s]   /opt/ros/humble/share/ament_cmake_core/cmake/environment_hooks/ament_environment_hooks.cmake:35 (assert_file_exists)
[1.769s]   CMakeLists.txt:23 (ament_environment_hooks)
[1.769s] 
[1.769s] [0m
[1.770s] -- Configuring incomplete, errors occurred!
[1.770s] See also "/home/paolo/light_sensor_plugin/build/light_sensor_plugin/CMakeFiles/CMakeOutput.log".
[1.779s] Invoked command in '/home/paolo/light_sensor_plugin/build/light_sensor_plugin' returned '1': /usr/bin/cmake /home/paolo/light_sensor_plugin -DCMAKE_INSTALL_PREFIX=/home/paolo/light_sensor_plugin/install
