[0.106s] Invoking command in '/home/paolo/light_sensor_plugin/build/light_sensor': CMAKE_PREFIX_PATH=${CMAKE_PREFIX_PATH}:/home/paolo/turtlebot4_controller_ws/install/turtlebot4_controller:/opt/ros/humble /usr/bin/cmake --build /home/paolo/light_sensor_plugin/build/light_sensor -- -j8 -l8
[0.153s] [35m[1mConsolidate compiler generated dependencies of target LightSensor[0m
[0.182s] [100%] Built target LightSensor
[0.192s] Invoked command in '/home/paolo/light_sensor_plugin/build/light_sensor' returned '0': CMAKE_PREFIX_PATH=${CMAKE_PREFIX_PATH}:/home/paolo/turtlebot4_controller_ws/install/turtlebot4_controller:/opt/ros/humble /usr/bin/cmake --build /home/paolo/light_sensor_plugin/build/light_sensor -- -j8 -l8
[0.232s] Invoking command in '/home/paolo/light_sensor_plugin/build/light_sensor': CMAKE_PREFIX_PATH=${CMAKE_PREFIX_PATH}:/home/paolo/turtlebot4_controller_ws/install/turtlebot4_controller:/opt/ros/humble /usr/bin/cmake --install /home/paolo/light_sensor_plugin/build/light_sensor
[0.242s] -- Install configuration: ""
[0.242s] -- Up-to-date: /home/paolo/light_sensor_plugin/install/share/light_sensor/environment/resource_paths.dsv
[0.242s] -- Up-to-date: /home/paolo/light_sensor_plugin/install/share/light_sensor/environment/resource_paths.sh
[0.242s] -- Up-to-date: /home/paolo/light_sensor_plugin/install/lib/libLightSensor.so
[0.243s] -- Up-to-date: /home/paolo/light_sensor_plugin/install/share/light_sensor/model
[0.243s] -- Installing: /home/paolo/light_sensor_plugin/install/share/light_sensor/model/model.sdf
[0.243s] -- Up-to-date: /home/paolo/light_sensor_plugin/install/share/ament_index/resource_index/package_run_dependencies/light_sensor
[0.243s] -- Up-to-date: /home/paolo/light_sensor_plugin/install/share/ament_index/resource_index/parent_prefix_path/light_sensor
[0.243s] -- Up-to-date: /home/paolo/light_sensor_plugin/install/share/light_sensor/environment/ament_prefix_path.sh
[0.243s] -- Up-to-date: /home/paolo/light_sensor_plugin/install/share/light_sensor/environment/ament_prefix_path.dsv
[0.243s] -- Up-to-date: /home/paolo/light_sensor_plugin/install/share/light_sensor/environment/path.sh
[0.243s] -- Up-to-date: /home/paolo/light_sensor_plugin/install/share/light_sensor/environment/path.dsv
[0.243s] -- Up-to-date: /home/paolo/light_sensor_plugin/install/share/light_sensor/local_setup.bash
[0.244s] -- Up-to-date: /home/paolo/light_sensor_plugin/install/share/light_sensor/local_setup.sh
[0.244s] -- Up-to-date: /home/paolo/light_sensor_plugin/install/share/light_sensor/local_setup.zsh
[0.244s] -- Up-to-date: /home/paolo/light_sensor_plugin/install/share/light_sensor/local_setup.dsv
[0.244s] -- Installing: /home/paolo/light_sensor_plugin/install/share/light_sensor/package.dsv
[0.244s] -- Up-to-date: /home/paolo/light_sensor_plugin/install/share/ament_index/resource_index/packages/light_sensor
[0.244s] -- Up-to-date: /home/paolo/light_sensor_plugin/install/share/light_sensor/cmake/light_sensorConfig.cmake
[0.244s] -- Up-to-date: /home/paolo/light_sensor_plugin/install/share/light_sensor/cmake/light_sensorConfig-version.cmake
[0.245s] -- Up-to-date: /home/paolo/light_sensor_plugin/install/share/light_sensor/package.xml
[0.246s] Invoked command in '/home/paolo/light_sensor_plugin/build/light_sensor' returned '0': CMAKE_PREFIX_PATH=${CMAKE_PREFIX_PATH}:/home/paolo/turtlebot4_controller_ws/install/turtlebot4_controller:/opt/ros/humble /usr/bin/cmake --install /home/paolo/light_sensor_plugin/build/light_sensor
