[1.089s] DEBUG:colcon:Command line arguments: ['/usr/bin/colcon', 'build', '--merge-install']
[1.089s] DEBUG:colcon:Parsed command line arguments: Namespace(log_base=None, log_level=None, verb_name='build', build_base='build', install_base='install', merge_install=True, symlink_install=False, test_result_base=None, continue_on_error=False, executor='parallel', parallel_workers=8, event_handlers=None, ignore_user_meta=False, metas=['./colcon.meta'], base_paths=['.'], packages_ignore=None, packages_ignore_regex=None, paths=None, packages_up_to=None, packages_up_to_regex=None, packages_above=None, packages_above_and_dependencies=None, packages_above_depth=None, packages_select_by_dep=None, packages_skip_by_dep=None, packages_skip_up_to=None, packages_select_build_failed=False, packages_skip_build_finished=False, packages_select_test_failures=False, packages_skip_test_passed=False, packages_select=None, packages_skip=None, packages_select_regex=None, packages_skip_regex=None, packages_start=None, packages_end=None, allow_overriding=[], cmake_args=None, cmake_target=None, cmake_target_skip_unavailable=False, cmake_clean_cache=False, cmake_clean_first=False, cmake_force_configure=False, ament_cmake_args=None, catkin_cmake_args=None, catkin_skip_building_tests=False, verb_parser=<colcon_defaults.argument_parser.defaults.DefaultArgumentsDecorator object at 0x7f7d193e1c90>, verb_extension=<colcon_core.verb.build.BuildVerb object at 0x7f7d193e0dc0>, main=<bound method BuildVerb.main of <colcon_core.verb.build.BuildVerb object at 0x7f7d193e0dc0>>)
[1.141s] Level 1:colcon.colcon_core.package_discovery:discover_packages(colcon_meta) check parameters
[1.141s] Level 1:colcon.colcon_core.package_discovery:discover_packages(recursive) check parameters
[1.141s] Level 1:colcon.colcon_core.package_discovery:discover_packages(ignore) check parameters
[1.141s] Level 1:colcon.colcon_core.package_discovery:discover_packages(path) check parameters
[1.141s] Level 1:colcon.colcon_core.package_discovery:discover_packages(colcon_meta) discover
[1.141s] Level 1:colcon.colcon_core.package_discovery:discover_packages(recursive) discover
[1.141s] INFO:colcon.colcon_core.package_discovery:Crawling recursively for packages in '/home/paolo/light_sensor_plugin'
[1.141s] Level 1:colcon.colcon_core.package_identification:_identify(.) by extensions ['ignore', 'ignore_ament_install']
[1.141s] Level 1:colcon.colcon_core.package_identification:_identify(.) by extension 'ignore'
[1.141s] Level 1:colcon.colcon_core.package_identification:_identify(.) by extension 'ignore_ament_install'
[1.141s] Level 1:colcon.colcon_core.package_identification:_identify(.) by extensions ['colcon_pkg']
[1.141s] Level 1:colcon.colcon_core.package_identification:_identify(.) by extension 'colcon_pkg'
[1.142s] Level 1:colcon.colcon_core.package_identification:_identify(.) by extensions ['colcon_meta']
[1.142s] Level 1:colcon.colcon_core.package_identification:_identify(.) by extension 'colcon_meta'
[1.142s] Level 1:colcon.colcon_core.package_identification:_identify(.) by extensions ['ros']
[1.142s] Level 1:colcon.colcon_core.package_identification:_identify(.) by extension 'ros'
[1.152s] Level 1:colcon.colcon_core.package_identification:_identify(.) by extensions ['cmake', 'python']
[1.152s] Level 1:colcon.colcon_core.package_identification:_identify(.) by extension 'cmake'
[1.152s] Level 1:colcon.colcon_core.package_identification:_identify(.) by extension 'python'
[1.152s] Level 1:colcon.colcon_core.package_identification:_identify(.) by extensions ['python_setup_py']
[1.152s] Level 1:colcon.colcon_core.package_identification:_identify(.) by extension 'python_setup_py'
[1.152s] Level 1:colcon.colcon_core.package_identification:_identify(build) by extensions ['ignore', 'ignore_ament_install']
[1.152s] Level 1:colcon.colcon_core.package_identification:_identify(build) by extension 'ignore'
[1.152s] Level 1:colcon.colcon_core.package_identification:_identify(build) ignored
[1.153s] Level 1:colcon.colcon_core.package_identification:_identify(install) by extensions ['ignore', 'ignore_ament_install']
[1.153s] Level 1:colcon.colcon_core.package_identification:_identify(install) by extension 'ignore'
[1.153s] Level 1:colcon.colcon_core.package_identification:_identify(install) ignored
[1.153s] Level 1:colcon.colcon_core.package_identification:_identify(log) by extensions ['ignore', 'ignore_ament_install']
[1.153s] Level 1:colcon.colcon_core.package_identification:_identify(log) by extension 'ignore'
[1.153s] Level 1:colcon.colcon_core.package_identification:_identify(log) ignored
[1.153s] Level 1:colcon.colcon_core.package_identification:_identify(src) by extensions ['ignore', 'ignore_ament_install']
[1.153s] Level 1:colcon.colcon_core.package_identification:_identify(src) by extension 'ignore'
[1.154s] Level 1:colcon.colcon_core.package_identification:_identify(src) by extension 'ignore_ament_install'
[1.154s] Level 1:colcon.colcon_core.package_identification:_identify(src) by extensions ['colcon_pkg']
[1.154s] Level 1:colcon.colcon_core.package_identification:_identify(src) by extension 'colcon_pkg'
[1.154s] Level 1:colcon.colcon_core.package_identification:_identify(src) by extensions ['colcon_meta']
[1.154s] Level 1:colcon.colcon_core.package_identification:_identify(src) by extension 'colcon_meta'
[1.154s] Level 1:colcon.colcon_core.package_identification:_identify(src) by extensions ['ros']
[1.154s] Level 1:colcon.colcon_core.package_identification:_identify(src) by extension 'ros'
[1.154s] Level 1:colcon.colcon_core.package_identification:_identify(src) by extensions ['cmake', 'python']
[1.154s] Level 1:colcon.colcon_core.package_identification:_identify(src) by extension 'cmake'
[1.154s] Level 1:colcon.colcon_core.package_identification:_identify(src) by extension 'python'
[1.154s] Level 1:colcon.colcon_core.package_identification:_identify(src) by extensions ['python_setup_py']
[1.154s] Level 1:colcon.colcon_core.package_identification:_identify(src) by extension 'python_setup_py'
[1.154s] Level 1:colcon.colcon_core.package_identification:_identify(src/light_sensor_custom) by extensions ['ignore', 'ignore_ament_install']
[1.155s] Level 1:colcon.colcon_core.package_identification:_identify(src/light_sensor_custom) by extension 'ignore'
[1.155s] Level 1:colcon.colcon_core.package_identification:_identify(src/light_sensor_custom) by extension 'ignore_ament_install'
[1.155s] Level 1:colcon.colcon_core.package_identification:_identify(src/light_sensor_custom) by extensions ['colcon_pkg']
[1.155s] Level 1:colcon.colcon_core.package_identification:_identify(src/light_sensor_custom) by extension 'colcon_pkg'
[1.155s] Level 1:colcon.colcon_core.package_identification:_identify(src/light_sensor_custom) by extensions ['colcon_meta']
[1.155s] Level 1:colcon.colcon_core.package_identification:_identify(src/light_sensor_custom) by extension 'colcon_meta'
[1.155s] Level 1:colcon.colcon_core.package_identification:_identify(src/light_sensor_custom) by extensions ['ros']
[1.155s] Level 1:colcon.colcon_core.package_identification:_identify(src/light_sensor_custom) by extension 'ros'
[1.157s] DEBUG:colcon.colcon_core.package_identification:Package 'src/light_sensor_custom' with type 'ros.ament_cmake' and name 'light_sensor'
[1.158s] Level 1:colcon.colcon_core.package_discovery:discover_packages(recursive) using defaults
[1.158s] Level 1:colcon.colcon_core.package_discovery:discover_packages(ignore) discover
[1.158s] Level 1:colcon.colcon_core.package_discovery:discover_packages(ignore) using defaults
[1.158s] Level 1:colcon.colcon_core.package_discovery:discover_packages(path) discover
[1.158s] Level 1:colcon.colcon_core.package_discovery:discover_packages(path) using defaults
[1.255s] Level 1:colcon.colcon_core.package_discovery:discover_packages(prefix_path) check parameters
[1.255s] Level 1:colcon.colcon_core.package_discovery:discover_packages(prefix_path) discover
[1.287s] DEBUG:colcon.colcon_installed_package_information.package_discovery:Found 1 installed packages in /home/paolo/turtlebot4_controller_ws/install
[1.302s] DEBUG:colcon.colcon_installed_package_information.package_discovery:Found 11 installed packages in /home/paolo/turtlebot4_ws/install
[1.317s] DEBUG:colcon.colcon_installed_package_information.package_discovery:Found 10 installed packages in /home/paolo/create3_ws/install
[1.342s] DEBUG:colcon.colcon_installed_package_information.package_discovery:Found 394 installed packages in /opt/ros/humble
[1.344s] Level 1:colcon.colcon_core.package_discovery:discover_packages(prefix_path) using defaults
[1.456s] Level 5:colcon.colcon_core.verb:set package 'light_sensor' build argument 'cmake_args' from command line to 'None'
[1.456s] Level 5:colcon.colcon_core.verb:set package 'light_sensor' build argument 'cmake_target' from command line to 'None'
[1.456s] Level 5:colcon.colcon_core.verb:set package 'light_sensor' build argument 'cmake_target_skip_unavailable' from command line to 'False'
[1.456s] Level 5:colcon.colcon_core.verb:set package 'light_sensor' build argument 'cmake_clean_cache' from command line to 'False'
[1.456s] Level 5:colcon.colcon_core.verb:set package 'light_sensor' build argument 'cmake_clean_first' from command line to 'False'
[1.456s] Level 5:colcon.colcon_core.verb:set package 'light_sensor' build argument 'cmake_force_configure' from command line to 'False'
[1.456s] Level 5:colcon.colcon_core.verb:set package 'light_sensor' build argument 'ament_cmake_args' from command line to 'None'
[1.456s] Level 5:colcon.colcon_core.verb:set package 'light_sensor' build argument 'catkin_cmake_args' from command line to 'None'
[1.456s] Level 5:colcon.colcon_core.verb:set package 'light_sensor' build argument 'catkin_skip_building_tests' from command line to 'False'
[1.456s] DEBUG:colcon.colcon_core.verb:Building package 'light_sensor' with the following arguments: {'ament_cmake_args': None, 'build_base': '/home/paolo/light_sensor_plugin/build/light_sensor', 'catkin_cmake_args': None, 'catkin_skip_building_tests': False, 'cmake_args': None, 'cmake_clean_cache': False, 'cmake_clean_first': False, 'cmake_force_configure': False, 'cmake_target': None, 'cmake_target_skip_unavailable': False, 'install_base': '/home/paolo/light_sensor_plugin/install', 'merge_install': True, 'path': '/home/paolo/light_sensor_plugin/src/light_sensor_custom', 'symlink_install': False, 'test_result_base': None}
[1.471s] INFO:colcon.colcon_core.executor:Executing jobs using 'parallel' executor
[1.486s] DEBUG:colcon.colcon_parallel_executor.executor.parallel:run_until_complete
[1.486s] INFO:colcon.colcon_ros.task.ament_cmake.build:Building ROS package in '/home/paolo/light_sensor_plugin/src/light_sensor_custom' with build type 'ament_cmake'
[1.486s] INFO:colcon.colcon_cmake.task.cmake.build:Building CMake package in '/home/paolo/light_sensor_plugin/src/light_sensor_custom'
[1.504s] INFO:colcon.colcon_core.plugin_system:Skipping extension 'colcon_core.shell.bat': Not used on non-Windows systems
[1.504s] INFO:colcon.colcon_core.shell:Skip shell extension 'powershell' for command environment: Not usable outside of PowerShell
[1.504s] DEBUG:colcon.colcon_core.shell:Skip shell extension 'dsv' for command environment
[1.593s] DEBUG:colcon.colcon_core.event_handler.log_command:Invoking command in '/home/paolo/light_sensor_plugin/build/light_sensor': CMAKE_PREFIX_PATH=${CMAKE_PREFIX_PATH}:/home/paolo/turtlebot4_controller_ws/install/turtlebot4_controller:/opt/ros/humble /usr/bin/cmake --build /home/paolo/light_sensor_plugin/build/light_sensor -- -j8 -l8
[8.858s] DEBUG:colcon.colcon_core.event_handler.log_command:Invoked command in '/home/paolo/light_sensor_plugin/build/light_sensor' returned '0': CMAKE_PREFIX_PATH=${CMAKE_PREFIX_PATH}:/home/paolo/turtlebot4_controller_ws/install/turtlebot4_controller:/opt/ros/humble /usr/bin/cmake --build /home/paolo/light_sensor_plugin/build/light_sensor -- -j8 -l8
[8.895s] DEBUG:colcon.colcon_core.event_handler.log_command:Invoking command in '/home/paolo/light_sensor_plugin/build/light_sensor': CMAKE_PREFIX_PATH=${CMAKE_PREFIX_PATH}:/home/paolo/turtlebot4_controller_ws/install/turtlebot4_controller:/opt/ros/humble /usr/bin/cmake --install /home/paolo/light_sensor_plugin/build/light_sensor
[8.911s] Level 1:colcon.colcon_core.environment:create_environment_scripts_only(light_sensor)
[8.911s] DEBUG:colcon.colcon_core.event_handler.log_command:Invoked command in '/home/paolo/light_sensor_plugin/build/light_sensor' returned '0': CMAKE_PREFIX_PATH=${CMAKE_PREFIX_PATH}:/home/paolo/turtlebot4_controller_ws/install/turtlebot4_controller:/opt/ros/humble /usr/bin/cmake --install /home/paolo/light_sensor_plugin/build/light_sensor
[8.929s] Level 1:colcon.colcon_core.environment:checking '/home/paolo/light_sensor_plugin/install' for CMake module files
[8.929s] Level 1:colcon.colcon_core.environment:checking '/home/paolo/light_sensor_plugin/install' for CMake config files
[8.930s] Level 1:colcon.colcon_core.shell:create_environment_hook('light_sensor', 'cmake_prefix_path')
[8.945s] INFO:colcon.colcon_core.shell:Creating environment hook '/home/paolo/light_sensor_plugin/install/share/light_sensor/hook/cmake_prefix_path.ps1'
[8.945s] INFO:colcon.colcon_core.shell:Creating environment descriptor '/home/paolo/light_sensor_plugin/install/share/light_sensor/hook/cmake_prefix_path.dsv'
[8.946s] INFO:colcon.colcon_core.shell:Creating environment hook '/home/paolo/light_sensor_plugin/install/share/light_sensor/hook/cmake_prefix_path.sh'
[8.947s] Level 1:colcon.colcon_core.environment:checking '/home/paolo/light_sensor_plugin/install/lib'
[8.947s] Level 1:colcon.colcon_core.shell:create_environment_hook('light_sensor', 'ld_library_path_lib')
[8.963s] INFO:colcon.colcon_core.shell:Creating environment hook '/home/paolo/light_sensor_plugin/install/share/light_sensor/hook/ld_library_path_lib.ps1'
[8.963s] INFO:colcon.colcon_core.shell:Creating environment descriptor '/home/paolo/light_sensor_plugin/install/share/light_sensor/hook/ld_library_path_lib.dsv'
[8.964s] INFO:colcon.colcon_core.shell:Creating environment hook '/home/paolo/light_sensor_plugin/install/share/light_sensor/hook/ld_library_path_lib.sh'
[8.964s] Level 1:colcon.colcon_core.environment:checking '/home/paolo/light_sensor_plugin/install/bin'
[8.964s] Level 1:colcon.colcon_core.environment:checking '/home/paolo/light_sensor_plugin/install/lib/pkgconfig/light_sensor.pc'
[8.964s] Level 1:colcon.colcon_core.environment:checking '/home/paolo/light_sensor_plugin/install/lib/python3.10/site-packages'
[8.965s] Level 1:colcon.colcon_core.environment:checking '/home/paolo/light_sensor_plugin/install/bin'
[8.983s] INFO:colcon.colcon_core.shell:Creating package script '/home/paolo/light_sensor_plugin/install/share/light_sensor/package.ps1'
[8.984s] INFO:colcon.colcon_core.shell:Creating package descriptor '/home/paolo/light_sensor_plugin/install/share/light_sensor/package.dsv'
[8.985s] INFO:colcon.colcon_core.shell:Creating package script '/home/paolo/light_sensor_plugin/install/share/light_sensor/package.sh'
[8.985s] INFO:colcon.colcon_core.shell:Creating package script '/home/paolo/light_sensor_plugin/install/share/light_sensor/package.bash'
[8.986s] INFO:colcon.colcon_core.shell:Creating package script '/home/paolo/light_sensor_plugin/install/share/light_sensor/package.zsh'
[8.987s] Level 1:colcon.colcon_core.environment:create_file_with_runtime_dependencies(/home/paolo/light_sensor_plugin/install/share/colcon-core/packages/light_sensor)
[9.034s] Level 1:colcon.colcon_core.environment:create_environment_scripts_only(light_sensor)
[9.050s] Level 1:colcon.colcon_core.environment:checking '/home/paolo/light_sensor_plugin/install' for CMake module files
[9.051s] Level 1:colcon.colcon_core.environment:checking '/home/paolo/light_sensor_plugin/install' for CMake config files
[9.052s] Level 1:colcon.colcon_core.shell:create_environment_hook('light_sensor', 'cmake_prefix_path')
[9.068s] INFO:colcon.colcon_core.shell:Creating environment hook '/home/paolo/light_sensor_plugin/install/share/light_sensor/hook/cmake_prefix_path.ps1'
[9.069s] INFO:colcon.colcon_core.shell:Creating environment descriptor '/home/paolo/light_sensor_plugin/install/share/light_sensor/hook/cmake_prefix_path.dsv'
[9.069s] INFO:colcon.colcon_core.shell:Creating environment hook '/home/paolo/light_sensor_plugin/install/share/light_sensor/hook/cmake_prefix_path.sh'
[9.070s] Level 1:colcon.colcon_core.environment:checking '/home/paolo/light_sensor_plugin/install/lib'
[9.070s] Level 1:colcon.colcon_core.shell:create_environment_hook('light_sensor', 'ld_library_path_lib')
[9.086s] INFO:colcon.colcon_core.shell:Creating environment hook '/home/paolo/light_sensor_plugin/install/share/light_sensor/hook/ld_library_path_lib.ps1'
[9.087s] INFO:colcon.colcon_core.shell:Creating environment descriptor '/home/paolo/light_sensor_plugin/install/share/light_sensor/hook/ld_library_path_lib.dsv'
[9.087s] INFO:colcon.colcon_core.shell:Creating environment hook '/home/paolo/light_sensor_plugin/install/share/light_sensor/hook/ld_library_path_lib.sh'
[9.088s] Level 1:colcon.colcon_core.environment:checking '/home/paolo/light_sensor_plugin/install/bin'
[9.088s] Level 1:colcon.colcon_core.environment:checking '/home/paolo/light_sensor_plugin/install/lib/pkgconfig/light_sensor.pc'
[9.088s] Level 1:colcon.colcon_core.environment:checking '/home/paolo/light_sensor_plugin/install/lib/python3.10/site-packages'
[9.088s] Level 1:colcon.colcon_core.environment:checking '/home/paolo/light_sensor_plugin/install/bin'
[9.104s] INFO:colcon.colcon_core.shell:Creating package script '/home/paolo/light_sensor_plugin/install/share/light_sensor/package.ps1'
[9.105s] INFO:colcon.colcon_core.shell:Creating package descriptor '/home/paolo/light_sensor_plugin/install/share/light_sensor/package.dsv'
[9.105s] INFO:colcon.colcon_core.shell:Creating package script '/home/paolo/light_sensor_plugin/install/share/light_sensor/package.sh'
[9.106s] INFO:colcon.colcon_core.shell:Creating package script '/home/paolo/light_sensor_plugin/install/share/light_sensor/package.bash'
[9.106s] INFO:colcon.colcon_core.shell:Creating package script '/home/paolo/light_sensor_plugin/install/share/light_sensor/package.zsh'
[9.107s] Level 1:colcon.colcon_core.environment:create_file_with_runtime_dependencies(/home/paolo/light_sensor_plugin/install/share/colcon-core/packages/light_sensor)
[9.107s] DEBUG:colcon.colcon_parallel_executor.executor.parallel:closing loop
[9.108s] DEBUG:colcon.colcon_parallel_executor.executor.parallel:loop closed
[9.108s] DEBUG:colcon.colcon_parallel_executor.executor.parallel:run_until_complete finished with '0'
[9.108s] DEBUG:colcon.colcon_core.event_reactor:joining thread
[9.129s] INFO:colcon.colcon_core.plugin_system:Skipping extension 'colcon_notification.desktop_notification.terminal_notifier': Not used on non-Darwin systems
[9.129s] INFO:colcon.colcon_core.plugin_system:Skipping extension 'colcon_notification.desktop_notification.win32': Not used on non-Windows systems
[9.129s] INFO:colcon.colcon_notification.desktop_notification:Sending desktop notification using 'notify2'
[9.140s] DEBUG:colcon.colcon_core.event_reactor:joined thread
[9.160s] INFO:colcon.colcon_core.shell:Creating prefix script '/home/paolo/light_sensor_plugin/install/local_setup.ps1'
[9.161s] INFO:colcon.colcon_core.shell:Creating prefix util module '/home/paolo/light_sensor_plugin/install/_local_setup_util_ps1.py'
[9.163s] INFO:colcon.colcon_core.shell:Creating prefix chain script '/home/paolo/light_sensor_plugin/install/setup.ps1'
[9.184s] INFO:colcon.colcon_core.shell:Creating prefix script '/home/paolo/light_sensor_plugin/install/local_setup.sh'
[9.184s] INFO:colcon.colcon_core.shell:Creating prefix util module '/home/paolo/light_sensor_plugin/install/_local_setup_util_sh.py'
[9.185s] INFO:colcon.colcon_core.shell:Creating prefix chain script '/home/paolo/light_sensor_plugin/install/setup.sh'
[9.203s] INFO:colcon.colcon_core.shell:Creating prefix script '/home/paolo/light_sensor_plugin/install/local_setup.bash'
[9.204s] INFO:colcon.colcon_core.shell:Creating prefix chain script '/home/paolo/light_sensor_plugin/install/setup.bash'
[9.223s] INFO:colcon.colcon_core.shell:Creating prefix script '/home/paolo/light_sensor_plugin/install/local_setup.zsh'
[9.223s] INFO:colcon.colcon_core.shell:Creating prefix chain script '/home/paolo/light_sensor_plugin/install/setup.zsh'
