[01m[K/home/paolo/light_sensor_plugin/src/light_sensor_custom/src/LightSensor.cc:[m[K In member function ‘[01m[Kvirtual void custom_light_sensor::LightSensor::Configure(const Entity&, const std::shared_ptr<const sdf::v12::Element>&, ignition::gazebo::v6::EntityComponentManager&, ignition::gazebo::v6::EventManager&)[m[K’:
[01m[K/home/paolo/light_sensor_plugin/src/light_sensor_custom/src/LightSensor.cc:20:52:[m[K [01;31m[Kerror: [m[Kinvalid use of non-static member function ‘[01m[Kstd::optional<double> ignition::gazebo::v6::Light::Intensity(const ignition::gazebo::v6::EntityComponentManager&) const[m[K’
   20 |                 _ecm.Each<ignition::gazebo::Light::[01;31m[KIntensity[m[K>(
      |                                                    [01;31m[K^~~~~~~~~[m[K
[01m[K/home/paolo/light_sensor_plugin/src/light_sensor_custom/src/LightSensor.cc:[m[K In lambda function:
[01m[K/home/paolo/light_sensor_plugin/src/light_sensor_custom/src/LightSensor.cc:26:17:[m[K [01;35m[Kwarning: [m[Kno return statement in function returning non-void [[01;35m[K]8;;https://gcc.gnu.org/onlinedocs/gcc/Warning-Options.html#index-Wreturn-type-Wreturn-type]8;;[m[K]
   26 |                 [01;35m[K}[m[K);
      |                 [01;35m[K^[m[K
[01m[K/home/paolo/light_sensor_plugin/src/light_sensor_custom/src/LightSensor.cc:[m[K In member function ‘[01m[Kvirtual void custom_light_sensor::LightSensor::Configure(const Entity&, const std::shared_ptr<const sdf::v12::Element>&, ignition::gazebo::v6::EntityComponentManager&, ignition::gazebo::v6::EventManager&)[m[K’:
[01m[K/home/paolo/light_sensor_plugin/src/light_sensor_custom/src/LightSensor.cc:20:62:[m[K [01;31m[Kerror: [m[Kno matching function for call to ‘[01m[Kignition::gazebo::v6::EntityComponentManager::Each<<expression error> >(custom_light_sensor::LightSensor::Configure(const Entity&, const std::shared_ptr<const sdf::v12::Element>&, ignition::gazebo::v6::EntityComponentManager&, ignition::gazebo::v6::EventManager&)::<lambda(const Pose*)>)[m[K’
   20 |                 [01;31m[K_ecm.Each<ignition::gazebo::Light::Intensity>([m[K
      |                 [01;31m[K~~~~~~~~~~~~~~~~~~~~~~~~~~~~~~~~~~~~~~~~~~~~~^[m[K
   21 | [01;31m[K                        [&](const ignition::gazebo::components::Pose *_pose) -> bool[m[K
      |                         [01;31m[K~~~~~~~~~~~~~~~~~~~~~~~~~~~~~~~~~~~~~~~~~~~~~~~~~~~~~~~~~~~~[m[K
   22 | [01;31m[K                {[m[K
      |                 [01;31m[K~[m[K                                             
   23 | [01;31m[K                        ignition::math::Pose3d light_pose = _pose->Data();[m[K
      |                         [01;31m[K~~~~~~~~~~~~~~~~~~~~~~~~~~~~~~~~~~~~~~~~~~~~~~~~~~[m[K
   24 | [01;31m[K                        lightSourcesPoses.push_back(light_pose);[m[K
      |                         [01;31m[K~~~~~~~~~~~~~~~~~~~~~~~~~~~~~~~~~~~~~~~~[m[K
   25 | 
      |                                                               
   26 | [01;31m[K                })[m[K;
      |                 [01;31m[K~~[m[K                                            
In file included from [01m[K/usr/include/ignition/gazebo6/gz/sim/Light.hh:33[m[K,
                 from [01m[K/usr/include/ignition/gazebo6/ignition/gazebo/Light.hh:18[m[K,
                 from [01m[K/home/paolo/light_sensor_plugin/src/light_sensor_custom/src/LightSensor.cc:1[m[K:
[01m[K/usr/include/ignition/gazebo6/gz/sim/EntityComponentManager.hh:463:20:[m[K [01;36m[Knote: [m[Kcandidate: ‘[01m[Ktemplate<class ... ComponentTypeTs> void ignition::gazebo::v6::EntityComponentManager::Each(typename ignition::gazebo::v6::EntityComponentManager::identity<std::function<bool(const long unsigned int&, const ComponentTypeTs* ...)> >::type) const[m[K’
  463 |               void [01;36m[KEach[m[K(typename identity<std::function<
      |                    [01;36m[K^~~~[m[K
[01m[K/usr/include/ignition/gazebo6/gz/sim/EntityComponentManager.hh:463:20:[m[K [01;36m[Knote: [m[K  template argument deduction/substitution failed:
[01m[K/home/paolo/light_sensor_plugin/src/light_sensor_custom/src/LightSensor.cc:20:62:[m[K [01;31m[Kerror: [m[Ktemplate argument 1 is invalid
   20 |                 [01;31m[K_ecm.Each<ignition::gazebo::Light::Intensity>([m[K
      |                 [01;31m[K~~~~~~~~~~~~~~~~~~~~~~~~~~~~~~~~~~~~~~~~~~~~~^[m[K
   21 | [01;31m[K                        [&](const ignition::gazebo::components::Pose *_pose) -> bool[m[K
      |                         [01;31m[K~~~~~~~~~~~~~~~~~~~~~~~~~~~~~~~~~~~~~~~~~~~~~~~~~~~~~~~~~~~~[m[K
   22 | [01;31m[K                {[m[K
      |                 [01;31m[K~[m[K                                             
   23 | [01;31m[K                        ignition::math::Pose3d light_pose = _pose->Data();[m[K
      |                         [01;31m[K~~~~~~~~~~~~~~~~~~~~~~~~~~~~~~~~~~~~~~~~~~~~~~~~~~[m[K
   24 | [01;31m[K                        lightSourcesPoses.push_back(light_pose);[m[K
      |                         [01;31m[K~~~~~~~~~~~~~~~~~~~~~~~~~~~~~~~~~~~~~~~~[m[K
   25 | 
      |                                                               
   26 | [01;31m[K                })[m[K;
      |                 [01;31m[K~~[m[K                                            
In file included from [01m[K/usr/include/ignition/gazebo6/gz/sim/Light.hh:33[m[K,
                 from [01m[K/usr/include/ignition/gazebo6/ignition/gazebo/Light.hh:18[m[K,
                 from [01m[K/home/paolo/light_sensor_plugin/src/light_sensor_custom/src/LightSensor.cc:1[m[K:
[01m[K/usr/include/ignition/gazebo6/gz/sim/EntityComponentManager.hh:480:20:[m[K [01;36m[Knote: [m[Kcandidate: ‘[01m[Ktemplate<class ... ComponentTypeTs> void ignition::gazebo::v6::EntityComponentManager::Each(typename ignition::gazebo::v6::EntityComponentManager::identity<std::function<bool(const long unsigned int&, ComponentTypeTs* ...)> >::type)[m[K’
  480 |               void [01;36m[KEach[m[K(typename identity<std::function<
      |                    [01;36m[K^~~~[m[K
[01m[K/usr/include/ignition/gazebo6/gz/sim/EntityComponentManager.hh:480:20:[m[K [01;36m[Knote: [m[K  template argument deduction/substitution failed:
[01m[K/home/paolo/light_sensor_plugin/src/light_sensor_custom/src/LightSensor.cc:20:62:[m[K [01;31m[Kerror: [m[Ktemplate argument 1 is invalid
   20 |                 [01;31m[K_ecm.Each<ignition::gazebo::Light::Intensity>([m[K
      |                 [01;31m[K~~~~~~~~~~~~~~~~~~~~~~~~~~~~~~~~~~~~~~~~~~~~~^[m[K
   21 | [01;31m[K                        [&](const ignition::gazebo::components::Pose *_pose) -> bool[m[K
      |                         [01;31m[K~~~~~~~~~~~~~~~~~~~~~~~~~~~~~~~~~~~~~~~~~~~~~~~~~~~~~~~~~~~~[m[K
   22 | [01;31m[K                {[m[K
      |                 [01;31m[K~[m[K                                             
   23 | [01;31m[K                        ignition::math::Pose3d light_pose = _pose->Data();[m[K
      |                         [01;31m[K~~~~~~~~~~~~~~~~~~~~~~~~~~~~~~~~~~~~~~~~~~~~~~~~~~[m[K
   24 | [01;31m[K                        lightSourcesPoses.push_back(light_pose);[m[K
      |                         [01;31m[K~~~~~~~~~~~~~~~~~~~~~~~~~~~~~~~~~~~~~~~~[m[K
   25 | 
      |                                                               
   26 | [01;31m[K                })[m[K;
      |                 [01;31m[K~~[m[K                                            
[01m[K/home/paolo/light_sensor_plugin/src/light_sensor_custom/src/LightSensor.cc:[m[K In member function ‘[01m[Kvirtual void custom_light_sensor::LightSensor::PostUpdate(const ignition::gazebo::v6::UpdateInfo&, const ignition::gazebo::v6::EntityComponentManager&)[m[K’:
[01m[K/home/paolo/light_sensor_plugin/src/light_sensor_custom/src/LightSensor.cc:51:44:[m[K [01;31m[Kerror: [m[Kno match for ‘[01m[Koperator+=[m[K’ (operand types are ‘[01m[Kdouble[m[K’ and ‘[01m[Kconst ignition::math::v6::Pose3<double>[m[K’)
   51 |                                 [01;31m[Klight_value+=pose[m[K;
      |                                 [01;31m[K~~~~~~~~~~~^~~~~~[m[K
In file included from [01m[K/usr/include/x86_64-linux-gnu/qt5/QtCore/QtCore:227[m[K,
                 from [01m[K/usr/include/ignition/gui6/gz/gui/qt.h:25[m[K,
                 from [01m[K/usr/include/ignition/gui6/gz/gui/Application.hh:25[m[K,
                 from [01m[K/usr/include/ignition/gazebo6/gz/sim/gui/Gui.hh:23[m[K,
                 from [01m[K/usr/include/ignition/gazebo6/gz/gazebo.hh:139[m[K,
                 from [01m[K/usr/include/ignition/gazebo6/gz/sim.hh:27[m[K,
                 from [01m[K/usr/include/ignition/gazebo6/ignition/gazebo.hh:18[m[K,
                 from [01m[K/home/paolo/light_sensor_plugin/src/light_sensor_custom/src/LightSensor.cc:4[m[K:
[01m[K/usr/include/x86_64-linux-gnu/qt5/QtCore/qstringbuilder.h:474:13:[m[K [01;36m[Knote: [m[Kcandidate: ‘[01m[Ktemplate<class A, class B> QByteArray& operator+=(QByteArray&, const QStringBuilder<A, B>&)[m[K’
  474 | QByteArray &[01;36m[Koperator[m[K+=(QByteArray &a, const QStringBuilder<A, B> &b)
      |             [01;36m[K^~~~~~~~[m[K
[01m[K/usr/include/x86_64-linux-gnu/qt5/QtCore/qstringbuilder.h:474:13:[m[K [01;36m[Knote: [m[K  template argument deduction/substitution failed:
[01m[K/home/paolo/light_sensor_plugin/src/light_sensor_custom/src/LightSensor.cc:51:46:[m[K [01;36m[Knote: [m[K  ‘[01m[Kconst ignition::math::v6::Pose3<double>[m[K’ is not derived from ‘[01m[Kconst QStringBuilder<A, B>[m[K’
   51 |                                 light_value+=[01;36m[Kpose[m[K;
      |                                              [01;36m[K^~~~[m[K
In file included from [01m[K/usr/include/x86_64-linux-gnu/qt5/QtCore/QtCore:227[m[K,
                 from [01m[K/usr/include/ignition/gui6/gz/gui/qt.h:25[m[K,
                 from [01m[K/usr/include/ignition/gui6/gz/gui/Application.hh:25[m[K,
                 from [01m[K/usr/include/ignition/gazebo6/gz/sim/gui/Gui.hh:23[m[K,
                 from [01m[K/usr/include/ignition/gazebo6/gz/gazebo.hh:139[m[K,
                 from [01m[K/usr/include/ignition/gazebo6/gz/sim.hh:27[m[K,
                 from [01m[K/usr/include/ignition/gazebo6/ignition/gazebo.hh:18[m[K,
                 from [01m[K/home/paolo/light_sensor_plugin/src/light_sensor_custom/src/LightSensor.cc:4[m[K:
[01m[K/usr/include/x86_64-linux-gnu/qt5/QtCore/qstringbuilder.h:481:10:[m[K [01;36m[Knote: [m[Kcandidate: ‘[01m[Ktemplate<class A, class B> QString& operator+=(QString&, const QStringBuilder<A, B>&)[m[K’
  481 | QString &[01;36m[Koperator[m[K+=(QString &a, const QStringBuilder<A, B> &b)
      |          [01;36m[K^~~~~~~~[m[K
[01m[K/usr/include/x86_64-linux-gnu/qt5/QtCore/qstringbuilder.h:481:10:[m[K [01;36m[Knote: [m[K  template argument deduction/substitution failed:
[01m[K/home/paolo/light_sensor_plugin/src/light_sensor_custom/src/LightSensor.cc:51:46:[m[K [01;36m[Knote: [m[K  ‘[01m[Kconst ignition::math::v6::Pose3<double>[m[K’ is not derived from ‘[01m[Kconst QStringBuilder<A, B>[m[K’
   51 |                                 light_value+=[01;36m[Kpose[m[K;
      |                                              [01;36m[K^~~~[m[K
In file included from [01m[K/usr/include/x86_64-linux-gnu/qt5/QtCore/qcborstreamreader.h:45[m[K,
                 from [01m[K/usr/include/x86_64-linux-gnu/qt5/QtCore/qcborstream.h:47[m[K,
                 from [01m[K/usr/include/x86_64-linux-gnu/qt5/QtCore/QtCore:41[m[K,
                 from [01m[K/usr/include/ignition/gui6/gz/gui/qt.h:25[m[K,
                 from [01m[K/usr/include/ignition/gui6/gz/gui/Application.hh:25[m[K,
                 from [01m[K/usr/include/ignition/gazebo6/gz/sim/gui/Gui.hh:23[m[K,
                 from [01m[K/usr/include/ignition/gazebo6/gz/gazebo.hh:139[m[K,
                 from [01m[K/usr/include/ignition/gazebo6/gz/sim.hh:27[m[K,
                 from [01m[K/usr/include/ignition/gazebo6/ignition/gazebo.hh:18[m[K,
                 from [01m[K/home/paolo/light_sensor_plugin/src/light_sensor_custom/src/LightSensor.cc:4[m[K:
[01m[K/usr/include/x86_64-linux-gnu/qt5/QtCore/qfloat16.h:230:1:[m[K [01;36m[Knote: [m[Kcandidate: ‘[01m[Kqfloat16& operator+=(qfloat16&, long double)[m[K’
  230 | [01;36m[KQF16_MAKE_ARITH_OP[m[K(long double)
      | [01;36m[K^~~~~~~~~~~~~~~~~~[m[K
[01m[K/usr/include/x86_64-linux-gnu/qt5/QtCore/qfloat16.h:230:1:[m[K [01;36m[Knote: [m[K  no known conversion for argument 2 from ‘[01m[Kconst ignition::math::v6::Pose3<double>[m[K’ to ‘[01m[Klong double[m[K’
  230 | [01;36m[KQ[m[KF16_MAKE_ARITH_OP(long double)
      | [01;36m[K^[m[K
[01m[K/usr/include/x86_64-linux-gnu/qt5/QtCore/qfloat16.h:231:1:[m[K [01;36m[Knote: [m[Kcandidate: ‘[01m[Kqfloat16& operator+=(qfloat16&, double)[m[K’
  231 | [01;36m[KQF16_MAKE_ARITH_OP[m[K(double)
      | [01;36m[K^~~~~~~~~~~~~~~~~~[m[K
[01m[K/usr/include/x86_64-linux-gnu/qt5/QtCore/qfloat16.h:231:1:[m[K [01;36m[Knote: [m[K  no known conversion for argument 2 from ‘[01m[Kconst ignition::math::v6::Pose3<double>[m[K’ to ‘[01m[Kdouble[m[K’
  231 | [01;36m[KQ[m[KF16_MAKE_ARITH_OP(double)
      | [01;36m[K^[m[K
[01m[K/usr/include/x86_64-linux-gnu/qt5/QtCore/qfloat16.h:232:1:[m[K [01;36m[Knote: [m[Kcandidate: ‘[01m[Kqfloat16& operator+=(qfloat16&, float)[m[K’
  232 | [01;36m[KQF16_MAKE_ARITH_OP[m[K(float)
      | [01;36m[K^~~~~~~~~~~~~~~~~~[m[K
[01m[K/usr/include/x86_64-linux-gnu/qt5/QtCore/qfloat16.h:232:1:[m[K [01;36m[Knote: [m[K  no known conversion for argument 2 from ‘[01m[Kconst ignition::math::v6::Pose3<double>[m[K’ to ‘[01m[Kfloat[m[K’
  232 | [01;36m[KQ[m[KF16_MAKE_ARITH_OP(float)
      | [01;36m[K^[m[K
[01m[K/home/paolo/light_sensor_plugin/src/light_sensor_custom/src/LightSensor.cc:63:68:[m[K [01;31m[Kerror: [m[K‘[01m[Kclass custom_light_sensor::LightSensor[m[K’ has no member named ‘[01m[Kentity[m[K’
   63 |                          ignition::gazebo::scopedName(this->[01;31m[Kentity[m[K, _ecm, "::", false), "::");
      |                                                             [01;31m[K^~~~~~[m[K

[01m[K/home/paolo/light_sensor_plugin/src/light_sensor_custom/src/LightSensor.cc:[m[K At global scope:
[01m[K/home/paolo/light_sensor_plugin/src/light_sensor_custom/src/LightSensor.cc:76:40:[m[K [01;31m[Kerror: [m[Kexpected constructor, destructor, or type conversion at end of input
   76 |         LightSensor::ISystemPostUpdate)
      |                                        [01;31m[K^[m[K
gmake[2]: *** [CMakeFiles/LightSensor.dir/build.make:76: CMakeFiles/LightSensor.dir/src/LightSensor.cc.o] Error 1
gmake[1]: *** [CMakeFiles/Makefile2:137: CMakeFiles/LightSensor.dir/all] Error 2
gmake: *** [Makefile:146: all] Error 2
