[0.105s] Invoking command in '/home/paolo/light_sensor_plugin/build/light_sensor_plugin': /usr/bin/cmake /home/paolo/light_sensor_plugin -DCMAKE_INSTALL_PREFIX=/home/paolo/light_sensor_plugin/install
[0.159s] -- The C compiler identification is GNU 11.4.0
[0.212s] -- The CXX compiler identification is GNU 11.4.0
[0.219s] -- Detecting C compiler ABI info
[0.286s] -- Detecting C compiler ABI info - done
[0.293s] -- Check for working C compiler: /usr/bin/cc - skipped
[0.293s] -- Detecting C compile features
[0.293s] -- Detecting C compile features - done
[0.296s] -- Detecting CXX compiler ABI info
[0.371s] -- Detecting CXX compiler ABI info - done
[0.379s] -- Check for working CXX compiler: /usr/bin/c++ - skipped
[0.379s] -- Detecting CXX compile features
[0.380s] -- Detecting CXX compile features - done
[0.384s] -- Found ament_cmake: 1.3.7 (/opt/ros/humble/share/ament_cmake/cmake)
[0.560s] -- Found Python3: /usr/bin/python3.10 (found version "3.10.12") found components: Interpreter 
[0.673s] -- Looking for ignition-math6 -- found version 6.15.1
[0.681s] -- Searching for dependencies of ignition-math6
[0.685s] -- Looking for ignition-msgs8 -- found version 8.7.0
[0.685s] -- Searching for dependencies of ignition-msgs8
[0.864s] -- Found Protobuf: /usr/lib/x86_64-linux-gnu/libprotobuf.so (found suitable version "3.12.4", minimum required is "3") 
[0.865s] -- Looking for ignition-math6 -- found version 6.15.1
[0.870s] -- Checking for module 'tinyxml2'
[0.883s] --   Found tinyxml2, version 9.0.0
[0.916s] -- Looking for ignition-transport11 -- found version 11.4.1
[0.916s] -- Searching for dependencies of ignition-transport11
[0.936s] -- Found Protobuf: /usr/lib/x86_64-linux-gnu/libprotobuf.so (found version "3.12.4") 
[0.949s] -- Config-file not installed for ZeroMQ -- checking for pkg-config
[0.954s] -- Checking for module 'libzmq >= 4'
[0.966s] --   Found libzmq , version 4.3.4
[0.999s] -- Found ZeroMQ: TRUE (Required is at least version "4") 
[1.004s] -- Checking for module 'uuid'
[1.016s] --   Found uuid, version 2.37.2
[1.049s] -- Found UUID: TRUE  
[1.053s] -- Looking for ignition-utils1 -- found version 1.5.1
[1.054s] -- Searching for dependencies of ignition-utils1
[1.054s] -- Searching for <ignition-utils1> component [cli]
[1.058s] -- Looking for ignition-utils1-cli -- found version 1.5.1
[1.059s] -- Searching for dependencies of ignition-utils1-cli
[1.060s] -- Looking for ignition-msgs8 -- found version 8.7.0
[1.064s] -- Looking for ignition-plugin1 -- found version 1.4.0
[1.065s] -- Searching for dependencies of ignition-plugin1
[1.065s] -- Searching for <ignition-plugin1> component [loader]
[1.069s] -- Looking for ignition-plugin1-loader -- found version 1.4.0
[1.070s] -- Searching for dependencies of ignition-plugin1-loader
[1.070s] -- Searching for <ignition-plugin1> component [register]
[1.074s] -- Looking for ignition-plugin1-register -- found version 1.4.0
[1.075s] -- Searching for dependencies of ignition-plugin1-register
[1.079s] -- Looking for ignition-sensors6 -- found version 6.8.0
[1.079s] -- Searching for dependencies of ignition-sensors6
[1.100s] -- Looking for ignition-math6 -- found version 6.15.1
[1.104s] -- Looking for ignition-common4 -- found version 4.7.0
[1.104s] -- Searching for dependencies of ignition-common4
[1.105s] -- Looking for dlfcn.h - found
[1.105s] -- Looking for libdl - found
[1.107s] -- Found DL: TRUE  
[1.118s] -- Searching for <ignition-common4> component [profiler]
[1.122s] -- Looking for ignition-common4-profiler -- found version 4.7.0
[1.122s] -- Searching for dependencies of ignition-common4-profiler
[1.123s] -- Looking for ignition-transport11 -- found version 11.4.1
[1.128s] -- Looking for ignition-rendering6 -- found version 6.6.3
[1.128s] -- Searching for dependencies of ignition-rendering6
[1.129s] -- Looking for ignition-math6 -- found version 6.15.1
[1.129s] -- Searching for dependencies of ignition-math6
[1.129s] -- Searching for <ignition-math6> component [eigen3]
[1.134s] -- Looking for ignition-math6-eigen3 -- found version 6.15.1
[1.135s] -- Searching for dependencies of ignition-math6-eigen3
[1.145s] -- Looking for ignition-common4 -- found version 4.7.0
[1.145s] -- Searching for dependencies of ignition-common4
[1.145s] -- Looking for dlfcn.h - found
[1.146s] -- Looking for libdl - found
[1.156s] -- Searching for <ignition-common4> component [graphics]
[1.160s] -- Looking for ignition-common4-graphics -- found version 4.7.0
[1.161s] -- Searching for dependencies of ignition-common4-graphics
[1.162s] -- Looking for ignition-math6 -- found version 6.15.1
[1.162s] -- Looking for ignition-utils1 -- found version 1.5.1
[1.163s] -- Searching for <ignition-common4> component [events]
[1.167s] -- Looking for ignition-common4-events -- found version 4.7.0
[1.168s] -- Searching for dependencies of ignition-common4-events
[1.168s] -- Looking for ignition-math6 -- found version 6.15.1
[1.169s] -- Looking for ignition-plugin1 -- found version 1.4.0
[1.170s] -- Searching for dependencies of ignition-plugin1
[1.170s] -- Searching for <ignition-plugin1> component [all]
[1.175s] -- Looking for all libraries of ignition-plugin1 -- found version 1.4.0
[1.175s] -- Looking for ignition-plugin1 -- found version 1.4.0
[1.178s] -- Looking for ignition-msgs8 -- found version 8.7.0
[1.182s] -- Looking for sdformat12 -- found version 12.7.2
[1.182s] -- Searching for dependencies of sdformat12
[1.189s] -- Looking for ignition-math6 -- found version 6.15.1
[1.190s] -- Looking for ignition-utils1 -- found version 1.5.1
[1.195s] -- Looking for ignition-gazebo6 -- found version 6.16.0
[1.195s] -- Searching for dependencies of ignition-gazebo6
[1.196s] -- Looking for sdformat12 -- found version 12.7.2
[1.196s] -- Looking for ignition-plugin1 -- found version 1.4.0
[1.197s] -- Looking for ignition-transport11 -- found version 11.4.1
[1.198s] -- Searching for dependencies of ignition-transport11
[1.232s] -- Config-file not installed for ZeroMQ -- checking for pkg-config
[1.236s] -- Checking for module 'libzmq >= 4'
[1.250s] --   Found libzmq , version 4.3.4
[1.291s] -- Looking for ignition-utils1 -- found version 1.5.1
[1.291s] -- Looking for ignition-msgs8 -- found version 8.7.0
[1.291s] -- Searching for <ignition-transport11> component [log]
[1.296s] -- Looking for ignition-transport11-log -- found version 11.4.1
[1.296s] -- Searching for dependencies of ignition-transport11-log
[1.297s] -- Searching for <ignition-transport11> component [parameters]
[1.301s] -- Looking for ignition-transport11-parameters -- found version 11.4.1
[1.302s] -- Searching for dependencies of ignition-transport11-parameters
[1.303s] -- Looking for ignition-msgs8 -- found version 8.7.0
[1.303s] -- Looking for ignition-common4 -- found version 4.7.0
[1.304s] -- Searching for dependencies of ignition-common4
[1.304s] -- Looking for dlfcn.h - found
[1.304s] -- Looking for libdl - found
[1.313s] -- Searching for <ignition-common4> component [profiler]
[1.313s] -- Searching for <ignition-common4> component [events]
[1.314s] -- Searching for <ignition-common4> component [av]
[1.318s] -- Looking for ignition-common4-av -- found version 4.7.0
[1.319s] -- Searching for dependencies of ignition-common4-av
[1.324s] -- Checking for module 'libswscale'
[1.337s] --   Found libswscale, version 5.9.100
[1.369s] -- Found SWSCALE: TRUE  
[1.373s] -- Checking for module 'libavdevice >= 56.4.100'
[1.386s] --   Found libavdevice , version 58.13.100
[1.421s] -- Found AVDEVICE: TRUE (Required is at least version "56.4.100") 
[1.427s] -- Checking for module 'libavformat'
[1.442s] --   Found libavformat, version 58.76.100
[1.477s] -- Found AVFORMAT: TRUE  
[1.482s] -- Checking for module 'libavcodec'
[1.497s] --   Found libavcodec, version 58.134.100
[1.529s] -- Found AVCODEC: TRUE  
[1.534s] -- Checking for module 'libavutil'
[1.548s] --   Found libavutil, version 56.70.100
[1.581s] -- Found AVUTIL: TRUE  
[1.586s] -- Looking for ignition-fuel_tools7 -- found version 7.3.0
[1.586s] -- Searching for dependencies of ignition-fuel_tools7
[1.663s] -- Found CURL: /usr/lib/x86_64-linux-gnu/libcurl.so (found version "7.81.0")  
[1.673s] -- Checking for module 'jsoncpp'
[1.686s] --   Found jsoncpp, version 1.9.5
[1.716s] -- Found JSONCPP: TRUE  
[1.724s] -- Checking for module 'libzip'
[1.737s] --   Found libzip, version 1.7.3
[1.768s] -- Found ZIP: TRUE  
[1.769s] -- Looking for ignition-common4 -- found version 4.7.0
[1.769s] -- Looking for ignition-math6 -- found version 6.15.1
[1.770s] -- Looking for ignition-msgs8 -- found version 8.7.0
[1.775s] -- Looking for ignition-gui6 -- found version 6.8.0
[1.775s] -- Searching for dependencies of ignition-gui6
[1.795s] -- Found Protobuf: /usr/lib/x86_64-linux-gnu/libprotobuf.so (found suitable version "3.12.4", minimum required is "3") 
[1.802s] -- Looking for ignition-math6 -- found version 6.15.1
[1.803s] -- Looking for ignition-common4 -- found version 4.7.0
[1.804s] -- Looking for ignition-plugin1 -- found version 1.4.0
[1.804s] -- Looking for ignition-transport11 -- found version 11.4.1
[1.805s] -- Looking for ignition-rendering6 -- found version 6.6.3
[1.805s] -- Looking for ignition-msgs8 -- found version 8.7.0
[1.828s] -- Looking for ignition-physics5 -- found version 5.3.2
[1.829s] -- Searching for dependencies of ignition-physics5
[1.830s] -- Looking for ignition-math6 -- found version 6.15.1
[1.830s] -- Looking for ignition-plugin1 -- found version 1.4.0
[1.831s] -- Looking for ignition-utils1 -- found version 1.5.1
[1.832s] -- Searching for <ignition-physics5> component [heightmap]
[1.836s] -- Looking for ignition-physics5-heightmap -- found version 5.3.2
[1.837s] -- Searching for dependencies of ignition-physics5-heightmap
[1.837s] -- Looking for ignition-common4 -- found version 4.7.0
[1.838s] -- Searching for <ignition-physics5> component [mesh]
[1.842s] -- Looking for ignition-physics5-mesh -- found version 5.3.2
[1.843s] -- Searching for dependencies of ignition-physics5-mesh
[1.843s] -- Looking for ignition-common4 -- found version 4.7.0
[1.844s] -- Searching for <ignition-physics5> component [sdf]
[1.848s] -- Looking for ignition-physics5-sdf -- found version 5.3.2
[1.848s] -- Searching for dependencies of ignition-physics5-sdf
[1.849s] -- Looking for sdformat12 -- found version 12.7.2
[1.850s] -- Looking for ignition-sensors6 -- found version 6.8.0
[1.850s] -- Searching for dependencies of ignition-sensors6
[1.870s] -- Found Protobuf: /usr/lib/x86_64-linux-gnu/libprotobuf.so (found version "3.12.4") 
[1.871s] -- Looking for ignition-math6 -- found version 6.15.1
[1.871s] -- Looking for ignition-common4 -- found version 4.7.0
[1.872s] -- Looking for ignition-transport11 -- found version 11.4.1
[1.872s] -- Looking for ignition-rendering6 -- found version 6.6.3
[1.873s] -- Looking for ignition-msgs8 -- found version 8.7.0
[1.874s] -- Looking for sdformat12 -- found version 12.7.2
[1.874s] -- Searching for <ignition-sensors6> component [air_pressure]
[1.878s] -- Looking for ignition-sensors6-air_pressure -- found version 6.8.0
[1.878s] -- Searching for dependencies of ignition-sensors6-air_pressure
[1.879s] -- Searching for <ignition-sensors6> component [altimeter]
[1.883s] -- Looking for ignition-sensors6-altimeter -- found version 6.8.0
[1.884s] -- Searching for dependencies of ignition-sensors6-altimeter
[1.884s] -- Searching for <ignition-sensors6> component [imu]
[1.888s] -- Looking for ignition-sensors6-imu -- found version 6.8.0
[1.889s] -- Searching for dependencies of ignition-sensors6-imu
[1.889s] -- Searching for <ignition-sensors6> component [force_torque]
[1.893s] -- Looking for ignition-sensors6-force_torque -- found version 6.8.0
[1.894s] -- Searching for dependencies of ignition-sensors6-force_torque
[1.894s] -- Searching for <ignition-sensors6> component [logical_camera]
[1.898s] -- Looking for ignition-sensors6-logical_camera -- found version 6.8.0
[1.899s] -- Searching for dependencies of ignition-sensors6-logical_camera
[1.899s] -- Searching for <ignition-sensors6> component [magnetometer]
[1.903s] -- Looking for ignition-sensors6-magnetometer -- found version 6.8.0
[1.904s] -- Searching for dependencies of ignition-sensors6-magnetometer
[1.904s] -- Searching for <ignition-sensors6> component [navsat]
[1.908s] -- Looking for ignition-sensors6-navsat -- found version 6.8.0
[1.909s] -- Searching for dependencies of ignition-sensors6-navsat
[1.909s] -- Searching for <ignition-sensors6> component [rendering]
[1.913s] -- Looking for ignition-sensors6-rendering -- found version 6.8.0
[1.914s] -- Searching for dependencies of ignition-sensors6-rendering
[1.914s] -- Searching for <ignition-sensors6> component [lidar]
[1.919s] -- Looking for ignition-sensors6-lidar -- found version 6.8.0
[1.919s] -- Searching for dependencies of ignition-sensors6-lidar
[1.920s] -- Looking for ignition-sensors6 -- found version 6.8.0
[1.920s] -- Searching for <ignition-sensors6> component [gpu_lidar]
[1.924s] -- Looking for ignition-sensors6-gpu_lidar -- found version 6.8.0
[1.925s] -- Searching for dependencies of ignition-sensors6-gpu_lidar
[1.925s] -- Looking for ignition-sensors6 -- found version 6.8.0
[1.926s] -- Searching for <ignition-sensors6> component [camera]
[1.931s] -- Looking for ignition-sensors6-camera -- found version 6.8.0
[1.931s] -- Searching for dependencies of ignition-sensors6-camera
[1.932s] -- Looking for ignition-sensors6 -- found version 6.8.0
[1.932s] -- Searching for <ignition-sensors6> component [boundingbox_camera]
[1.936s] -- Looking for ignition-sensors6-boundingbox_camera -- found version 6.8.0
[1.937s] -- Searching for dependencies of ignition-sensors6-boundingbox_camera
[1.937s] -- Searching for <ignition-sensors6> component [segmentation_camera]
[1.942s] -- Looking for ignition-sensors6-segmentation_camera -- found version 6.8.0
[1.942s] -- Searching for dependencies of ignition-sensors6-segmentation_camera
[1.943s] -- Searching for <ignition-sensors6> component [depth_camera]
[1.947s] -- Looking for ignition-sensors6-depth_camera -- found version 6.8.0
[1.947s] -- Searching for dependencies of ignition-sensors6-depth_camera
[1.948s] -- Looking for ignition-sensors6 -- found version 6.8.0
[1.948s] -- Searching for <ignition-sensors6> component [rgbd_camera]
[1.952s] -- Looking for ignition-sensors6-rgbd_camera -- found version 6.8.0
[1.953s] -- Searching for dependencies of ignition-sensors6-rgbd_camera
[1.953s] -- Looking for ignition-sensors6 -- found version 6.8.0
[1.954s] -- Searching for <ignition-sensors6> component [thermal_camera]
[1.958s] -- Looking for ignition-sensors6-thermal_camera -- found version 6.8.0
[1.959s] -- Searching for dependencies of ignition-sensors6-thermal_camera
[1.959s] -- Looking for ignition-sensors6 -- found version 6.8.0
[1.960s] -- Looking for ignition-rendering6 -- found version 6.6.3
[1.961s] -- Looking for ignition-math6 -- found version 6.15.1
[1.965s] -- Looking for ignition-utils1 -- found version 1.5.1
[1.999s] [31mCMake Error at CMakeLists.txt:18 (find_package):
[1.999s]   By not providing "Findradar_msgs.cmake" in CMAKE_MODULE_PATH this project
[1.999s]   has asked CMake to find a package configuration file provided by
[1.999s]   "radar_msgs", but CMake did not find one.
[2.000s] 
[2.000s]   Could not find a package configuration file provided by "radar_msgs" with
[2.000s]   any of the following names:
[2.000s] 
[2.000s]     radar_msgsConfig.cmake
[2.000s]     radar_msgs-config.cmake
[2.000s] 
[2.000s]   Add the installation prefix of "radar_msgs" to CMAKE_PREFIX_PATH or set
[2.000s]   "radar_msgs_DIR" to a directory containing one of the above files.  If
[2.000s]   "radar_msgs" provides a separate development package or SDK, be sure it has
[2.001s]   been installed.
[2.001s] 
[2.001s] [0m
[2.001s] -- Configuring incomplete, errors occurred!
[2.001s] See also "/home/paolo/light_sensor_plugin/build/light_sensor_plugin/CMakeFiles/CMakeOutput.log".
[2.010s] Invoked command in '/home/paolo/light_sensor_plugin/build/light_sensor_plugin' returned '1': /usr/bin/cmake /home/paolo/light_sensor_plugin -DCMAKE_INSTALL_PREFIX=/home/paolo/light_sensor_plugin/install
