[0.109s] Invoking command in '/home/paolo/light_sensor_plugin/build/light_sensor': CMAKE_PREFIX_PATH=${CMAKE_PREFIX_PATH}:/home/paolo/turtlebot4_controller_ws/install/turtlebot4_controller:/opt/ros/humble /usr/bin/cmake --build /home/paolo/light_sensor_plugin/build/light_sensor -- -j8 -l8
[0.164s] [35m[1mConsolidate compiler generated dependencies of target LightSensor[0m
[0.196s] [ 50%] [32mBuilding CXX object CMakeFiles/LightSensor.dir/src/LightSensor.cc.o[0m
[7.362s] [01m[K/home/paolo/light_sensor_plugin/src/light_sensor_custom/src/LightSensor.cc:[m[K In member function ‘[01m[Kvirtual void custom_light_sensor::LightSensor::Configure(const Entity&, const std::shared_ptr<const sdf::v12::Element>&, ignition::gazebo::v6::EntityComponentManager&, ignition::gazebo::v6::EventManager&)[m[K’:
[7.362s] [01m[K/home/paolo/light_sensor_plugin/src/light_sensor_custom/src/LightSensor.cc:22:52:[m[K [01;31m[Kerror: [m[Kinvalid use of non-static member function ‘[01m[Kstd::optional<double> ignition::gazebo::v6::Light::Intensity(const ignition::gazebo::v6::EntityComponentManager&) const[m[K’
[7.362s]    22 |                 _ecm.Each<ignition::gazebo::Light::[01;31m[KIntensity[m[K>(
[7.362s]       |                                                    [01;31m[K^~~~~~~~~[m[K
[7.363s] [01m[K/home/paolo/light_sensor_plugin/src/light_sensor_custom/src/LightSensor.cc:[m[K In lambda function:
[7.363s] [01m[K/home/paolo/light_sensor_plugin/src/light_sensor_custom/src/LightSensor.cc:28:17:[m[K [01;35m[Kwarning: [m[Kno return statement in function returning non-void [[01;35m[K]8;;https://gcc.gnu.org/onlinedocs/gcc/Warning-Options.html#index-Wreturn-type-Wreturn-type]8;;[m[K]
[7.363s]    28 |                 [01;35m[K}[m[K);
[7.363s]       |                 [01;35m[K^[m[K
[7.363s] [01m[K/home/paolo/light_sensor_plugin/src/light_sensor_custom/src/LightSensor.cc:[m[K In member function ‘[01m[Kvirtual void custom_light_sensor::LightSensor::Configure(const Entity&, const std::shared_ptr<const sdf::v12::Element>&, ignition::gazebo::v6::EntityComponentManager&, ignition::gazebo::v6::EventManager&)[m[K’:
[7.363s] [01m[K/home/paolo/light_sensor_plugin/src/light_sensor_custom/src/LightSensor.cc:22:62:[m[K [01;31m[Kerror: [m[Kno matching function for call to ‘[01m[Kignition::gazebo::v6::EntityComponentManager::Each<<expression error> >(custom_light_sensor::LightSensor::Configure(const Entity&, const std::shared_ptr<const sdf::v12::Element>&, ignition::gazebo::v6::EntityComponentManager&, ignition::gazebo::v6::EventManager&)::<lambda(const Pose*)>)[m[K’
[7.363s]    22 |                 [01;31m[K_ecm.Each<ignition::gazebo::Light::Intensity>([m[K
[7.363s]       |                 [01;31m[K~~~~~~~~~~~~~~~~~~~~~~~~~~~~~~~~~~~~~~~~~~~~~^[m[K
[7.363s]    23 | [01;31m[K                        [&](const ignition::gazebo::components::Pose *_pose) -> bool[m[K
[7.364s]       |                         [01;31m[K~~~~~~~~~~~~~~~~~~~~~~~~~~~~~~~~~~~~~~~~~~~~~~~~~~~~~~~~~~~~[m[K
[7.364s]    24 | [01;31m[K                {[m[K
[7.364s]       |                 [01;31m[K~[m[K                                             
[7.364s]    25 | [01;31m[K                        ignition::math::Pose3d light_pose = _pose->Data();[m[K
[7.364s]       |                         [01;31m[K~~~~~~~~~~~~~~~~~~~~~~~~~~~~~~~~~~~~~~~~~~~~~~~~~~[m[K
[7.364s]    26 | [01;31m[K                        lightSourcesPoses.push_back(light_pose);[m[K
[7.364s]       |                         [01;31m[K~~~~~~~~~~~~~~~~~~~~~~~~~~~~~~~~~~~~~~~~[m[K
[7.364s]    27 | 
[7.364s]       |                                                               
[7.364s]    28 | [01;31m[K                })[m[K;
[7.365s]       |                 [01;31m[K~~[m[K                                            
[7.365s] In file included from [01m[K/usr/include/ignition/gazebo6/gz/sim/Light.hh:33[m[K,
[7.365s]                  from [01m[K/usr/include/ignition/gazebo6/ignition/gazebo/Light.hh:18[m[K,
[7.365s]                  from [01m[K/home/paolo/light_sensor_plugin/src/light_sensor_custom/src/LightSensor.cc:1[m[K:
[7.365s] [01m[K/usr/include/ignition/gazebo6/gz/sim/EntityComponentManager.hh:463:20:[m[K [01;36m[Knote: [m[Kcandidate: ‘[01m[Ktemplate<class ... ComponentTypeTs> void ignition::gazebo::v6::EntityComponentManager::Each(typename ignition::gazebo::v6::EntityComponentManager::identity<std::function<bool(const long unsigned int&, const ComponentTypeTs* ...)> >::type) const[m[K’
[7.365s]   463 |               void [01;36m[KEach[m[K(typename identity<std::function<
[7.365s]       |                    [01;36m[K^~~~[m[K
[7.365s] [01m[K/usr/include/ignition/gazebo6/gz/sim/EntityComponentManager.hh:463:20:[m[K [01;36m[Knote: [m[K  template argument deduction/substitution failed:
[7.365s] [01m[K/home/paolo/light_sensor_plugin/src/light_sensor_custom/src/LightSensor.cc:22:62:[m[K [01;31m[Kerror: [m[Ktemplate argument 1 is invalid
[7.365s]    22 |                 [01;31m[K_ecm.Each<ignition::gazebo::Light::Intensity>([m[K
[7.366s]       |                 [01;31m[K~~~~~~~~~~~~~~~~~~~~~~~~~~~~~~~~~~~~~~~~~~~~~^[m[K
[7.366s]    23 | [01;31m[K                        [&](const ignition::gazebo::components::Pose *_pose) -> bool[m[K
[7.366s]       |                         [01;31m[K~~~~~~~~~~~~~~~~~~~~~~~~~~~~~~~~~~~~~~~~~~~~~~~~~~~~~~~~~~~~[m[K
[7.366s]    24 | [01;31m[K                {[m[K
[7.366s]       |                 [01;31m[K~[m[K                                             
[7.366s]    25 | [01;31m[K                        ignition::math::Pose3d light_pose = _pose->Data();[m[K
[7.366s]       |                         [01;31m[K~~~~~~~~~~~~~~~~~~~~~~~~~~~~~~~~~~~~~~~~~~~~~~~~~~[m[K
[7.366s]    26 | [01;31m[K                        lightSourcesPoses.push_back(light_pose);[m[K
[7.366s]       |                         [01;31m[K~~~~~~~~~~~~~~~~~~~~~~~~~~~~~~~~~~~~~~~~[m[K
[7.366s]    27 | 
[7.366s]       |                                                               
[7.366s]    28 | [01;31m[K                })[m[K;
[7.366s]       |                 [01;31m[K~~[m[K                                            
[7.366s] In file included from [01m[K/usr/include/ignition/gazebo6/gz/sim/Light.hh:33[m[K,
[7.366s]                  from [01m[K/usr/include/ignition/gazebo6/ignition/gazebo/Light.hh:18[m[K,
[7.367s]                  from [01m[K/home/paolo/light_sensor_plugin/src/light_sensor_custom/src/LightSensor.cc:1[m[K:
[7.367s] [01m[K/usr/include/ignition/gazebo6/gz/sim/EntityComponentManager.hh:480:20:[m[K [01;36m[Knote: [m[Kcandidate: ‘[01m[Ktemplate<class ... ComponentTypeTs> void ignition::gazebo::v6::EntityComponentManager::Each(typename ignition::gazebo::v6::EntityComponentManager::identity<std::function<bool(const long unsigned int&, ComponentTypeTs* ...)> >::type)[m[K’
[7.367s]   480 |               void [01;36m[KEach[m[K(typename identity<std::function<
[7.367s]       |                    [01;36m[K^~~~[m[K
[7.367s] [01m[K/usr/include/ignition/gazebo6/gz/sim/EntityComponentManager.hh:480:20:[m[K [01;36m[Knote: [m[K  template argument deduction/substitution failed:
[7.367s] [01m[K/home/paolo/light_sensor_plugin/src/light_sensor_custom/src/LightSensor.cc:22:62:[m[K [01;31m[Kerror: [m[Ktemplate argument 1 is invalid
[7.367s]    22 |                 [01;31m[K_ecm.Each<ignition::gazebo::Light::Intensity>([m[K
[7.367s]       |                 [01;31m[K~~~~~~~~~~~~~~~~~~~~~~~~~~~~~~~~~~~~~~~~~~~~~^[m[K
[7.367s]    23 | [01;31m[K                        [&](const ignition::gazebo::components::Pose *_pose) -> bool[m[K
[7.367s]       |                         [01;31m[K~~~~~~~~~~~~~~~~~~~~~~~~~~~~~~~~~~~~~~~~~~~~~~~~~~~~~~~~~~~~[m[K
[7.367s]    24 | [01;31m[K                {[m[K
[7.367s]       |                 [01;31m[K~[m[K                                             
[7.367s]    25 | [01;31m[K                        ignition::math::Pose3d light_pose = _pose->Data();[m[K
[7.367s]       |                         [01;31m[K~~~~~~~~~~~~~~~~~~~~~~~~~~~~~~~~~~~~~~~~~~~~~~~~~~[m[K
[7.367s]    26 | [01;31m[K                        lightSourcesPoses.push_back(light_pose);[m[K
[7.367s]       |                         [01;31m[K~~~~~~~~~~~~~~~~~~~~~~~~~~~~~~~~~~~~~~~~[m[K
[7.367s]    27 | 
[7.368s]       |                                                               
[7.368s]    28 | [01;31m[K                })[m[K;
[7.368s]       |                 [01;31m[K~~[m[K                                            
[7.368s] [01m[K/home/paolo/light_sensor_plugin/src/light_sensor_custom/src/LightSensor.cc:[m[K In member function ‘[01m[Kvirtual void custom_light_sensor::LightSensor::PostUpdate(const ignition::gazebo::v6::UpdateInfo&, const ignition::gazebo::v6::EntityComponentManager&)[m[K’:
[7.368s] [01m[K/home/paolo/light_sensor_plugin/src/light_sensor_custom/src/LightSensor.cc:72:68:[m[K [01;31m[Kerror: [m[K‘[01m[Kclass custom_light_sensor::LightSensor[m[K’ has no member named ‘[01m[Kentity[m[K’
[7.368s]    72 |                                 ignition::gazebo::scopedName(this->[01;31m[Kentity[m[K, _ecm, "::", false), "::");
[7.368s]       |                                                                    [01;31m[K^~~~~~[m[K
[7.368s] [01m[K/home/paolo/light_sensor_plugin/src/light_sensor_custom/src/LightSensor.cc:[m[K At global scope:
[7.368s] [01m[K/home/paolo/light_sensor_plugin/src/light_sensor_custom/src/LightSensor.cc:85:40:[m[K [01;31m[Kerror: [m[Kexpected constructor, destructor, or type conversion at end of input
[7.368s]    85 |         LightSensor::ISystemPostUpdate)
[7.368s]       |                                        [01;31m[K^[m[K
[10.833s] gmake[2]: *** [CMakeFiles/LightSensor.dir/build.make:76: CMakeFiles/LightSensor.dir/src/LightSensor.cc.o] Error 1
[10.833s] gmake[1]: *** [CMakeFiles/Makefile2:137: CMakeFiles/LightSensor.dir/all] Error 2
[10.834s] gmake: *** [Makefile:146: all] Error 2
[10.836s] Invoked command in '/home/paolo/light_sensor_plugin/build/light_sensor' returned '2': CMAKE_PREFIX_PATH=${CMAKE_PREFIX_PATH}:/home/paolo/turtlebot4_controller_ws/install/turtlebot4_controller:/opt/ros/humble /usr/bin/cmake --build /home/paolo/light_sensor_plugin/build/light_sensor -- -j8 -l8
