[0.104s] Invoking command in '/home/paolo/light_sensor_plugin/build/light_sensor': CMAKE_PREFIX_PATH=${CMAKE_PREFIX_PATH}:/home/paolo/turtlebot4_controller_ws/install/turtlebot4_controller:/opt/ros/humble /usr/bin/cmake --build /home/paolo/light_sensor_plugin/build/light_sensor -- -j8 -l8
[0.170s] [ 50%] [32mBuilding CXX object CMakeFiles/LightSensor.dir/src/LightSensor.cc.o[0m
[17.373s] [100%] [32m[1mLinking CXX shared library libLightSensor.so[0m
[18.378s] [100%] Built target LightSensor
[18.391s] Invoked command in '/home/paolo/light_sensor_plugin/build/light_sensor' returned '0': CMAKE_PREFIX_PATH=${CMAKE_PREFIX_PATH}:/home/paolo/turtlebot4_controller_ws/install/turtlebot4_controller:/opt/ros/humble /usr/bin/cmake --build /home/paolo/light_sensor_plugin/build/light_sensor -- -j8 -l8
[18.435s] Invoking command in '/home/paolo/light_sensor_plugin/build/light_sensor': CMAKE_PREFIX_PATH=${CMAKE_PREFIX_PATH}:/home/paolo/turtlebot4_controller_ws/install/turtlebot4_controller:/opt/ros/humble /usr/bin/cmake --install /home/paolo/light_sensor_plugin/build/light_sensor
[18.443s] -- Install configuration: ""
[18.443s] -- Up-to-date: /home/paolo/light_sensor_plugin/install/share/light_sensor/environment/resource_paths.dsv
[18.443s] -- Up-to-date: /home/paolo/light_sensor_plugin/install/share/light_sensor/environment/resource_paths.sh
[18.443s] -- Installing: /home/paolo/light_sensor_plugin/install/lib/libLightSensor.so
[18.457s] -- Up-to-date: /home/paolo/light_sensor_plugin/install/share/light_sensor/model
[18.458s] -- Up-to-date: /home/paolo/light_sensor_plugin/install/share/light_sensor/model/model.sdf
[18.459s] -- Up-to-date: /home/paolo/light_sensor_plugin/install/share/ament_index/resource_index/package_run_dependencies/light_sensor
[18.459s] -- Up-to-date: /home/paolo/light_sensor_plugin/install/share/ament_index/resource_index/parent_prefix_path/light_sensor
[18.459s] -- Up-to-date: /home/paolo/light_sensor_plugin/install/share/light_sensor/environment/ament_prefix_path.sh
[18.459s] -- Up-to-date: /home/paolo/light_sensor_plugin/install/share/light_sensor/environment/ament_prefix_path.dsv
[18.459s] -- Up-to-date: /home/paolo/light_sensor_plugin/install/share/light_sensor/environment/path.sh
[18.459s] -- Up-to-date: /home/paolo/light_sensor_plugin/install/share/light_sensor/environment/path.dsv
[18.460s] -- Up-to-date: /home/paolo/light_sensor_plugin/install/share/light_sensor/local_setup.bash
[18.460s] -- Up-to-date: /home/paolo/light_sensor_plugin/install/share/light_sensor/local_setup.sh
[18.460s] -- Up-to-date: /home/paolo/light_sensor_plugin/install/share/light_sensor/local_setup.zsh
[18.460s] -- Up-to-date: /home/paolo/light_sensor_plugin/install/share/light_sensor/local_setup.dsv
[18.460s] -- Installing: /home/paolo/light_sensor_plugin/install/share/light_sensor/package.dsv
[18.460s] -- Up-to-date: /home/paolo/light_sensor_plugin/install/share/ament_index/resource_index/packages/light_sensor
[18.460s] -- Up-to-date: /home/paolo/light_sensor_plugin/install/share/light_sensor/cmake/light_sensorConfig.cmake
[18.460s] -- Up-to-date: /home/paolo/light_sensor_plugin/install/share/light_sensor/cmake/light_sensorConfig-version.cmake
[18.460s] -- Up-to-date: /home/paolo/light_sensor_plugin/install/share/light_sensor/package.xml
[18.462s] Invoked command in '/home/paolo/light_sensor_plugin/build/light_sensor' returned '0': CMAKE_PREFIX_PATH=${CMAKE_PREFIX_PATH}:/home/paolo/turtlebot4_controller_ws/install/turtlebot4_controller:/opt/ros/humble /usr/bin/cmake --install /home/paolo/light_sensor_plugin/build/light_sensor
