[0.111s] Invoking command in '/home/paolo/light_sensor_plugin/build/light_sensor': CMAKE_PREFIX_PATH=${CMAKE_PREFIX_PATH}:/home/paolo/turtlebot4_controller_ws/install/turtlebot4_controller:/opt/ros/humble /usr/bin/cmake --build /home/paolo/light_sensor_plugin/build/light_sensor -- -j8 -l8
[0.162s] [35m[1mConsolidate compiler generated dependencies of target LightSensor[0m
[0.193s] [ 50%] [32mBuilding CXX object CMakeFiles/LightSensor.dir/src/LightSensor.cc.o[0m
[6.750s] [01m[K/home/paolo/light_sensor_plugin/src/light_sensor_custom/src/LightSensor.cc:[m[K In member function ‘[01m[Kvirtual void custom_light_sensor::LightSensor::Configure(const Entity&, const std::shared_ptr<const sdf::v12::Element>&, ignition::gazebo::v6::EntityComponentManager&, ignition::gazebo::v6::EventManager&)[m[K’:
[6.750s] [01m[K/home/paolo/light_sensor_plugin/src/light_sensor_custom/src/LightSensor.cc:35:22:[m[K [01;31m[Kerror: [m[Kparse error in template argument list
[6.750s]    35 |                 _ecm.[01;31m[KEach<ignition::gazebo::components::Light.name(),[m[K
[6.750s]       |                      [01;31m[K^~~~~~~~~~~~~~~~~~~~~~~~~~~~~~~~~~~~~~~~~~~~~~~~[m[K
[6.750s]    36 | [01;31m[K                                        ignition::gazebo::components::Pose>[m[K(
[6.751s]       |                                         [01;31m[K~~~~~~~~~~~~~~~~~~~~~~~~~~~~~~~~~~~[m[K
[6.751s] [01m[K/home/paolo/light_sensor_plugin/src/light_sensor_custom/src/LightSensor.cc:38:74:[m[K [01;31m[Kerror: [m[Kexpected ‘[01m[K,[m[K’ or ‘[01m[K...[m[K’ before ‘[01m[K.[m[K’ token
[6.751s]    38 |                                 const ignition::gazebo::components::Light[01;31m[K.[m[Kname() *,
[6.751s]       |                                                                          [01;31m[K^[m[K
[6.761s] [01m[K/home/paolo/light_sensor_plugin/src/light_sensor_custom/src/LightSensor.cc:[m[K In lambda function:
[6.761s] [01m[K/home/paolo/light_sensor_plugin/src/light_sensor_custom/src/LightSensor.cc:41:61:[m[K [01;31m[Kerror: [m[K‘[01m[K_pose[m[K’ was not declared in this scope
[6.761s]    41 |                         ignition::math::Pose3d light_pose = [01;31m[K_pose[m[K->Data();
[6.761s]       |                                                             [01;31m[K^~~~~[m[K
[6.761s] [01m[K/home/paolo/light_sensor_plugin/src/light_sensor_custom/src/LightSensor.cc:[m[K In member function ‘[01m[Kvirtual void custom_light_sensor::LightSensor::Configure(const Entity&, const std::shared_ptr<const sdf::v12::Element>&, ignition::gazebo::v6::EntityComponentManager&, ignition::gazebo::v6::EventManager&)[m[K’:
[6.761s] [01m[K/home/paolo/light_sensor_plugin/src/light_sensor_custom/src/LightSensor.cc:36:76:[m[K [01;31m[Kerror: [m[Kno matching function for call to ‘[01m[Kignition::gazebo::v6::EntityComponentManager::Each<<expression error>, ignition::gazebo::v6::components::Pose>(custom_light_sensor::LightSensor::Configure(const Entity&, const std::shared_ptr<const sdf::v12::Element>&, ignition::gazebo::v6::EntityComponentManager&, ignition::gazebo::v6::EventManager&)::<lambda(const Entity&, ignition::gazebo::v6::components::Light)>)[m[K’
[6.761s]    35 |                 [01;31m[K_ecm.Each<ignition::gazebo::components::Light.name(),[m[K
[6.761s]       |                 [01;31m[K~~~~~~~~~~~~~~~~~~~~~~~~~~~~~~~~~~~~~~~~~~~~~~~~~~~~~[m[K       
[6.761s]    36 | [01;31m[K                                        ignition::gazebo::components::Pose>([m[K
[6.761s]       |                                         [01;31m[K~~~~~~~~~~~~~~~~~~~~~~~~~~~~~~~~~~~^[m[K
[6.761s]    37 | [01;31m[K                        [&](const ignition::gazebo::Entity &_entity,[m[K
[6.762s]       |                         [01;31m[K~~~~~~~~~~~~~~~~~~~~~~~~~~~~~~~~~~~~~~~~~~~~[m[K        
[6.762s]    38 | [01;31m[K                                const ignition::gazebo::components::Light.name() *,[m[K
[6.762s]       |                                 [01;31m[K~~~~~~~~~~~~~~~~~~~~~~~~~~~~~~~~~~~~~~~~~~~~~~~~~~~[m[K
[6.762s]    39 | [01;31m[K                                const ignition::gazebo::components::Pose *_pose) -> bool[m[K
[6.762s]       |                                 [01;31m[K~~~~~~~~~~~~~~~~~~~~~~~~~~~~~~~~~~~~~~~~~~~~~~~~~~~~~~~~[m[K
[6.762s]    40 | [01;31m[K                {[m[K
[6.762s]       |                 [01;31m[K~[m[K                                                           
[6.762s]    41 | [01;31m[K                        ignition::math::Pose3d light_pose = _pose->Data();[m[K
[6.762s]       |                         [01;31m[K~~~~~~~~~~~~~~~~~~~~~~~~~~~~~~~~~~~~~~~~~~~~~~~~~~[m[K  
[6.762s]    42 | [01;31m[K                        lightPoses.push_back(light_pose);[m[K
[6.762s]       |                         [01;31m[K~~~~~~~~~~~~~~~~~~~~~~~~~~~~~~~~~[m[K                   
[6.762s]    43 | 
[6.762s]       |                                                                             
[6.762s]    44 | [01;31m[K                        return true;[m[K
[6.762s]       |                         [01;31m[K~~~~~~~~~~~~[m[K                                        
[6.762s]    45 | 
[6.762s]       |                                                                             
[6.763s]    46 | [01;31m[K                })[m[K;
[6.763s]       |                 [01;31m[K~~[m[K                                                          
[6.763s] In file included from [01m[K/usr/include/ignition/gazebo6/gz/sim/Light.hh:33[m[K,
[6.763s]                  from [01m[K/usr/include/ignition/gazebo6/ignition/gazebo/Light.hh:18[m[K,
[6.763s]                  from [01m[K/home/paolo/light_sensor_plugin/src/light_sensor_custom/src/LightSensor.cc:1[m[K:
[6.763s] [01m[K/usr/include/ignition/gazebo6/gz/sim/EntityComponentManager.hh:463:20:[m[K [01;36m[Knote: [m[Kcandidate: ‘[01m[Ktemplate<class ... ComponentTypeTs> void ignition::gazebo::v6::EntityComponentManager::Each(typename ignition::gazebo::v6::EntityComponentManager::identity<std::function<bool(const long unsigned int&, const ComponentTypeTs* ...)> >::type) const[m[K’
[6.763s]   463 |               void [01;36m[KEach[m[K(typename identity<std::function<
[6.763s]       |                    [01;36m[K^~~~[m[K
[6.763s] [01m[K/usr/include/ignition/gazebo6/gz/sim/EntityComponentManager.hh:463:20:[m[K [01;36m[Knote: [m[K  template argument deduction/substitution failed:
[6.763s] [01m[K/home/paolo/light_sensor_plugin/src/light_sensor_custom/src/LightSensor.cc:36:76:[m[K [01;31m[Kerror: [m[Ktemplate argument 1 is invalid
[6.763s]    35 |                 [01;31m[K_ecm.Each<ignition::gazebo::components::Light.name(),[m[K
[6.763s]       |                 [01;31m[K~~~~~~~~~~~~~~~~~~~~~~~~~~~~~~~~~~~~~~~~~~~~~~~~~~~~~[m[K       
[6.763s]    36 | [01;31m[K                                        ignition::gazebo::components::Pose>([m[K
[6.763s]       |                                         [01;31m[K~~~~~~~~~~~~~~~~~~~~~~~~~~~~~~~~~~~^[m[K
[6.763s]    37 | [01;31m[K                        [&](const ignition::gazebo::Entity &_entity,[m[K
[6.763s]       |                         [01;31m[K~~~~~~~~~~~~~~~~~~~~~~~~~~~~~~~~~~~~~~~~~~~~[m[K        
[6.764s]    38 | [01;31m[K                                const ignition::gazebo::components::Light.name() *,[m[K
[6.764s]       |                                 [01;31m[K~~~~~~~~~~~~~~~~~~~~~~~~~~~~~~~~~~~~~~~~~~~~~~~~~~~[m[K
[6.764s]    39 | [01;31m[K                                const ignition::gazebo::components::Pose *_pose) -> bool[m[K
[6.764s]       |                                 [01;31m[K~~~~~~~~~~~~~~~~~~~~~~~~~~~~~~~~~~~~~~~~~~~~~~~~~~~~~~~~[m[K
[6.764s]    40 | [01;31m[K                {[m[K
[6.764s]       |                 [01;31m[K~[m[K                                                           
[6.764s]    41 | [01;31m[K                        ignition::math::Pose3d light_pose = _pose->Data();[m[K
[6.764s]       |                         [01;31m[K~~~~~~~~~~~~~~~~~~~~~~~~~~~~~~~~~~~~~~~~~~~~~~~~~~[m[K  
[6.764s]    42 | [01;31m[K                        lightPoses.push_back(light_pose);[m[K
[6.764s]       |                         [01;31m[K~~~~~~~~~~~~~~~~~~~~~~~~~~~~~~~~~[m[K                   
[6.764s]    43 | 
[6.764s]       |                                                                             
[6.764s]    44 | [01;31m[K                        return true;[m[K
[6.764s]       |                         [01;31m[K~~~~~~~~~~~~[m[K                                        
[6.764s]    45 | 
[6.764s]       |                                                                             
[6.764s]    46 | [01;31m[K                })[m[K;
[6.765s]       |                 [01;31m[K~~[m[K                                                          
[6.765s] In file included from [01m[K/usr/include/ignition/gazebo6/gz/sim/Light.hh:33[m[K,
[6.765s]                  from [01m[K/usr/include/ignition/gazebo6/ignition/gazebo/Light.hh:18[m[K,
[6.765s]                  from [01m[K/home/paolo/light_sensor_plugin/src/light_sensor_custom/src/LightSensor.cc:1[m[K:
[6.765s] [01m[K/usr/include/ignition/gazebo6/gz/sim/EntityComponentManager.hh:480:20:[m[K [01;36m[Knote: [m[Kcandidate: ‘[01m[Ktemplate<class ... ComponentTypeTs> void ignition::gazebo::v6::EntityComponentManager::Each(typename ignition::gazebo::v6::EntityComponentManager::identity<std::function<bool(const long unsigned int&, ComponentTypeTs* ...)> >::type)[m[K’
[6.765s]   480 |               void [01;36m[KEach[m[K(typename identity<std::function<
[6.765s]       |                    [01;36m[K^~~~[m[K
[6.765s] [01m[K/usr/include/ignition/gazebo6/gz/sim/EntityComponentManager.hh:480:20:[m[K [01;36m[Knote: [m[K  template argument deduction/substitution failed:
[6.765s] [01m[K/home/paolo/light_sensor_plugin/src/light_sensor_custom/src/LightSensor.cc:36:76:[m[K [01;31m[Kerror: [m[Ktemplate argument 1 is invalid
[6.765s]    35 |                 [01;31m[K_ecm.Each<ignition::gazebo::components::Light.name(),[m[K
[6.765s]       |                 [01;31m[K~~~~~~~~~~~~~~~~~~~~~~~~~~~~~~~~~~~~~~~~~~~~~~~~~~~~~[m[K       
[6.765s]    36 | [01;31m[K                                        ignition::gazebo::components::Pose>([m[K
[6.765s]       |                                         [01;31m[K~~~~~~~~~~~~~~~~~~~~~~~~~~~~~~~~~~~^[m[K
[6.765s]    37 | [01;31m[K                        [&](const ignition::gazebo::Entity &_entity,[m[K
[6.765s]       |                         [01;31m[K~~~~~~~~~~~~~~~~~~~~~~~~~~~~~~~~~~~~~~~~~~~~[m[K        
[6.765s]    38 | [01;31m[K                                const ignition::gazebo::components::Light.name() *,[m[K
[6.765s]       |                                 [01;31m[K~~~~~~~~~~~~~~~~~~~~~~~~~~~~~~~~~~~~~~~~~~~~~~~~~~~[m[K
[6.765s]    39 | [01;31m[K                                const ignition::gazebo::components::Pose *_pose) -> bool[m[K
[6.766s]       |                                 [01;31m[K~~~~~~~~~~~~~~~~~~~~~~~~~~~~~~~~~~~~~~~~~~~~~~~~~~~~~~~~[m[K
[6.766s]    40 | [01;31m[K                {[m[K
[6.766s]       |                 [01;31m[K~[m[K                                                           
[6.766s]    41 | [01;31m[K                        ignition::math::Pose3d light_pose = _pose->Data();[m[K
[6.766s]       |                         [01;31m[K~~~~~~~~~~~~~~~~~~~~~~~~~~~~~~~~~~~~~~~~~~~~~~~~~~[m[K  
[6.766s]    42 | [01;31m[K                        lightPoses.push_back(light_pose);[m[K
[6.766s]       |                         [01;31m[K~~~~~~~~~~~~~~~~~~~~~~~~~~~~~~~~~[m[K                   
[6.766s]    43 | 
[6.766s]       |                                                                             
[6.766s]    44 | [01;31m[K                        return true;[m[K
[6.766s]       |                         [01;31m[K~~~~~~~~~~~~[m[K                                        
[6.766s]    45 | 
[6.766s]       |                                                                             
[6.766s]    46 | [01;31m[K                })[m[K;
[6.766s]       |                 [01;31m[K~~[m[K                                                          
[10.133s] gmake[2]: *** [CMakeFiles/LightSensor.dir/build.make:76: CMakeFiles/LightSensor.dir/src/LightSensor.cc.o] Error 1
[10.133s] gmake[1]: *** [CMakeFiles/Makefile2:137: CMakeFiles/LightSensor.dir/all] Error 2
[10.134s] gmake: *** [Makefile:146: all] Error 2
[10.136s] Invoked command in '/home/paolo/light_sensor_plugin/build/light_sensor' returned '2': CMAKE_PREFIX_PATH=${CMAKE_PREFIX_PATH}:/home/paolo/turtlebot4_controller_ws/install/turtlebot4_controller:/opt/ros/humble /usr/bin/cmake --build /home/paolo/light_sensor_plugin/build/light_sensor -- -j8 -l8
