[0.113s] Invoking command in '/home/paolo/light_sensor_plugin/build/light_sensor': CMAKE_PREFIX_PATH=${CMAKE_PREFIX_PATH}:/home/paolo/turtlebot4_controller_ws/install/turtlebot4_controller:/opt/ros/humble /usr/bin/cmake --build /home/paolo/light_sensor_plugin/build/light_sensor -- -j8 -l8
[0.163s] [35m[1mConsolidate compiler generated dependencies of target LightSensor[0m
[0.195s] [ 50%] [32mBuilding CXX object CMakeFiles/LightSensor.dir/src/LightSensor.cc.o[0m
[17.190s] [100%] [32m[1mLinking CXX shared library libLightSensor.so[0m
[18.064s] [100%] Built target LightSensor
[18.076s] Invoked command in '/home/paolo/light_sensor_plugin/build/light_sensor' returned '0': CMAKE_PREFIX_PATH=${CMAKE_PREFIX_PATH}:/home/paolo/turtlebot4_controller_ws/install/turtlebot4_controller:/opt/ros/humble /usr/bin/cmake --build /home/paolo/light_sensor_plugin/build/light_sensor -- -j8 -l8
[18.119s] Invoking command in '/home/paolo/light_sensor_plugin/build/light_sensor': CMAKE_PREFIX_PATH=${CMAKE_PREFIX_PATH}:/home/paolo/turtlebot4_controller_ws/install/turtlebot4_controller:/opt/ros/humble /usr/bin/cmake --install /home/paolo/light_sensor_plugin/build/light_sensor
[18.129s] -- Install configuration: ""
[18.129s] -- Up-to-date: /home/paolo/light_sensor_plugin/install/share/light_sensor/environment/resource_paths.dsv
[18.129s] -- Up-to-date: /home/paolo/light_sensor_plugin/install/share/light_sensor/environment/resource_paths.sh
[18.129s] -- Installing: /home/paolo/light_sensor_plugin/install/lib/libLightSensor.so
[18.144s] -- Up-to-date: /home/paolo/light_sensor_plugin/install/share/light_sensor/model
[18.145s] -- Up-to-date: /home/paolo/light_sensor_plugin/install/share/light_sensor/model/model.sdf
[18.145s] -- Up-to-date: /home/paolo/light_sensor_plugin/install/share/ament_index/resource_index/package_run_dependencies/light_sensor
[18.145s] -- Up-to-date: /home/paolo/light_sensor_plugin/install/share/ament_index/resource_index/parent_prefix_path/light_sensor
[18.145s] -- Up-to-date: /home/paolo/light_sensor_plugin/install/share/light_sensor/environment/ament_prefix_path.sh
[18.145s] -- Up-to-date: /home/paolo/light_sensor_plugin/install/share/light_sensor/environment/ament_prefix_path.dsv
[18.145s] -- Up-to-date: /home/paolo/light_sensor_plugin/install/share/light_sensor/environment/path.sh
[18.146s] -- Up-to-date: /home/paolo/light_sensor_plugin/install/share/light_sensor/environment/path.dsv
[18.146s] -- Up-to-date: /home/paolo/light_sensor_plugin/install/share/light_sensor/local_setup.bash
[18.146s] -- Up-to-date: /home/paolo/light_sensor_plugin/install/share/light_sensor/local_setup.sh
[18.146s] -- Up-to-date: /home/paolo/light_sensor_plugin/install/share/light_sensor/local_setup.zsh
[18.146s] -- Up-to-date: /home/paolo/light_sensor_plugin/install/share/light_sensor/local_setup.dsv
[18.146s] -- Installing: /home/paolo/light_sensor_plugin/install/share/light_sensor/package.dsv
[18.146s] -- Up-to-date: /home/paolo/light_sensor_plugin/install/share/ament_index/resource_index/packages/light_sensor
[18.147s] -- Up-to-date: /home/paolo/light_sensor_plugin/install/share/light_sensor/cmake/light_sensorConfig.cmake
[18.147s] -- Up-to-date: /home/paolo/light_sensor_plugin/install/share/light_sensor/cmake/light_sensorConfig-version.cmake
[18.147s] -- Up-to-date: /home/paolo/light_sensor_plugin/install/share/light_sensor/package.xml
[18.148s] Invoked command in '/home/paolo/light_sensor_plugin/build/light_sensor' returned '0': CMAKE_PREFIX_PATH=${CMAKE_PREFIX_PATH}:/home/paolo/turtlebot4_controller_ws/install/turtlebot4_controller:/opt/ros/humble /usr/bin/cmake --install /home/paolo/light_sensor_plugin/build/light_sensor
